== Starting run at Fri Jun 12 22:41:25 CEST 2026
== Job name: poisson-weak-scaling
== Job ID: 13009004
== Node list: aion-[0163-0165,0178,0182-0188,0190-0191,0193-0194,0196]
== Submit dir: /mnt/aiongpfs/users/jhale/performance-test-flags
== Number of tasks: 1024
srun: defined options
srun: -------------------- --------------------
srun: (null)              : aion-[0163-0165,0178,0182-0188,0190-0191,0193-0194,0196]
srun: cpu-bind            : socket
srun: cpus-per-task       : 2
srun: jobid               : 13009004
srun: job-name            : poisson-weak-scaling
srun: nodes               : 16
srun: ntasks              : 1024
srun: ntasks-per-node     : 64
srun: oom-kill-step       : 0
srun: tres-per-task       : cpu=2
srun: verbose             : 1
srun: -------------------- --------------------
srun: end of defined options
srun: jobid 13009004: nodes(16):`aion-[0163-0165,0178,0182-0188,0190-0191,0193-0194,0196]', cpu counts: 128(x16)
srun: Implicitly setting --exact, because -c/--cpus-per-task given.
srun: CpuBindType=sockets
srun: launching StepId=13009004.0 on host aion-0163, 64 tasks: [0-63]
srun: launching StepId=13009004.0 on host aion-0164, 64 tasks: [64-127]
srun: launching StepId=13009004.0 on host aion-0165, 64 tasks: [128-191]
srun: launching StepId=13009004.0 on host aion-0178, 64 tasks: [192-255]
srun: launching StepId=13009004.0 on host aion-0182, 64 tasks: [256-319]
srun: launching StepId=13009004.0 on host aion-0183, 64 tasks: [320-383]
srun: launching StepId=13009004.0 on host aion-0184, 64 tasks: [384-447]
srun: launching StepId=13009004.0 on host aion-0185, 64 tasks: [448-511]
srun: launching StepId=13009004.0 on host aion-0186, 64 tasks: [512-575]
srun: launching StepId=13009004.0 on host aion-0187, 64 tasks: [576-639]
srun: launching StepId=13009004.0 on host aion-0188, 64 tasks: [640-703]
srun: launching StepId=13009004.0 on host aion-0190, 64 tasks: [704-767]
srun: launching StepId=13009004.0 on host aion-0191, 64 tasks: [768-831]
srun: launching StepId=13009004.0 on host aion-0193, 64 tasks: [832-895]
srun: launching StepId=13009004.0 on host aion-0194, 64 tasks: [896-959]
srun: launching StepId=13009004.0 on host aion-0196, 64 tasks: [960-1023]
srun: topology/tree: init: topology tree plugin loaded
srun: Node aion-0182, 64 tasks started
srun: Node aion-0193, 64 tasks started
srun: Node aion-0164, 64 tasks started
srun: Node aion-0186, 64 tasks started
srun: Node aion-0196, 64 tasks started
srun: Node aion-0191, 64 tasks started
srun: Node aion-0163, 64 tasks started
srun: Node aion-0185, 64 tasks started
srun: Node aion-0183, 64 tasks started
srun: Node aion-0187, 64 tasks started
srun: Node aion-0194, 64 tasks started
srun: Node aion-0165, 64 tasks started
srun: Node aion-0184, 64 tasks started
srun: Node aion-0188, 64 tasks started
srun: Node aion-0190, 64 tasks started
srun: Node aion-0178, 64 tasks started
UnitCube (199x200x200) to be refined 2 times
----------------------------------------------------------------
Test problem summary
  dolfinx version: 0.11.0
  dolfinx hash:    
  ufl hash:        b0ecf558a831e95a689410a968d4dcb1188416f7
  petsc version:   PETSc Release Version 3.25.2, Jun 01, 2026
  Problem type:    poisson
  Scaling type:    weak
  Num processes:   1024
  Num cells:       3056640000 (3.06 billion)
  Total degrees of freedom:               511355997 (511 million)
  Average degrees of freedom per process: 499371
----------------------------------------------------------------
KSP Object: 1024 MPI processes
  type: cg
  maximum iterations=10000, initial guess is zero
  tolerances: relative=1e-08, absolute=1e-50, divergence=10000.
  left preconditioning
  using PRECONDITIONED norm type for convergence test
PC Object: 1024 MPI processes
  type: hypre
    HYPRE BoomerAMG preconditioning
      Cycle type V
      Maximum number of levels 25
      Maximum number of iterations PER hypre call 1
      Convergence tolerance PER hypre call 0.
      Threshold for strong coupling 0.7
      Interpolation truncation factor 0.
      Interpolation: max elements per row 0
      Number of levels of aggressive coarsening 4
      Number of paths for aggressive coarsening 2
      Maximum row sums 0.9
      Sweeps down         1
      Sweeps up           1
      Sweeps on coarse    1
      Relax down          symmetric-SOR/Jacobi
      Relax up            symmetric-SOR/Jacobi
      Relax on coarse     Gaussian-elimination
      Relax weight  (all)      1.
      Outer relax weight (all) 1.
      Maximum size of coarsest grid 9
      Minimum size of coarsest grid 1
      Using CF-relaxation
      Not using more complex smoothers.
      Measure type        local
      Coarsen type        Falgout
      Interpolation type  classical
      SpGEMM type         hypre
  linear system matrix, which is also used to construct the preconditioner:
  Mat Object: 1024 MPI processes
    type: mpiaij
    rows=511355997, cols=511355997
    total: nonzeros=7655002389, allocated nonzeros=7655002389
    total number of mallocs used during MatSetValues calls=0
      not using I-node (on process 0) routines

[MPI_MAX] Summary of timings (s)                                            |  reps        avg        tot
---------------------------------------------------------------------------------------------------------
Build BoxMesh (tetrahedra)                                                  |     1   0.753171   0.753171
Compute connectivity 1-0                                                    |     2   0.011497   0.022994
Compute connectivity 2-0                                                    |     3   0.157550   0.472651
Compute entities by key matching: number entities                           |     5   0.512001   2.560004
Compute entities of dim = 1                                                 |     2   1.018149   2.036297
Compute entities of dim = 2                                                 |     3   2.553151   7.659452
Compute ghost indices                                                       |     3   0.209678   0.629034
Compute graph partition (ParMETIS)                                          |     3   3.656276  10.968829
Compute local part of mesh dual graph (mixed)                               |     6   1.177218   7.063306
Compute local-to-local map                                                  |     3   0.031026   0.093077
Compute non-local part of mesh dual graph                                   |     3   0.482838   1.448515
Compute-local-to-global links for global/local adjacency list               |     3   0.023751   0.071252
Distribute fixed-degree adjacency list to destination ranks                 |     3   0.558473   1.675420
Distribute row-wise data (scalable)                                         |     3   0.077373   0.232119
Dofmap builder: build dofmap data                                           |     4   0.211177   0.844706
Dofmap builder: compute dof reordering map                                  |     4   0.008490   0.033961
Dofmap builder: get dofmap global indices                                   |     4   0.115382   0.461528
Dofmap builder: init dofmap from element dofmap                             |     4   0.075635   0.302541
Extend graph destination ranks for halo                                     |     2   1.700317   3.400634
GPS: create_level_structure                                                 |    15   0.074320   1.491123
Gibbs-Poole-Stockmeyer ordering                                             |     3   0.625666   1.876998
Init MPI                                                                    |     1   6.482809   6.482809
Init PETSc                                                                  |     1   0.017433   0.017433
Init logging                                                                |     1   0.000037   0.000037
PETSc Krylov solver                                                         |     1  11.358804  11.358804
PLAZA: Enforce rules                                                        |     2   0.071888   0.143777
PLAZA: refine                                                               |     2   1.495795   2.991591
ParMETIS: call ParMETIS_V3_PartKway                                         |     3   2.474108   7.422323
SparsityPattern::finalize                                                   |     1   1.476360   1.476360
Threaded part                                                               |     5   0.131841   0.659205
Topology: 0                                                                 |     3   0.000012   0.000037
Topology: 1                                                                 |     3   0.871714   2.615143
Topology: 2                                                                 |     3   0.004454   0.013363
Topology: 3                                                                 |     3   0.354940   1.064819
Topology: 4                                                                 |     3   0.277933   0.833798
Topology: 5                                                                 |     3   0.008281   0.024843
Topology: 6                                                                 |     3   0.054491   0.163473
Topology: 7                                                                 |     3   0.371970   1.115910
Topology: create                                                            |     3   1.848451   5.545353
Topology: determine shared index ownership                                  |     3   0.776042   2.328125
Topology: determine vertex ownership groups (owned, undetermined, unowned)  |     3   0.182665   0.547994
ZZZ Assemble                                                                |     1   5.727631   5.727631
ZZZ Assemble matrix                                                         |     1   2.362836   2.362836
ZZZ Assemble vector                                                         |     1   0.360911   0.360911
ZZZ Create Mesh                                                             |     1  31.892437  31.892437
ZZZ Create RHS function                                                     |     1   1.152898   1.152898
ZZZ Create boundary conditions                                              |     1   0.099749   0.099749
ZZZ Create facets and facet->cell connectivity                              |     1   6.487826   6.487826
ZZZ FunctionSpace                                                           |     1   0.404759   0.404759
ZZZ Solve                                                                   |     1  11.414698  11.414698
[Apply lifting]                                                             |     1   0.037470   0.037470
[Assemble Matrix]                                                           |     2   1.052671   2.105342
*** Number of Krylov iterations: 22
*** Solution norm:  4811.17
****************************************************************************************************************************************************************
***                                WIDEN YOUR WINDOW TO 160 CHARACTERS.  Use 'enscript -r -fCourier9' to print this document                                 ***
****************************************************************************************************************************************************************

------------------------------------------------------------------ PETSc Performance Summary: ------------------------------------------------------------------

/mnt/aiongpfs/users/jhale/performance-test-flags/./build-dir/dolfinx-scaling-test on a  named aion-0163 with 1024 processes, by jhale on Fri Jun 12 22:42:33 2026
Using PETSc Release Version 3.25.2, Jun 01, 2026

                         Max       Max/Min     Avg       Total
Time (sec):           5.588e+01     1.000   5.587e+01
Objects:              0.000e+00     0.000   0.000e+00
Flops:                5.025e+08     1.421   4.912e+08  5.030e+11
Flops/sec:            8.995e+06     1.421   8.791e+06  9.002e+09
MPI Msg Count:        6.900e+02     5.750   4.037e+02  4.134e+05
MPI Msg Len (bytes):  2.598e+07     2.992   4.660e+04  1.926e+10
MPI Reductions:       1.150e+02     1.000

Flop counting convention: 1 flop = 1 real number operation of type (multiply/divide/add/subtract)
                            e.g., VecAXPY() for real vectors of length N --> 2N flops
                            and VecAXPY() for complex vectors of length N --> 8N flops

Summary of Stages:   ----- Time ------  ----- Flop ------  --- Messages ---  -- Message Lengths --  -- Reductions --
                        Avg     %Total     Avg     %Total    Count   %Total     Avg         %Total    Count   %Total
 0:      Main Stage: 5.5870e+01 100.0%  5.0295e+11 100.0%  4.134e+05 100.0%  4.660e+04      100.0%  9.700e+01  84.3%

------------------------------------------------------------------------------------------------------------------------
See the 'Profiling' chapter of the users' manual for details on interpreting output.
Phase summary info:
   Count: number of times phase was executed
   Time and Flop: Max - maximum over all processes
                  Ratio - ratio of maximum to minimum over all processes
   Mess: number of messages sent
   AvgLen: average message length (bytes)
   Reduct: number of global reductions
   Global: entire computation
   Stage: stages of a computation. Set stages with PetscLogStagePush() and PetscLogStagePop().
      %T - percent time in this phase         %F - percent flop in this phase
      %M - percent messages in this phase     %L - percent message lengths in this phase
      %R - percent reductions in this phase
   Total Mflop/s: 1e-6 * (sum of flop over all processes)/(max time over all processes)
------------------------------------------------------------------------------------------------------------------------
Event                Count      Time (sec)     Flop                              --- Global ---  --- Stage ----  Total
                   Max Ratio  Max     Ratio   Max  Ratio  Mess   AvgLen  Reduct  %T %F %M %L %R  %T %F %M %L %R Mflop/s
------------------------------------------------------------------------------------------------------------------------

--- Event Stage 0: Main Stage

BuildTwoSided          5 1.0 7.5198e-01 24.5 0.00e+00 0.0 5.5e+04 8.0e+00 5.0e+00  1  0 13  0  4   1  0 13  0  5     0
BuildTwoSidedF         2 1.0 7.4810e-01 13.0 0.00e+00 0.0 2.8e+04 2.1e+05 2.0e+00  1  0  7 30  2   1  0  7 30  2     0
MatMult               22 1.0 6.9038e-01 1.1 3.24e+08 1.4 3.0e+05 4.0e+04 0.0e+00  1 65 73 64  0   1 65 73 64  0 471578
MatConvert             1 1.0 6.0470e-01 1.1 0.00e+00 0.0 0.0e+00 0.0e+00 2.0e+00  1  0  0  0  2   1  0  0  0  2     0
MatAssemblyBegin       5 1.0 8.2040e-01 5.3 0.00e+00 0.0 2.8e+04 2.1e+05 2.0e+00  1  0  7 30  2   1  0  7 30  2     0
MatAssemblyEnd         5 1.0 3.8224e-01 1.6 1.77e+05 2.9 2.8e+04 2.0e+04 5.0e+00  0  0  7  3  4   0  0  7  3  5   348
MatGetRowIJ            4 1.0 1.8480e-05 6.9 0.00e+00 0.0 0.0e+00 0.0e+00 0.0e+00  0  0  0  0  0   0  0  0  0  0     0
MatView                1 1.0 6.4315e-04 5.5 0.00e+00 0.0 0.0e+00 0.0e+00 1.0e+00  0  0  0  0  1   0  0  0  0  1     0
MatSetPreallCOO        2 1.0 2.2930e-01 1.6 0.00e+00 0.0 0.0e+00 0.0e+00 0.0e+00  0  0  0  0  0   0  0  0  0  0     0
MatSetValuesCOO        2 1.0 9.3686e-02 1.6 0.00e+00 0.0 0.0e+00 0.0e+00 0.0e+00  0  0  0  0  0   0  0  0  0  0     0
VecTDot               46 1.0 1.1899e-01 2.6 4.73e+07 1.4 0.0e+00 0.0e+00 4.6e+01  0  9  0  0 40   0  9  0  0 47 395383
VecNorm               23 1.0 3.2174e-01 44.4 2.37e+07 1.4 0.0e+00 0.0e+00 2.3e+01  0  5  0  0 20   0  5  0  0 24 73109
VecCopy                2 1.0 4.6046e-03 1.9 0.00e+00 0.0 0.0e+00 0.0e+00 0.0e+00  0  0  0  0  0   0  0  0  0  0     0
VecSet                24 1.0 1.7938e-02 4.4 0.00e+00 0.0 0.0e+00 0.0e+00 0.0e+00  0  0  0  0  0   0  0  0  0  0     0
VecAXPY               44 1.0 9.5498e-02 2.1 4.52e+07 1.4 0.0e+00 0.0e+00 0.0e+00  0  9  0  0  0   0  9  0  0  0 471205
VecAYPX               21 1.0 2.9216e-02 2.3 2.16e+07 1.4 0.0e+00 0.0e+00 0.0e+00  0  4  0  0  0   0  4  0  0  0 735112
VecScatterBegin       22 1.0 1.9294e-02 3.6 0.00e+00 0.0 3.0e+05 4.0e+04 0.0e+00  0  0 73 64  0   0  0 73 64  0     0
VecScatterEnd         22 1.0 1.8721e-01 73.0 0.00e+00 0.0 0.0e+00 0.0e+00 0.0e+00  0  0  0  0  0   0  0  0  0  0     0
SFSetGraph             3 1.0 2.5850e-03 3.3 0.00e+00 0.0 0.0e+00 0.0e+00 0.0e+00  0  0  0  0  0   0  0  0  0  0     0
SFSetUp                3 1.0 2.9198e-02 1.9 0.00e+00 0.0 8.3e+04 1.5e+04 3.0e+00  0  0 20  6  3   0  0 20  6  3     0
SFPack                22 1.0 1.6359e-02 3.8 0.00e+00 0.0 0.0e+00 0.0e+00 0.0e+00  0  0  0  0  0   0  0  0  0  0     0
SFUnpack              22 1.0 2.2950e-05 9.6 0.00e+00 0.0 0.0e+00 0.0e+00 0.0e+00  0  0  0  0  0   0  0  0  0  0     0
KSPSetUp               1 1.0 4.6893e-03 6.4 0.00e+00 0.0 0.0e+00 0.0e+00 0.0e+00  0  0  0  0  0   0  0  0  0  0     0
KSPSolve               1 1.0 7.1546e+00 1.0 4.62e+08 1.4 3.0e+05 4.0e+04 6.9e+01 13 92 73 64 60  13 92 73 64 71 64660
PCSetUp                1 1.0 4.2025e+00 1.0 0.00e+00 0.0 0.0e+00 0.0e+00 2.0e+00  8  0  0  0  2   8  0  0  0  2     0
PCApply               23 1.0 6.2992e+00 1.1 0.00e+00 0.0 0.0e+00 0.0e+00 0.0e+00 11  0  0  0  0  11  0  0  0  0     0
------------------------------------------------------------------------------------------------------------------------

Object Type          Creations   Destructions. Reports information only for process 0.

--- Event Stage 0: Main Stage

           Container     2              2
              Matrix     7              7
           Index Set     6              6
   IS L to G Mapping     2              2
              Vector    12             12
   Star Forest Graph     3              3
       Krylov Solver     1              1
      Preconditioner     1              1
              Viewer     1              1
========================================================================================================================
Average time to get PetscTime(): 3.3e-08
Average time for MPI_Barrier(): 2.06562e-05
Average time for zero size MPI_Send(): 2.07226e-06
#PETSc Option Table entries:
--ndofs 500000 # (source: command line)
--problem_type poisson # (source: command line)
--scaling_type weak # (source: command line)
-ksp_rtol 1.0e-8 # (source: command line)
-ksp_type cg # (source: command line)
-ksp_view # (source: command line)
-log_view # (source: command line)
-options_left # (source: command line)
-pc_hypre_boomeramg_agg_nl 4 # (source: command line)
-pc_hypre_boomeramg_agg_num_paths 2 # (source: command line)
-pc_hypre_boomeramg_strong_threshold 0.7 # (source: command line)
-pc_hypre_type boomeramg # (source: command line)
-pc_type hypre # (source: command line)
#End of PETSc Option Table entries
Compiled without FORTRAN kernels
Compiled with 64-bit PetscInt
Compiled with full precision matrices (default)
sizeof(short) 2 sizeof(int) 4 sizeof(long) 8 sizeof(void*) 8 sizeof(PetscScalar) 8 sizeof(PetscInt) 8
Configure options: --prefix=/mnt/aiongpfs/users/jhale/spack/opt/spack/linux-zen2/petsc-3.25.2-lttaikioo7fpsoax4sew5jwvvj5wqzc2 --with-ssl=0 --download-c2html=0 --download-sowing=0 --download-hwloc=0 --with-make-exec=/mnt/aiongpfs/users/jhale/spack/opt/spack/linux-zen2/gmake-4.4.1-dy3lr4j3xz7ohrvmznvhy2cnv7qt5wue/bin/make CFLAGS="-O3 -march=native -mtune=native" COPTFLAGS= FFLAGS="-O3 -march=native -mtune=native" FOPTFLAGS= CXXFLAGS="-O3 -march=native -mtune=native" CXXOPTFLAGS= --with-cc=/opt/apps/easybuild/systems/aion/rhel810-20250803/2023b/epyc/software/OpenMPI/4.1.6-GCC-13.2.0/bin/mpicc --with-cxx=/opt/apps/easybuild/systems/aion/rhel810-20250803/2023b/epyc/software/OpenMPI/4.1.6-GCC-13.2.0/bin/mpic++ --with-fc=/opt/apps/easybuild/systems/aion/rhel810-20250803/2023b/epyc/software/OpenMPI/4.1.6-GCC-13.2.0/bin/mpif90 --with-fortran-bindings=0 --with-precision=double --with-scalar-type=real --with-shared-libraries=1 --with-debugging=0 --with-openmp=0 --with-64-bit-indices=1 --with-blaslapack-lib=/mnt/aiongpfs/users/jhale/spack/opt/spack/linux-zen2/openblas-0.3.29-5klil5x2yeczk2ulskuwosvogqbikjuf/lib/libopenblas.so --with-x=0 --with-sycl=0 --with-clanguage=C --with-cuda=0 --with-hip=0 --with-metis=0 --with-hypre=1 --with-hypre-include=/mnt/aiongpfs/users/jhale/spack/opt/spack/linux-zen2/hypre-3.1.0-umdbbxdhvhmsrhehcygxa6dj7qdxyj3h/include --with-hypre-lib=/mnt/aiongpfs/users/jhale/spack/opt/spack/linux-zen2/hypre-3.1.0-umdbbxdhvhmsrhehcygxa6dj7qdxyj3h/lib64/libHYPRE.so --with-parmetis=0 --with-kokkos=0 --with-kokkos-kernels=0 --with-superlu_dist=1 --with-superlu_dist-include=/mnt/aiongpfs/users/jhale/spack/opt/spack/linux-zen2/superlu-dist-9.2.1-nonyvz7ppfz24rp6szh3z6wm2cqyseqz/include --with-superlu_dist-lib=/mnt/aiongpfs/users/jhale/spack/opt/spack/linux-zen2/superlu-dist-9.2.1-nonyvz7ppfz24rp6szh3z6wm2cqyseqz/lib/libsuperlu_dist.so --with-ptscotch=0 --with-suitesparse=0 --with-hdf5=0 --with-zlib=0 --with-mumps=1 --with-mumps-include=/mnt/aiongpfs/users/jhale/spack/opt/spack/linux-zen2/mumps-5.9.0-c5uszlbk4oysjbgdl6u466woj63act32/include --with-mumps-lib="/mnt/aiongpfs/users/jhale/spack/opt/spack/linux-zen2/mumps-5.9.0-c5uszlbk4oysjbgdl6u466woj63act32/lib/libcmumps.so /mnt/aiongpfs/users/jhale/spack/opt/spack/linux-zen2/mumps-5.9.0-c5uszlbk4oysjbgdl6u466woj63act32/lib/libdmumps.so /mnt/aiongpfs/users/jhale/spack/opt/spack/linux-zen2/mumps-5.9.0-c5uszlbk4oysjbgdl6u466woj63act32/lib/libsmumps.so /mnt/aiongpfs/users/jhale/spack/opt/spack/linux-zen2/mumps-5.9.0-c5uszlbk4oysjbgdl6u466woj63act32/lib/libzmumps.so /mnt/aiongpfs/users/jhale/spack/opt/spack/linux-zen2/mumps-5.9.0-c5uszlbk4oysjbgdl6u466woj63act32/lib/libmumps_common.so /mnt/aiongpfs/users/jhale/spack/opt/spack/linux-zen2/mumps-5.9.0-c5uszlbk4oysjbgdl6u466woj63act32/lib/libpord.so" --with-fftw=0 --with-valgrind=0 --with-gmp=0 --with-libpng=0 --with-giflib=0 --with-mpfr=0 --with-netcdf=0 --with-pnetcdf=0 --with-moab=0 --with-random123=0 --with-cgns=0 --with-memkind=0 --with-p4est=0 --with-saws=0 --with-yaml=0 --with-hwloc=0 --with-libjpeg=0 --with-scalapack=1 --with-scalapack-lib=/mnt/aiongpfs/users/jhale/spack/opt/spack/linux-zen2/netlib-scalapack-2.2.3-qkioui5ffbcv7zmlyjhofw44jmgx32sc/lib64/libscalapack.so --with-strumpack=0 --with-mmg=0 --with-parmmg=0 --with-tetgen=0 --with-trilinos=0 --with-trilinos=0 --with-trilinos=0 --with-cudac=0 --with-hipc=0
-----------------------------------------
Libraries compiled on 2026-06-12 18:44:53 on aion-0085
Machine characteristics: Linux-4.18.0-553.129.1.el8_10.x86_64-x86_64-with-glibc2.28
Using PETSc directory: /mnt/aiongpfs/users/jhale/spack/opt/spack/linux-zen2/petsc-3.25.2-lttaikioo7fpsoax4sew5jwvvj5wqzc2
Using PETSc arch: 
-----------------------------------------

Using C compiler: /opt/apps/easybuild/systems/aion/rhel810-20250803/2023b/epyc/software/OpenMPI/4.1.6-GCC-13.2.0/bin/mpicc -O3 -march=native -mtune=native -fPIC 
Using Fortran compiler: /opt/apps/easybuild/systems/aion/rhel810-20250803/2023b/epyc/software/OpenMPI/4.1.6-GCC-13.2.0/bin/mpif90 -O3 -march=native -mtune=native -fPIC   
-----------------------------------------

Using include paths: -I/mnt/aiongpfs/users/jhale/spack/opt/spack/linux-zen2/petsc-3.25.2-lttaikioo7fpsoax4sew5jwvvj5wqzc2/include -I/mnt/aiongpfs/users/jhale/spack/opt/spack/linux-zen2/hypre-3.1.0-umdbbxdhvhmsrhehcygxa6dj7qdxyj3h/include -I/mnt/aiongpfs/users/jhale/spack/opt/spack/linux-zen2/mumps-5.9.0-c5uszlbk4oysjbgdl6u466woj63act32/include -I/mnt/aiongpfs/users/jhale/spack/opt/spack/linux-zen2/superlu-dist-9.2.1-nonyvz7ppfz24rp6szh3z6wm2cqyseqz/include
-----------------------------------------

Using C linker: /opt/apps/easybuild/systems/aion/rhel810-20250803/2023b/epyc/software/OpenMPI/4.1.6-GCC-13.2.0/bin/mpicc
Using Fortran linker: /opt/apps/easybuild/systems/aion/rhel810-20250803/2023b/epyc/software/OpenMPI/4.1.6-GCC-13.2.0/bin/mpif90
Using libraries: -Wl,-rpath,/mnt/aiongpfs/users/jhale/spack/opt/spack/linux-zen2/petsc-3.25.2-lttaikioo7fpsoax4sew5jwvvj5wqzc2/lib -L/mnt/aiongpfs/users/jhale/spack/opt/spack/linux-zen2/petsc-3.25.2-lttaikioo7fpsoax4sew5jwvvj5wqzc2/lib -lpetsc -Wl,-rpath,/mnt/aiongpfs/users/jhale/spack/opt/spack/linux-zen2/hypre-3.1.0-umdbbxdhvhmsrhehcygxa6dj7qdxyj3h/lib64 -L/mnt/aiongpfs/users/jhale/spack/opt/spack/linux-zen2/hypre-3.1.0-umdbbxdhvhmsrhehcygxa6dj7qdxyj3h/lib64 -Wl,-rpath,/mnt/aiongpfs/users/jhale/spack/opt/spack/linux-zen2/mumps-5.9.0-c5uszlbk4oysjbgdl6u466woj63act32/lib -L/mnt/aiongpfs/users/jhale/spack/opt/spack/linux-zen2/mumps-5.9.0-c5uszlbk4oysjbgdl6u466woj63act32/lib -Wl,-rpath,/mnt/aiongpfs/users/jhale/spack/opt/spack/linux-zen2/netlib-scalapack-2.2.3-qkioui5ffbcv7zmlyjhofw44jmgx32sc/lib64 -L/mnt/aiongpfs/users/jhale/spack/opt/spack/linux-zen2/netlib-scalapack-2.2.3-qkioui5ffbcv7zmlyjhofw44jmgx32sc/lib64 -Wl,-rpath,/mnt/aiongpfs/users/jhale/spack/opt/spack/linux-zen2/superlu-dist-9.2.1-nonyvz7ppfz24rp6szh3z6wm2cqyseqz/lib -L/mnt/aiongpfs/users/jhale/spack/opt/spack/linux-zen2/superlu-dist-9.2.1-nonyvz7ppfz24rp6szh3z6wm2cqyseqz/lib -Wl,-rpath,/mnt/aiongpfs/users/jhale/spack/opt/spack/linux-zen2/openblas-0.3.29-5klil5x2yeczk2ulskuwosvogqbikjuf/lib -L/mnt/aiongpfs/users/jhale/spack/opt/spack/linux-zen2/openblas-0.3.29-5klil5x2yeczk2ulskuwosvogqbikjuf/lib -Wl,-rpath,/opt/apps/easybuild/systems/aion/rhel810-20250803/2023b/epyc/software/OpenMPI/4.1.6-GCC-13.2.0/lib -L/opt/apps/easybuild/systems/aion/rhel810-20250803/2023b/epyc/software/OpenMPI/4.1.6-GCC-13.2.0/lib -Wl,-rpath,/opt/apps/easybuild/systems/aion/rhel810-20250803/2023b/epyc/software/hwloc/2.9.2-GCCcore-13.2.0/lib -L/opt/apps/easybuild/systems/aion/rhel810-20250803/2023b/epyc/software/hwloc/2.9.2-GCCcore-13.2.0/lib -Wl,-rpath,/opt/apps/easybuild/systems/aion/rhel810-20250803/2023b/epyc/software/libevent/2.1.12-GCCcore-13.2.0/lib -L/opt/apps/easybuild/systems/aion/rhel810-20250803/2023b/epyc/software/libevent/2.1.12-GCCcore-13.2.0/lib -Wl,-rpath,/mnt/aiongpfs/apps/easybuild/systems/aion/rhel810-20251006/2023b/epyc/software/GCCcore/13.2.0/lib/gcc/x86_64-pc-linux-gnu/13.2.0 -L/mnt/aiongpfs/apps/easybuild/systems/aion/rhel810-20251006/2023b/epyc/software/GCCcore/13.2.0/lib/gcc/x86_64-pc-linux-gnu/13.2.0 -Wl,-rpath,/mnt/aiongpfs/apps/easybuild/systems/aion/rhel810-20251006/2023b/epyc/software/GCCcore/13.2.0/lib/gcc -L/mnt/aiongpfs/apps/easybuild/systems/aion/rhel810-20251006/2023b/epyc/software/GCCcore/13.2.0/lib/gcc -Wl,-rpath,/opt/apps/easybuild/systems/aion/rhel810-20250803/2023b/epyc/software/binutils/2.40-GCCcore-13.2.0/lib64 -L/opt/apps/easybuild/systems/aion/rhel810-20250803/2023b/epyc/software/binutils/2.40-GCCcore-13.2.0/lib64 -Wl,-rpath,/opt/apps/easybuild/systems/aion/rhel810-20250803/2023b/epyc/software/OpenMPI/4.1.6-GCC-13.2.0/lib64 -L/opt/apps/easybuild/systems/aion/rhel810-20250803/2023b/epyc/software/OpenMPI/4.1.6-GCC-13.2.0/lib64 -Wl,-rpath,/opt/apps/easybuild/systems/aion/rhel810-20250803/2023b/epyc/software/UCC/1.2.0-GCCcore-13.2.0/lib64 -L/opt/apps/easybuild/systems/aion/rhel810-20250803/2023b/epyc/software/UCC/1.2.0-GCCcore-13.2.0/lib64 -Wl,-rpath,/opt/apps/easybuild/systems/aion/rhel810-20250803/2023b/epyc/software/PMIx/4.2.6-GCCcore-13.2.0/lib64 -L/opt/apps/easybuild/systems/aion/rhel810-20250803/2023b/epyc/software/PMIx/4.2.6-GCCcore-13.2.0/lib64 -Wl,-rpath,/opt/apps/easybuild/systems/aion/rhel810-20250803/2023b/epyc/software/libfabric/1.19.0-GCCcore-13.2.0/lib64 -L/opt/apps/easybuild/systems/aion/rhel810-20250803/2023b/epyc/software/libfabric/1.19.0-GCCcore-13.2.0/lib64 -Wl,-rpath,/opt/apps/easybuild/systems/aion/rhel810-20250803/2023b/epyc/software/UCX/1.15.0-GCCcore-13.2.0/lib64 -L/opt/apps/easybuild/systems/aion/rhel810-20250803/2023b/epyc/software/UCX/1.15.0-GCCcore-13.2.0/lib64 -Wl,-rpath,/opt/apps/easybuild/systems/aion/rhel810-20250803/2023b/epyc/software/libevent/2.1.12-GCCcore-13.2.0/lib64 -L/opt/apps/easybuild/systems/aion/rhel810-20250803/2023b/epyc/software/libevent/2.1.12-GCCcore-13.2.0/lib64 -Wl,-rpath,/opt/apps/easybuild/systems/aion/rhel810-20250803/2023b/epyc/software/OpenSSL/1.1/lib64 -L/opt/apps/easybuild/systems/aion/rhel810-20250803/2023b/epyc/software/OpenSSL/1.1/lib64 -Wl,-rpath,/opt/apps/easybuild/systems/aion/rhel810-20250803/2023b/epyc/software/hwloc/2.9.2-GCCcore-13.2.0/lib64 -L/opt/apps/easybuild/systems/aion/rhel810-20250803/2023b/epyc/software/hwloc/2.9.2-GCCcore-13.2.0/lib64 -Wl,-rpath,/opt/apps/easybuild/systems/aion/rhel810-20250803/2023b/epyc/software/libpciaccess/0.17-GCCcore-13.2.0/lib64 -L/opt/apps/easybuild/systems/aion/rhel810-20250803/2023b/epyc/software/libpciaccess/0.17-GCCcore-13.2.0/lib64 -Wl,-rpath,/opt/apps/easybuild/systems/aion/rhel810-20250803/2023b/epyc/software/numactl/2.0.16-GCCcore-13.2.0/lib64 -L/opt/apps/easybuild/systems/aion/rhel810-20250803/2023b/epyc/software/numactl/2.0.16-GCCcore-13.2.0/lib64 -Wl,-rpath,/opt/apps/easybuild/systems/aion/rhel810-20250803/2023b/epyc/software/zlib/1.2.13-GCCcore-13.2.0/lib64 -L/opt/apps/easybuild/systems/aion/rhel810-20250803/2023b/epyc/software/zlib/1.2.13-GCCcore-13.2.0/lib64 -Wl,-rpath,/opt/apps/easybuild/systems/aion/rhel810-20250803/2023b/epyc/software/libxml2/2.11.5-GCCcore-13.2.0/lib64 -L/opt/apps/easybuild/systems/aion/rhel810-20250803/2023b/epyc/software/libxml2/2.11.5-GCCcore-13.2.0/lib64 -Wl,-rpath,/opt/apps/easybuild/systems/aion/rhel810-20250803/2023b/epyc/software/XZ/5.4.4-GCCcore-13.2.0/lib64 -L/opt/apps/easybuild/systems/aion/rhel810-20250803/2023b/epyc/software/XZ/5.4.4-GCCcore-13.2.0/lib64 -Wl,-rpath,/opt/apps/easybuild/systems/aion/rhel810-20250803/2023b/epyc/software/GCCcore/13.2.0/lib64 -L/opt/apps/easybuild/systems/aion/rhel810-20250803/2023b/epyc/software/GCCcore/13.2.0/lib64 -Wl,-rpath,/mnt/aiongpfs/apps/easybuild/systems/aion/rhel810-20251006/2023b/epyc/software/GCCcore/13.2.0/lib64 -L/mnt/aiongpfs/apps/easybuild/systems/aion/rhel810-20251006/2023b/epyc/software/GCCcore/13.2.0/lib64 -Wl,-rpath,/opt/apps/easybuild/systems/aion/rhel810-20250803/2023b/epyc/software/binutils/2.40-GCCcore-13.2.0/lib -L/opt/apps/easybuild/systems/aion/rhel810-20250803/2023b/epyc/software/binutils/2.40-GCCcore-13.2.0/lib -Wl,-rpath,/opt/apps/easybuild/systems/aion/rhel810-20250803/2023b/epyc/software/UCC/1.2.0-GCCcore-13.2.0/lib -L/opt/apps/easybuild/systems/aion/rhel810-20250803/2023b/epyc/software/UCC/1.2.0-GCCcore-13.2.0/lib -Wl,-rpath,/opt/apps/easybuild/systems/aion/rhel810-20250803/2023b/epyc/software/PMIx/4.2.6-GCCcore-13.2.0/lib -L/opt/apps/easybuild/systems/aion/rhel810-20250803/2023b/epyc/software/PMIx/4.2.6-GCCcore-13.2.0/lib -Wl,-rpath,/opt/apps/easybuild/systems/aion/rhel810-20250803/2023b/epyc/software/libfabric/1.19.0-GCCcore-13.2.0/lib -L/opt/apps/easybuild/systems/aion/rhel810-20250803/2023b/epyc/software/libfabric/1.19.0-GCCcore-13.2.0/lib -Wl,-rpath,/opt/apps/easybuild/systems/aion/rhel810-20250803/2023b/epyc/software/UCX/1.15.0-GCCcore-13.2.0/lib -L/opt/apps/easybuild/systems/aion/rhel810-20250803/2023b/epyc/software/UCX/1.15.0-GCCcore-13.2.0/lib -Wl,-rpath,/opt/apps/easybuild/systems/aion/rhel810-20250803/2023b/epyc/software/libpciaccess/0.17-GCCcore-13.2.0/lib -L/opt/apps/easybuild/systems/aion/rhel810-20250803/2023b/epyc/software/libpciaccess/0.17-GCCcore-13.2.0/lib -Wl,-rpath,/opt/apps/easybuild/systems/aion/rhel810-20250803/2023b/epyc/software/numactl/2.0.16-GCCcore-13.2.0/lib -L/opt/apps/easybuild/systems/aion/rhel810-20250803/2023b/epyc/software/numactl/2.0.16-GCCcore-13.2.0/lib -Wl,-rpath,/opt/apps/easybuild/systems/aion/rhel810-20250803/2023b/epyc/software/zlib/1.2.13-GCCcore-13.2.0/lib -L/opt/apps/easybuild/systems/aion/rhel810-20250803/2023b/epyc/software/zlib/1.2.13-GCCcore-13.2.0/lib -Wl,-rpath,/opt/apps/easybuild/systems/aion/rhel810-20250803/2023b/epyc/software/libxml2/2.11.5-GCCcore-13.2.0/lib -L/opt/apps/easybuild/systems/aion/rhel810-20250803/2023b/epyc/software/libxml2/2.11.5-GCCcore-13.2.0/lib -Wl,-rpath,/opt/apps/easybuild/systems/aion/rhel810-20250803/2023b/epyc/software/XZ/5.4.4-GCCcore-13.2.0/lib -L/opt/apps/easybuild/systems/aion/rhel810-20250803/2023b/epyc/software/XZ/5.4.4-GCCcore-13.2.0/lib -Wl,-rpath,/opt/apps/easybuild/systems/aion/rhel810-20250803/2023b/epyc/software/GCCcore/13.2.0/lib -L/opt/apps/easybuild/systems/aion/rhel810-20250803/2023b/epyc/software/GCCcore/13.2.0/lib -Wl,-rpath,/mnt/aiongpfs/apps/easybuild/systems/aion/rhel810-20251006/2023b/epyc/software/GCCcore/13.2.0/lib -L/mnt/aiongpfs/apps/easybuild/systems/aion/rhel810-20251006/2023b/epyc/software/GCCcore/13.2.0/lib -lHYPRE -lcmumps -ldmumps -lsmumps -lzmumps -lmumps_common -lpord -lscalapack -lsuperlu_dist -lopenblas -lpthread -lm -ldl -lmpi_usempif08 -lmpi_usempi_ignore_tkr -lmpi_mpifh -lmpi -lgfortran -lm -lgfortran -lm -lgcc_s -lquadmath -lstdc++ -lquadmath -ldl
-----------------------------------------

WARNING! There are options you set that were not used!
WARNING! could be spelling mistake, etc!
There are 3 unused database options. They are:
Option left: name:--ndofs value: 500000 source: command line
Option left: name:--problem_type value: poisson source: command line
Option left: name:--scaling_type value: weak source: command line
srun: Received task exit notification for 12 tasks of StepId=13009004.0 (status=0x0000).
srun: aion-0191: tasks 769,773,781-782,809,812,817,825,827,829-831: Completed
srun: Received task exit notification for 18 tasks of StepId=13009004.0 (status=0x0000).
srun: aion-0187: tasks 582,585,589,593,597,619-620,624,626-627,630-631,633,635-639: Completed
srun: Received task exit notification for 64 tasks of StepId=13009004.0 (status=0x0000).
srun: aion-0164: tasks 64-127: Completed
srun: Received task exit notification for 64 tasks of StepId=13009004.0 (status=0x0000).
srun: aion-0186: tasks 512-575: Completed
srun: Received task exit notification for 64 tasks of StepId=13009004.0 (status=0x0000).
srun: aion-0196: tasks 960-1023: Completed
srun: Received task exit notification for 64 tasks of StepId=13009004.0 (status=0x0000).
srun: aion-0182: tasks 256-319: Completed
srun: Received task exit notification for 64 tasks of StepId=13009004.0 (status=0x0000).
srun: aion-0184: tasks 384-447: Completed
srun: Received task exit notification for 64 tasks of StepId=13009004.0 (status=0x0000).
srun: aion-0188: tasks 640-703: Completed
srun: Received task exit notification for 46 tasks of StepId=13009004.0 (status=0x0000).
srun: aion-0187: tasks 576-581,583-584,586-588,590-592,594-596,598-618,621-623,625,628-629,632,634: Completed
srun: Received task exit notification for 64 tasks of StepId=13009004.0 (status=0x0000).
srun: aion-0163: tasks 0-63: Completed
srun: Received task exit notification for 64 tasks of StepId=13009004.0 (status=0x0000).
srun: aion-0190: tasks 704-767: Completed
srun: Received task exit notification for 64 tasks of StepId=13009004.0 (status=0x0000).
srun: aion-0165: tasks 128-191: Completed
srun: Received task exit notification for 64 tasks of StepId=13009004.0 (status=0x0000).
srun: aion-0183: tasks 320-383: Completed
srun: Received task exit notification for 64 tasks of StepId=13009004.0 (status=0x0000).
srun: aion-0178: tasks 192-255: Completed
srun: Received task exit notification for 52 tasks of StepId=13009004.0 (status=0x0000).
srun: aion-0191: tasks 768,770-772,774-780,783-808,810-811,813-816,818-824,826,828: Completed
srun: Received task exit notification for 64 tasks of StepId=13009004.0 (status=0x0000).
srun: aion-0185: tasks 448-511: Completed
srun: Received task exit notification for 64 tasks of StepId=13009004.0 (status=0x0000).
srun: aion-0194: tasks 896-959: Completed
srun: Received task exit notification for 64 tasks of StepId=13009004.0 (status=0x0000).
srun: aion-0193: tasks 832-895: Completed
== Finished at Fri Jun 12 22:42:35 CEST 2026
