== Starting run at Fri Jun 12 15:36:11 CEST 2026
== Job name: poisson-weak-scaling
== Job ID: 13008414
== Node list: aion-[0047-0048]
== Submit dir: /mnt/aiongpfs/users/jhale/performance-test
== Number of tasks: 128
srun: defined options
srun: -------------------- --------------------
srun: (null)              : aion-[0047-0048]
srun: jobid               : 13008414
srun: job-name            : poisson-weak-scaling
srun: mem-per-cpu         : 1750
srun: nodes               : 2
srun: ntasks              : 128
srun: ntasks-per-node     : 64
srun: oom-kill-step       : 0
srun: verbose             : 1
srun: -------------------- --------------------
srun: end of defined options
srun: jobid 13008414: nodes(2):`aion-[0047-0048]', cpu counts: 128(x2)
srun: CpuBindType=(null type)
srun: launching StepId=13008414.0 on host aion-0047, 64 tasks: [0-63]
srun: launching StepId=13008414.0 on host aion-0048, 64 tasks: [64-127]
srun: topology/tree: init: topology tree plugin loaded
srun: Node aion-0047, 64 tasks started
srun: Node aion-0048, 64 tasks started
UnitCube (200x195x204) to be refined 1 times
----------------------------------------------------------------
Test problem summary
  dolfinx version: 0.11.0
  dolfinx hash:    
  ufl hash:        b0ecf558a831e95a689410a968d4dcb1188416f7
  petsc version:   PETSc Release Version 3.25.2, Jun 01, 2026
  Problem type:    poisson
  Scaling type:    weak
  Num processes:   128
  Num cells:       381888000 (382 million)
  Total degrees of freedom:               64127519 (64.1 million)
  Average degrees of freedom per process: 500996
----------------------------------------------------------------
KSP Object: 128 MPI processes
  type: cg
  maximum iterations=10000, initial guess is zero
  tolerances: relative=1e-08, absolute=1e-50, divergence=10000.
  left preconditioning
  using PRECONDITIONED norm type for convergence test
PC Object: 128 MPI processes
  type: hypre
    HYPRE BoomerAMG preconditioning
      Cycle type V
      Maximum number of levels 25
      Maximum number of iterations PER hypre call 1
      Convergence tolerance PER hypre call 0.
      Threshold for strong coupling 0.7
      Interpolation truncation factor 0.
      Interpolation: max elements per row 0
      Number of levels of aggressive coarsening 4
      Number of paths for aggressive coarsening 2
      Maximum row sums 0.9
      Sweeps down         1
      Sweeps up           1
      Sweeps on coarse    1
      Relax down          symmetric-SOR/Jacobi
      Relax up            symmetric-SOR/Jacobi
      Relax on coarse     Gaussian-elimination
      Relax weight  (all)      1.
      Outer relax weight (all) 1.
      Maximum size of coarsest grid 9
      Minimum size of coarsest grid 1
      Using CF-relaxation
      Not using more complex smoothers.
      Measure type        local
      Coarsen type        Falgout
      Interpolation type  classical
      SpGEMM type         hypre
  linear system matrix, which is also used to construct the preconditioner:
  Mat Object: 128 MPI processes
    type: mpiaij
    rows=64127519, cols=64127519
    total: nonzeros=958071835, allocated nonzeros=958071835
    total number of mallocs used during MatSetValues calls=0
      not using I-node (on process 0) routines

[MPI_MAX] Summary of timings (s)                                            |  reps        avg        tot
---------------------------------------------------------------------------------------------------------
Build BoxMesh (tetrahedra)                                                  |     1   3.955572   3.955572
Compute connectivity 1-0                                                    |     1   0.036265   0.036265
Compute connectivity 2-0                                                    |     2   0.379591   0.759183
Compute entities by key matching: number entities                           |     3   1.052453   3.157359
Compute entities of dim = 1                                                 |     1   1.629026   1.629026
Compute entities of dim = 2                                                 |     2   4.332638   8.665276
Compute ghost indices                                                       |     2   0.443185   0.886371
Compute graph partition (ParMETIS)                                          |     2  11.166874  22.333748
Compute local part of mesh dual graph (mixed)                               |     4   3.824662  15.298648
Compute local-to-local map                                                  |     2   0.055920   0.111840
Compute non-local part of mesh dual graph                                   |     2   1.595498   3.190996
Compute-local-to-global links for global/local adjacency list               |     2   0.059545   0.119089
Distribute fixed-degree adjacency list to destination ranks                 |     2   1.471389   2.942779
Distribute row-wise data (scalable)                                         |     2   0.122931   0.245862
Dofmap builder: build dofmap data                                           |     3   0.510164   1.530491
Dofmap builder: compute dof reordering map                                  |     3   0.023963   0.071889
Dofmap builder: get dofmap global indices                                   |     3   0.245899   0.737697
Dofmap builder: init dofmap from element dofmap                             |     3   0.142810   0.428431
Extend graph destination ranks for halo                                     |     1   4.650078   4.650078
GPS: create_level_structure                                                 |     9   0.152195   1.978534
Gibbs-Poole-Stockmeyer ordering                                             |     2   1.474761   2.949522
Init MPI                                                                    |     1   5.930301   5.930301
Init PETSc                                                                  |     1   0.033002   0.033002
Init logging                                                                |     1   0.000039   0.000039
PETSc Krylov solver                                                         |     1  18.338208  18.338208
PLAZA: Enforce rules                                                        |     1   0.089782   0.089782
PLAZA: refine                                                               |     1   2.747265   2.747265
ParMETIS: call ParMETIS_V3_PartKway                                         |     2   8.770370  17.540740
SparsityPattern::finalize                                                   |     1   1.346863   1.346863
Threaded part                                                               |     3   0.224487   0.673461
Topology: 0                                                                 |     2   0.000014   0.000029
Topology: 1                                                                 |     2   2.451670   4.903339
Topology: 2                                                                 |     2   0.020477   0.040954
Topology: 3                                                                 |     2   0.557975   1.115950
Topology: 4                                                                 |     2   0.478974   0.957948
Topology: 5                                                                 |     2   0.006947   0.013895
Topology: 6                                                                 |     2   0.054865   0.109730
Topology: 7                                                                 |     2   0.618710   1.237421
Topology: create                                                            |     2   4.135811   8.271621
Topology: determine shared index ownership                                  |     2   2.202353   4.404706
Topology: determine vertex ownership groups (owned, undetermined, unowned)  |     2   0.492061   0.984123
ZZZ Assemble                                                                |     1   7.605565   7.605565
ZZZ Assemble matrix                                                         |     1   2.599005   2.599005
ZZZ Assemble vector                                                         |     1   0.609085   0.609085
ZZZ Create Mesh                                                             |     1  55.042526  55.042526
ZZZ Create RHS function                                                     |     1   2.297742   2.297742
ZZZ Create boundary conditions                                              |     1   0.304927   0.304927
ZZZ Create facets and facet->cell connectivity                              |     1   7.927172   7.927172
ZZZ FunctionSpace                                                           |     1   0.918318   0.918318
ZZZ Solve                                                                   |     1  18.426193  18.426193
[Apply lifting]                                                             |     1   0.045107   0.045107
[Assemble Matrix]                                                           |     2   1.160542   2.321083
*** Number of Krylov iterations: 17
*** Solution norm:  1703.83
****************************************************************************************************************************************************************
***                                WIDEN YOUR WINDOW TO 160 CHARACTERS.  Use 'enscript -r -fCourier9' to print this document                                 ***
****************************************************************************************************************************************************************

------------------------------------------------------------------ PETSc Performance Summary: ------------------------------------------------------------------

/mnt/aiongpfs/users/jhale/performance-test/./build-dir/dolfinx-scaling-test on a  named aion-0047 with 128 processes, by jhale on Fri Jun 12 15:37:54 2026
Using PETSc Release Version 3.25.2, Jun 01, 2026

                         Max       Max/Min     Avg       Total
Time (sec):           8.941e+01     1.000   8.941e+01
Objects:              0.000e+00     0.000   0.000e+00
Flops:                3.968e+08     1.135   3.896e+08  4.987e+10
Flops/sec:            4.438e+06     1.135   4.358e+06  5.578e+08
MPI Msg Count:        5.000e+02     4.000   2.849e+02  3.646e+04
MPI Msg Len (bytes):  1.908e+07     2.232   5.081e+04  1.853e+09
MPI Reductions:       1.020e+02     1.000

Flop counting convention: 1 flop = 1 real number operation of type (multiply/divide/add/subtract)
                            e.g., VecAXPY() for real vectors of length N --> 2N flops
                            and VecAXPY() for complex vectors of length N --> 8N flops

Summary of Stages:   ----- Time ------  ----- Flop ------  --- Messages ---  -- Message Lengths --  -- Reductions --
                        Avg     %Total     Avg     %Total    Count   %Total     Avg         %Total    Count   %Total
 0:      Main Stage: 8.9410e+01 100.0%  4.9872e+10 100.0%  3.646e+04 100.0%  5.081e+04      100.0%  8.400e+01  82.4%

------------------------------------------------------------------------------------------------------------------------
See the 'Profiling' chapter of the users' manual for details on interpreting output.
Phase summary info:
   Count: number of times phase was executed
   Time and Flop: Max - maximum over all processes
                  Ratio - ratio of maximum to minimum over all processes
   Mess: number of messages sent
   AvgLen: average message length (bytes)
   Reduct: number of global reductions
   Global: entire computation
   Stage: stages of a computation. Set stages with PetscLogStagePush() and PetscLogStagePop().
      %T - percent time in this phase         %F - percent flop in this phase
      %M - percent messages in this phase     %L - percent message lengths in this phase
      %R - percent reductions in this phase
   Total Mflop/s: 1e-6 * (sum of flop over all processes)/(max time over all processes)
------------------------------------------------------------------------------------------------------------------------
Event                Count      Time (sec)     Flop                              --- Global ---  --- Stage ----  Total
                   Max Ratio  Max     Ratio   Max  Ratio  Mess   AvgLen  Reduct  %T %F %M %L %R  %T %F %M %L %R Mflop/s
------------------------------------------------------------------------------------------------------------------------

--- Event Stage 0: Main Stage

BuildTwoSided          5 1.0 6.7152e-01 61.7 0.00e+00 0.0 5.8e+03 8.0e+00 5.0e+00  0  0 16  0  5   0  0 16  0  6     0
BuildTwoSidedF         2 1.0 6.6632e-01 28.0 0.00e+00 0.0 2.9e+03 2.2e+05 2.0e+00  0  0  8 35  2   0  0  8 35  2     0
MatMult               17 1.0 1.1293e+00 1.2 2.50e+08 1.1 2.5e+04 4.3e+04 0.0e+00  1 63 68 57  0   1 63 68 57  0 27879
MatConvert             1 1.0 1.3370e+00 1.1 0.00e+00 0.0 0.0e+00 0.0e+00 2.0e+00  1  0  0  0  2   1  0  0  0  2     0
MatAssemblyBegin       5 1.0 7.3644e-01 5.8 0.00e+00 0.0 2.9e+03 2.2e+05 2.0e+00  0  0  8 35  2   0  0  8 35  2     0
MatAssemblyEnd         5 1.0 5.2023e-01 1.5 1.54e+05 2.2 2.9e+03 2.1e+04 5.0e+00  0  0  8  3  5   0  0  8  3  6    29
MatGetRowIJ            4 1.0 2.1360e-05 5.1 0.00e+00 0.0 0.0e+00 0.0e+00 0.0e+00  0  0  0  0  0   0  0  0  0  0     0
MatView                1 1.0 2.0740e-03 5.5 0.00e+00 0.0 0.0e+00 0.0e+00 1.0e+00  0  0  0  0  1   0  0  0  0  1     0
MatSetPreallCOO        2 1.0 5.5298e-01 1.3 0.00e+00 0.0 0.0e+00 0.0e+00 0.0e+00  1  0  0  0  0   1  0  0  0  0     0
MatSetValuesCOO        2 1.0 2.3186e-01 2.9 0.00e+00 0.0 0.0e+00 0.0e+00 0.0e+00  0  0  0  0  0   0  0  0  0  0     0
VecTDot               36 1.0 3.0939e-01 2.6 3.69e+07 1.1 0.0e+00 0.0e+00 3.6e+01  0  9  0  0 35   0  9  0  0 43 14924
VecNorm               18 1.0 1.6472e+00 317.0 1.85e+07 1.1 0.0e+00 0.0e+00 1.8e+01  1  5  0  0 18   1  5  0  0 21  1402
VecCopy                2 1.0 1.3578e-02 2.4 0.00e+00 0.0 0.0e+00 0.0e+00 0.0e+00  0  0  0  0  0   0  0  0  0  0     0
VecSet                19 1.0 5.6356e-02 2.2 0.00e+00 0.0 0.0e+00 0.0e+00 0.0e+00  0  0  0  0  0   0  0  0  0  0     0
VecAXPY               34 1.0 2.1446e-01 1.8 3.49e+07 1.1 0.0e+00 0.0e+00 0.0e+00  0  9  0  0  0   0  9  0  0  0 20333
VecAYPX               16 1.0 8.3625e-02 1.9 1.64e+07 1.1 0.0e+00 0.0e+00 0.0e+00  0  4  0  0  0   0  4  0  0  0 24539
VecScatterBegin       17 1.0 3.2231e-02 2.6 0.00e+00 0.0 2.5e+04 4.3e+04 0.0e+00  0  0 68 57  0   0  0 68 57  0     0
VecScatterEnd         17 1.0 2.5493e-01 88.9 0.00e+00 0.0 0.0e+00 0.0e+00 0.0e+00  0  0  0  0  0   0  0  0  0  0     0
SFSetGraph             3 1.0 2.3142e-03 2.9 0.00e+00 0.0 0.0e+00 0.0e+00 0.0e+00  0  0  0  0  0   0  0  0  0  0     0
SFSetUp                3 1.0 1.6909e-02 1.9 0.00e+00 0.0 8.7e+03 1.6e+04 3.0e+00  0  0 24  7  3   0  0 24  7  4     0
SFPack                17 1.0 2.9910e-02 2.6 0.00e+00 0.0 0.0e+00 0.0e+00 0.0e+00  0  0  0  0  0   0  0  0  0  0     0
SFUnpack              17 1.0 3.4630e-05 10.0 0.00e+00 0.0 0.0e+00 0.0e+00 0.0e+00  0  0  0  0  0   0  0  0  0  0     0
KSPSetUp               1 1.0 1.2760e-02 2.9 0.00e+00 0.0 0.0e+00 0.0e+00 0.0e+00  0  0  0  0  0   0  0  0  0  0     0
KSPSolve               1 1.0 1.3654e+01 1.0 3.57e+08 1.1 2.5e+04 4.3e+04 5.4e+01 15 90 68 57 53  15 90 68 57 64  3283
PCSetUp                1 1.0 4.6771e+00 1.0 0.00e+00 0.0 0.0e+00 0.0e+00 2.0e+00  5  0  0  0  2   5  0  0  0  2     0
PCApply               18 1.0 1.2148e+01 1.2 0.00e+00 0.0 0.0e+00 0.0e+00 0.0e+00 13  0  0  0  0  13  0  0  0  0     0
------------------------------------------------------------------------------------------------------------------------

Object Type          Creations   Destructions. Reports information only for process 0.

--- Event Stage 0: Main Stage

           Container     2              2
              Matrix     7              7
           Index Set     6              6
   IS L to G Mapping     2              2
              Vector    12             12
   Star Forest Graph     3              3
       Krylov Solver     1              1
      Preconditioner     1              1
              Viewer     1              1
========================================================================================================================
Average time to get PetscTime(): 3.7e-08
Average time for MPI_Barrier(): 8.062e-06
Average time for zero size MPI_Send(): 6.70819e-06
#PETSc Option Table entries:
--ndofs 500000 # (source: command line)
--problem_type poisson # (source: command line)
--scaling_type weak # (source: command line)
-ksp_rtol 1.0e-8 # (source: command line)
-ksp_type cg # (source: command line)
-ksp_view # (source: command line)
-log_view # (source: command line)
-options_left # (source: command line)
-pc_hypre_boomeramg_agg_nl 4 # (source: command line)
-pc_hypre_boomeramg_agg_num_paths 2 # (source: command line)
-pc_hypre_boomeramg_strong_threshold 0.7 # (source: command line)
-pc_hypre_type boomeramg # (source: command line)
-pc_type hypre # (source: command line)
#End of PETSc Option Table entries
Compiled without FORTRAN kernels
Compiled with 64-bit PetscInt
Compiled with full precision matrices (default)
sizeof(short) 2 sizeof(int) 4 sizeof(long) 8 sizeof(void*) 8 sizeof(PetscScalar) 8 sizeof(PetscInt) 8
Configure options: --prefix=/mnt/aiongpfs/users/jhale/spack/opt/spack/linux-zen2/petsc-3.25.2-odiylyospx3cnz52ljb7gnwpxotuz4y2 --with-ssl=0 --download-c2html=0 --download-sowing=0 --download-hwloc=0 --with-make-exec=/mnt/aiongpfs/users/jhale/spack/opt/spack/linux-zen2/gmake-4.4.1-dy3lr4j3xz7ohrvmznvhy2cnv7qt5wue/bin/make --with-cc=/opt/apps/easybuild/systems/aion/rhel810-20250803/2023b/epyc/software/OpenMPI/4.1.6-GCC-13.2.0/bin/mpicc --with-cxx=/opt/apps/easybuild/systems/aion/rhel810-20250803/2023b/epyc/software/OpenMPI/4.1.6-GCC-13.2.0/bin/mpic++ --with-fc=/opt/apps/easybuild/systems/aion/rhel810-20250803/2023b/epyc/software/OpenMPI/4.1.6-GCC-13.2.0/bin/mpif90 --with-fortran-bindings=1 --with-precision=double --with-scalar-type=real --with-shared-libraries=1 --with-debugging=0 --with-openmp=0 --with-64-bit-indices=1 --with-blaslapack-lib=/mnt/aiongpfs/users/jhale/spack/opt/spack/linux-zen2/openblas-0.3.29-5klil5x2yeczk2ulskuwosvogqbikjuf/lib/libopenblas.so --with-x=0 --with-sycl=0 --with-clanguage=C --with-cuda=0 --with-hip=0 --with-metis=0 --with-hypre=1 --with-hypre-include=/mnt/aiongpfs/users/jhale/spack/opt/spack/linux-zen2/hypre-3.1.0-umdbbxdhvhmsrhehcygxa6dj7qdxyj3h/include --with-hypre-lib=/mnt/aiongpfs/users/jhale/spack/opt/spack/linux-zen2/hypre-3.1.0-umdbbxdhvhmsrhehcygxa6dj7qdxyj3h/lib64/libHYPRE.so --with-parmetis=0 --with-kokkos=0 --with-kokkos-kernels=0 --with-superlu_dist=1 --with-superlu_dist-include=/mnt/aiongpfs/users/jhale/spack/opt/spack/linux-zen2/superlu-dist-9.2.1-nonyvz7ppfz24rp6szh3z6wm2cqyseqz/include --with-superlu_dist-lib=/mnt/aiongpfs/users/jhale/spack/opt/spack/linux-zen2/superlu-dist-9.2.1-nonyvz7ppfz24rp6szh3z6wm2cqyseqz/lib/libsuperlu_dist.so --with-ptscotch=0 --with-suitesparse=0 --with-hdf5=0 --with-zlib=0 --with-mumps=1 --with-mumps-include=/mnt/aiongpfs/users/jhale/spack/opt/spack/linux-zen2/mumps-5.9.0-c5uszlbk4oysjbgdl6u466woj63act32/include --with-mumps-lib="/mnt/aiongpfs/users/jhale/spack/opt/spack/linux-zen2/mumps-5.9.0-c5uszlbk4oysjbgdl6u466woj63act32/lib/libcmumps.so /mnt/aiongpfs/users/jhale/spack/opt/spack/linux-zen2/mumps-5.9.0-c5uszlbk4oysjbgdl6u466woj63act32/lib/libdmumps.so /mnt/aiongpfs/users/jhale/spack/opt/spack/linux-zen2/mumps-5.9.0-c5uszlbk4oysjbgdl6u466woj63act32/lib/libsmumps.so /mnt/aiongpfs/users/jhale/spack/opt/spack/linux-zen2/mumps-5.9.0-c5uszlbk4oysjbgdl6u466woj63act32/lib/libzmumps.so /mnt/aiongpfs/users/jhale/spack/opt/spack/linux-zen2/mumps-5.9.0-c5uszlbk4oysjbgdl6u466woj63act32/lib/libmumps_common.so /mnt/aiongpfs/users/jhale/spack/opt/spack/linux-zen2/mumps-5.9.0-c5uszlbk4oysjbgdl6u466woj63act32/lib/libpord.so" --with-fftw=0 --with-valgrind=0 --with-gmp=0 --with-libpng=0 --with-giflib=0 --with-mpfr=0 --with-netcdf=0 --with-pnetcdf=0 --with-moab=0 --with-random123=0 --with-cgns=0 --with-memkind=0 --with-p4est=0 --with-saws=0 --with-yaml=0 --with-hwloc=0 --with-libjpeg=0 --with-scalapack=1 --with-scalapack-lib=/mnt/aiongpfs/users/jhale/spack/opt/spack/linux-zen2/netlib-scalapack-2.2.3-qkioui5ffbcv7zmlyjhofw44jmgx32sc/lib64/libscalapack.so --with-strumpack=0 --with-mmg=0 --with-parmmg=0 --with-tetgen=0 --with-trilinos=0 --with-trilinos=0 --with-trilinos=0 --with-cudac=0 --with-hipc=0
-----------------------------------------
Libraries compiled on 2026-06-12 13:19:19 on aion-0248
Machine characteristics: Linux-4.18.0-553.129.1.el8_10.x86_64-x86_64-with-glibc2.28
Using PETSc directory: /mnt/aiongpfs/users/jhale/spack/opt/spack/linux-zen2/petsc-3.25.2-odiylyospx3cnz52ljb7gnwpxotuz4y2
Using PETSc arch: 
-----------------------------------------

Using C compiler: /opt/apps/easybuild/systems/aion/rhel810-20250803/2023b/epyc/software/OpenMPI/4.1.6-GCC-13.2.0/bin/mpicc  -fPIC -Wall -Wwrite-strings -Wno-unknown-pragmas -Wno-lto-type-mismatch -Wno-stringop-overflow -fstack-protector -fvisibility=hidden -g -O 
Using Fortran compiler: /opt/apps/easybuild/systems/aion/rhel810-20250803/2023b/epyc/software/OpenMPI/4.1.6-GCC-13.2.0/bin/mpif90  -fPIC -Wall -ffree-line-length-none -ffree-line-length-0 -Wno-lto-type-mismatch -Wno-unused-dummy-argument -g -O   
-----------------------------------------

Using include paths: -I/mnt/aiongpfs/users/jhale/spack/opt/spack/linux-zen2/petsc-3.25.2-odiylyospx3cnz52ljb7gnwpxotuz4y2/include -I/mnt/aiongpfs/users/jhale/spack/opt/spack/linux-zen2/hypre-3.1.0-umdbbxdhvhmsrhehcygxa6dj7qdxyj3h/include -I/mnt/aiongpfs/users/jhale/spack/opt/spack/linux-zen2/mumps-5.9.0-c5uszlbk4oysjbgdl6u466woj63act32/include -I/mnt/aiongpfs/users/jhale/spack/opt/spack/linux-zen2/superlu-dist-9.2.1-nonyvz7ppfz24rp6szh3z6wm2cqyseqz/include
-----------------------------------------

Using C linker: /opt/apps/easybuild/systems/aion/rhel810-20250803/2023b/epyc/software/OpenMPI/4.1.6-GCC-13.2.0/bin/mpicc
Using Fortran linker: /opt/apps/easybuild/systems/aion/rhel810-20250803/2023b/epyc/software/OpenMPI/4.1.6-GCC-13.2.0/bin/mpif90
Using libraries: -Wl,-rpath,/mnt/aiongpfs/users/jhale/spack/opt/spack/linux-zen2/petsc-3.25.2-odiylyospx3cnz52ljb7gnwpxotuz4y2/lib -L/mnt/aiongpfs/users/jhale/spack/opt/spack/linux-zen2/petsc-3.25.2-odiylyospx3cnz52ljb7gnwpxotuz4y2/lib -lpetsc -Wl,-rpath,/mnt/aiongpfs/users/jhale/spack/opt/spack/linux-zen2/hypre-3.1.0-umdbbxdhvhmsrhehcygxa6dj7qdxyj3h/lib64 -L/mnt/aiongpfs/users/jhale/spack/opt/spack/linux-zen2/hypre-3.1.0-umdbbxdhvhmsrhehcygxa6dj7qdxyj3h/lib64 -Wl,-rpath,/mnt/aiongpfs/users/jhale/spack/opt/spack/linux-zen2/mumps-5.9.0-c5uszlbk4oysjbgdl6u466woj63act32/lib -L/mnt/aiongpfs/users/jhale/spack/opt/spack/linux-zen2/mumps-5.9.0-c5uszlbk4oysjbgdl6u466woj63act32/lib -Wl,-rpath,/mnt/aiongpfs/users/jhale/spack/opt/spack/linux-zen2/netlib-scalapack-2.2.3-qkioui5ffbcv7zmlyjhofw44jmgx32sc/lib64 -L/mnt/aiongpfs/users/jhale/spack/opt/spack/linux-zen2/netlib-scalapack-2.2.3-qkioui5ffbcv7zmlyjhofw44jmgx32sc/lib64 -Wl,-rpath,/mnt/aiongpfs/users/jhale/spack/opt/spack/linux-zen2/superlu-dist-9.2.1-nonyvz7ppfz24rp6szh3z6wm2cqyseqz/lib -L/mnt/aiongpfs/users/jhale/spack/opt/spack/linux-zen2/superlu-dist-9.2.1-nonyvz7ppfz24rp6szh3z6wm2cqyseqz/lib -Wl,-rpath,/mnt/aiongpfs/users/jhale/spack/opt/spack/linux-zen2/openblas-0.3.29-5klil5x2yeczk2ulskuwosvogqbikjuf/lib -L/mnt/aiongpfs/users/jhale/spack/opt/spack/linux-zen2/openblas-0.3.29-5klil5x2yeczk2ulskuwosvogqbikjuf/lib -Wl,-rpath,/opt/apps/easybuild/systems/aion/rhel810-20250803/2023b/epyc/software/OpenMPI/4.1.6-GCC-13.2.0/lib -L/opt/apps/easybuild/systems/aion/rhel810-20250803/2023b/epyc/software/OpenMPI/4.1.6-GCC-13.2.0/lib -Wl,-rpath,/opt/apps/easybuild/systems/aion/rhel810-20250803/2023b/epyc/software/hwloc/2.9.2-GCCcore-13.2.0/lib -L/opt/apps/easybuild/systems/aion/rhel810-20250803/2023b/epyc/software/hwloc/2.9.2-GCCcore-13.2.0/lib -Wl,-rpath,/opt/apps/easybuild/systems/aion/rhel810-20250803/2023b/epyc/software/libevent/2.1.12-GCCcore-13.2.0/lib -L/opt/apps/easybuild/systems/aion/rhel810-20250803/2023b/epyc/software/libevent/2.1.12-GCCcore-13.2.0/lib -Wl,-rpath,/mnt/aiongpfs/apps/easybuild/systems/aion/rhel810-20251006/2023b/epyc/software/GCCcore/13.2.0/lib/gcc/x86_64-pc-linux-gnu/13.2.0 -L/mnt/aiongpfs/apps/easybuild/systems/aion/rhel810-20251006/2023b/epyc/software/GCCcore/13.2.0/lib/gcc/x86_64-pc-linux-gnu/13.2.0 -Wl,-rpath,/mnt/aiongpfs/apps/easybuild/systems/aion/rhel810-20251006/2023b/epyc/software/GCCcore/13.2.0/lib/gcc -L/mnt/aiongpfs/apps/easybuild/systems/aion/rhel810-20251006/2023b/epyc/software/GCCcore/13.2.0/lib/gcc -Wl,-rpath,/opt/apps/easybuild/systems/aion/rhel810-20250803/2023b/epyc/software/binutils/2.40-GCCcore-13.2.0/lib64 -L/opt/apps/easybuild/systems/aion/rhel810-20250803/2023b/epyc/software/binutils/2.40-GCCcore-13.2.0/lib64 -Wl,-rpath,/opt/apps/easybuild/systems/aion/rhel810-20250803/2023b/epyc/software/OpenMPI/4.1.6-GCC-13.2.0/lib64 -L/opt/apps/easybuild/systems/aion/rhel810-20250803/2023b/epyc/software/OpenMPI/4.1.6-GCC-13.2.0/lib64 -Wl,-rpath,/opt/apps/easybuild/systems/aion/rhel810-20250803/2023b/epyc/software/UCC/1.2.0-GCCcore-13.2.0/lib64 -L/opt/apps/easybuild/systems/aion/rhel810-20250803/2023b/epyc/software/UCC/1.2.0-GCCcore-13.2.0/lib64 -Wl,-rpath,/opt/apps/easybuild/systems/aion/rhel810-20250803/2023b/epyc/software/PMIx/4.2.6-GCCcore-13.2.0/lib64 -L/opt/apps/easybuild/systems/aion/rhel810-20250803/2023b/epyc/software/PMIx/4.2.6-GCCcore-13.2.0/lib64 -Wl,-rpath,/opt/apps/easybuild/systems/aion/rhel810-20250803/2023b/epyc/software/libfabric/1.19.0-GCCcore-13.2.0/lib64 -L/opt/apps/easybuild/systems/aion/rhel810-20250803/2023b/epyc/software/libfabric/1.19.0-GCCcore-13.2.0/lib64 -Wl,-rpath,/opt/apps/easybuild/systems/aion/rhel810-20250803/2023b/epyc/software/UCX/1.15.0-GCCcore-13.2.0/lib64 -L/opt/apps/easybuild/systems/aion/rhel810-20250803/2023b/epyc/software/UCX/1.15.0-GCCcore-13.2.0/lib64 -Wl,-rpath,/opt/apps/easybuild/systems/aion/rhel810-20250803/2023b/epyc/software/libevent/2.1.12-GCCcore-13.2.0/lib64 -L/opt/apps/easybuild/systems/aion/rhel810-20250803/2023b/epyc/software/libevent/2.1.12-GCCcore-13.2.0/lib64 -Wl,-rpath,/opt/apps/easybuild/systems/aion/rhel810-20250803/2023b/epyc/software/OpenSSL/1.1/lib64 -L/opt/apps/easybuild/systems/aion/rhel810-20250803/2023b/epyc/software/OpenSSL/1.1/lib64 -Wl,-rpath,/opt/apps/easybuild/systems/aion/rhel810-20250803/2023b/epyc/software/hwloc/2.9.2-GCCcore-13.2.0/lib64 -L/opt/apps/easybuild/systems/aion/rhel810-20250803/2023b/epyc/software/hwloc/2.9.2-GCCcore-13.2.0/lib64 -Wl,-rpath,/opt/apps/easybuild/systems/aion/rhel810-20250803/2023b/epyc/software/libpciaccess/0.17-GCCcore-13.2.0/lib64 -L/opt/apps/easybuild/systems/aion/rhel810-20250803/2023b/epyc/software/libpciaccess/0.17-GCCcore-13.2.0/lib64 -Wl,-rpath,/opt/apps/easybuild/systems/aion/rhel810-20250803/2023b/epyc/software/numactl/2.0.16-GCCcore-13.2.0/lib64 -L/opt/apps/easybuild/systems/aion/rhel810-20250803/2023b/epyc/software/numactl/2.0.16-GCCcore-13.2.0/lib64 -Wl,-rpath,/opt/apps/easybuild/systems/aion/rhel810-20250803/2023b/epyc/software/zlib/1.2.13-GCCcore-13.2.0/lib64 -L/opt/apps/easybuild/systems/aion/rhel810-20250803/2023b/epyc/software/zlib/1.2.13-GCCcore-13.2.0/lib64 -Wl,-rpath,/opt/apps/easybuild/systems/aion/rhel810-20250803/2023b/epyc/software/libxml2/2.11.5-GCCcore-13.2.0/lib64 -L/opt/apps/easybuild/systems/aion/rhel810-20250803/2023b/epyc/software/libxml2/2.11.5-GCCcore-13.2.0/lib64 -Wl,-rpath,/opt/apps/easybuild/systems/aion/rhel810-20250803/2023b/epyc/software/XZ/5.4.4-GCCcore-13.2.0/lib64 -L/opt/apps/easybuild/systems/aion/rhel810-20250803/2023b/epyc/software/XZ/5.4.4-GCCcore-13.2.0/lib64 -Wl,-rpath,/mnt/aiongpfs/apps/easybuild/systems/aion/rhel810-20251006/2023b/epyc/software/GCCcore/13.2.0/lib64 -L/mnt/aiongpfs/apps/easybuild/systems/aion/rhel810-20251006/2023b/epyc/software/GCCcore/13.2.0/lib64 -Wl,-rpath,/opt/apps/easybuild/systems/aion/rhel810-20250803/2023b/epyc/software/binutils/2.40-GCCcore-13.2.0/lib -L/opt/apps/easybuild/systems/aion/rhel810-20250803/2023b/epyc/software/binutils/2.40-GCCcore-13.2.0/lib -Wl,-rpath,/opt/apps/easybuild/systems/aion/rhel810-20250803/2023b/epyc/software/UCC/1.2.0-GCCcore-13.2.0/lib -L/opt/apps/easybuild/systems/aion/rhel810-20250803/2023b/epyc/software/UCC/1.2.0-GCCcore-13.2.0/lib -Wl,-rpath,/opt/apps/easybuild/systems/aion/rhel810-20250803/2023b/epyc/software/PMIx/4.2.6-GCCcore-13.2.0/lib -L/opt/apps/easybuild/systems/aion/rhel810-20250803/2023b/epyc/software/PMIx/4.2.6-GCCcore-13.2.0/lib -Wl,-rpath,/opt/apps/easybuild/systems/aion/rhel810-20250803/2023b/epyc/software/libfabric/1.19.0-GCCcore-13.2.0/lib -L/opt/apps/easybuild/systems/aion/rhel810-20250803/2023b/epyc/software/libfabric/1.19.0-GCCcore-13.2.0/lib -Wl,-rpath,/opt/apps/easybuild/systems/aion/rhel810-20250803/2023b/epyc/software/UCX/1.15.0-GCCcore-13.2.0/lib -L/opt/apps/easybuild/systems/aion/rhel810-20250803/2023b/epyc/software/UCX/1.15.0-GCCcore-13.2.0/lib -Wl,-rpath,/opt/apps/easybuild/systems/aion/rhel810-20250803/2023b/epyc/software/libpciaccess/0.17-GCCcore-13.2.0/lib -L/opt/apps/easybuild/systems/aion/rhel810-20250803/2023b/epyc/software/libpciaccess/0.17-GCCcore-13.2.0/lib -Wl,-rpath,/opt/apps/easybuild/systems/aion/rhel810-20250803/2023b/epyc/software/numactl/2.0.16-GCCcore-13.2.0/lib -L/opt/apps/easybuild/systems/aion/rhel810-20250803/2023b/epyc/software/numactl/2.0.16-GCCcore-13.2.0/lib -Wl,-rpath,/opt/apps/easybuild/systems/aion/rhel810-20250803/2023b/epyc/software/zlib/1.2.13-GCCcore-13.2.0/lib -L/opt/apps/easybuild/systems/aion/rhel810-20250803/2023b/epyc/software/zlib/1.2.13-GCCcore-13.2.0/lib -Wl,-rpath,/opt/apps/easybuild/systems/aion/rhel810-20250803/2023b/epyc/software/libxml2/2.11.5-GCCcore-13.2.0/lib -L/opt/apps/easybuild/systems/aion/rhel810-20250803/2023b/epyc/software/libxml2/2.11.5-GCCcore-13.2.0/lib -Wl,-rpath,/opt/apps/easybuild/systems/aion/rhel810-20250803/2023b/epyc/software/XZ/5.4.4-GCCcore-13.2.0/lib -L/opt/apps/easybuild/systems/aion/rhel810-20250803/2023b/epyc/software/XZ/5.4.4-GCCcore-13.2.0/lib -Wl,-rpath,/mnt/aiongpfs/apps/easybuild/systems/aion/rhel810-20251006/2023b/epyc/software/GCCcore/13.2.0/lib -L/mnt/aiongpfs/apps/easybuild/systems/aion/rhel810-20251006/2023b/epyc/software/GCCcore/13.2.0/lib -lHYPRE -lcmumps -ldmumps -lsmumps -lzmumps -lmumps_common -lpord -lscalapack -lsuperlu_dist -lopenblas -lpthread -lm -ldl -lmpi_usempif08 -lmpi_usempi_ignore_tkr -lmpi_mpifh -lmpi -lgfortran -lm -lgfortran -lm -lgcc_s -lquadmath -lstdc++ -lquadmath -ldl
-----------------------------------------

WARNING! There are options you set that were not used!
WARNING! could be spelling mistake, etc!
There are 3 unused database options. They are:
Option left: name:--ndofs value: 500000 source: command line
Option left: name:--problem_type value: poisson source: command line
Option left: name:--scaling_type value: weak source: command line
srun: Received task exit notification for 64 tasks of StepId=13008414.0 (status=0x0000).
srun: aion-0047: tasks 0-63: Completed
srun: Received task exit notification for 64 tasks of StepId=13008414.0 (status=0x0000).
srun: aion-0048: tasks 64-127: Completed
== Finished at Fri Jun 12 15:37:56 CEST 2026
