== Starting run at Fri Jun 12 15:46:27 CEST 2026
== Job name: poisson-weak-scaling
== Job ID: 13008450
== Node list: aion-[0086-0088,0093-0100,0206-0207,0209-0210,0340]
== Submit dir: /mnt/aiongpfs/users/jhale/performance-test
== Number of tasks: 1024
srun: defined options
srun: -------------------- --------------------
srun: (null)              : aion-[0086-0088,0093-0100,0206-0207,0209-0210,0340]
srun: jobid               : 13008450
srun: job-name            : poisson-weak-scaling
srun: mem-per-cpu         : 1750
srun: nodes               : 16
srun: ntasks              : 1024
srun: ntasks-per-node     : 64
srun: oom-kill-step       : 0
srun: verbose             : 1
srun: -------------------- --------------------
srun: end of defined options
srun: jobid 13008450: nodes(16):`aion-[0086-0088,0093-0100,0206-0207,0209-0210,0340]', cpu counts: 128(x16)
srun: CpuBindType=(null type)
srun: launching StepId=13008450.0 on host aion-0086, 64 tasks: [0-63]
srun: launching StepId=13008450.0 on host aion-0087, 64 tasks: [64-127]
srun: launching StepId=13008450.0 on host aion-0088, 64 tasks: [128-191]
srun: launching StepId=13008450.0 on host aion-0093, 64 tasks: [192-255]
srun: launching StepId=13008450.0 on host aion-0094, 64 tasks: [256-319]
srun: launching StepId=13008450.0 on host aion-0095, 64 tasks: [320-383]
srun: launching StepId=13008450.0 on host aion-0096, 64 tasks: [384-447]
srun: launching StepId=13008450.0 on host aion-0097, 64 tasks: [448-511]
srun: launching StepId=13008450.0 on host aion-0098, 64 tasks: [512-575]
srun: launching StepId=13008450.0 on host aion-0099, 64 tasks: [576-639]
srun: launching StepId=13008450.0 on host aion-0100, 64 tasks: [640-703]
srun: launching StepId=13008450.0 on host aion-0206, 64 tasks: [704-767]
srun: launching StepId=13008450.0 on host aion-0207, 64 tasks: [768-831]
srun: launching StepId=13008450.0 on host aion-0209, 64 tasks: [832-895]
srun: launching StepId=13008450.0 on host aion-0210, 64 tasks: [896-959]
srun: launching StepId=13008450.0 on host aion-0340, 64 tasks: [960-1023]
srun: topology/tree: init: topology tree plugin loaded
srun: Node aion-0086, 64 tasks started
srun: Node aion-0088, 64 tasks started
srun: Node aion-0206, 64 tasks started
srun: Node aion-0207, 64 tasks started
srun: Node aion-0097, 64 tasks started
srun: Node aion-0099, 64 tasks started
srun: Node aion-0100, 64 tasks started
srun: Node aion-0087, 64 tasks started
srun: Node aion-0210, 64 tasks started
srun: Node aion-0098, 64 tasks started
srun: Node aion-0093, 64 tasks started
srun: Node aion-0096, 64 tasks started
srun: Node aion-0209, 64 tasks started
srun: Node aion-0094, 64 tasks started
srun: Node aion-0340, 64 tasks started
srun: Node aion-0095, 64 tasks started
UnitCube (199x200x200) to be refined 2 times
----------------------------------------------------------------
Test problem summary
  dolfinx version: 0.11.0
  dolfinx hash:    
  ufl hash:        b0ecf558a831e95a689410a968d4dcb1188416f7
  petsc version:   PETSc Release Version 3.25.2, Jun 01, 2026
  Problem type:    poisson
  Scaling type:    weak
  Num processes:   1024
  Num cells:       3056640000 (3.06 billion)
  Total degrees of freedom:               511355997 (511 million)
  Average degrees of freedom per process: 499371
----------------------------------------------------------------
KSP Object: 1024 MPI processes
  type: cg
  maximum iterations=10000, initial guess is zero
  tolerances: relative=1e-08, absolute=1e-50, divergence=10000.
  left preconditioning
  using PRECONDITIONED norm type for convergence test
PC Object: 1024 MPI processes
  type: hypre
    HYPRE BoomerAMG preconditioning
      Cycle type V
      Maximum number of levels 25
      Maximum number of iterations PER hypre call 1
      Convergence tolerance PER hypre call 0.
      Threshold for strong coupling 0.7
      Interpolation truncation factor 0.
      Interpolation: max elements per row 0
      Number of levels of aggressive coarsening 4
      Number of paths for aggressive coarsening 2
      Maximum row sums 0.9
      Sweeps down         1
      Sweeps up           1
      Sweeps on coarse    1
      Relax down          symmetric-SOR/Jacobi
      Relax up            symmetric-SOR/Jacobi
      Relax on coarse     Gaussian-elimination
      Relax weight  (all)      1.
      Outer relax weight (all) 1.
      Maximum size of coarsest grid 9
      Minimum size of coarsest grid 1
      Using CF-relaxation
      Not using more complex smoothers.
      Measure type        local
      Coarsen type        Falgout
      Interpolation type  classical
      SpGEMM type         hypre
  linear system matrix, which is also used to construct the preconditioner:
  Mat Object: 1024 MPI processes
    type: mpiaij
    rows=511355997, cols=511355997
    total: nonzeros=7655002389, allocated nonzeros=7655002389
    total number of mallocs used during MatSetValues calls=0
      not using I-node (on process 0) routines

[MPI_MAX] Summary of timings (s)                                            |  reps        avg        tot
---------------------------------------------------------------------------------------------------------
Build BoxMesh (tetrahedra)                                                  |     1   0.826821   0.826821
Compute connectivity 1-0                                                    |     2   0.020776   0.041551
Compute connectivity 2-0                                                    |     3   0.270851   0.812552
Compute entities by key matching: number entities                           |     5   0.688461   3.442303
Compute entities of dim = 1                                                 |     2   1.120504   2.241009
Compute entities of dim = 2                                                 |     3   3.188113   9.564338
Compute ghost indices                                                       |     3   0.255492   0.766475
Compute graph partition (ParMETIS)                                          |     3   8.429619  25.288856
Compute local part of mesh dual graph (mixed)                               |     6   2.333526  14.001158
Compute local-to-local map                                                  |     3   0.037281   0.111844
Compute non-local part of mesh dual graph                                   |     3   0.792607   2.377820
Compute-local-to-global links for global/local adjacency list               |     3   0.049197   0.147591
Distribute fixed-degree adjacency list to destination ranks                 |     3   0.967241   2.901722
Distribute row-wise data (scalable)                                         |     3   0.127208   0.381625
Dofmap builder: build dofmap data                                           |     4   0.396412   1.585647
Dofmap builder: compute dof reordering map                                  |     4   0.014808   0.059231
Dofmap builder: get dofmap global indices                                   |     4   0.242498   0.969993
Dofmap builder: init dofmap from element dofmap                             |     4   0.100827   0.403307
Extend graph destination ranks for halo                                     |     2   2.592502   5.185005
GPS: create_level_structure                                                 |    15   0.120156   2.472503
Gibbs-Poole-Stockmeyer ordering                                             |     3   1.018540   3.055621
Init MPI                                                                    |     1   3.724027   3.724027
Init PETSc                                                                  |     1   0.064513   0.064513
Init logging                                                                |     1   0.000097   0.000097
PETSc Krylov solver                                                         |     1  23.646717  23.646717
PLAZA: Enforce rules                                                        |     2   0.100730   0.201460
PLAZA: refine                                                               |     2   1.761404   3.522808
ParMETIS: call ParMETIS_V3_PartKway                                         |     3   6.626393  19.879178
SparsityPattern::finalize                                                   |     1   1.667620   1.667620
Threaded part                                                               |     5   0.146598   0.732989
Topology: 0                                                                 |     3   0.000015   0.000044
Topology: 1                                                                 |     3   1.795168   5.385503
Topology: 2                                                                 |     3   0.010744   0.032233
Topology: 3                                                                 |     3   0.364110   1.092330
Topology: 4                                                                 |     3   0.342429   1.027286
Topology: 5                                                                 |     3   0.009544   0.028633
Topology: 6                                                                 |     3   0.072061   0.216184
Topology: 7                                                                 |     3   0.394057   1.182171
Topology: create                                                            |     3   2.893986   8.681958
Topology: determine shared index ownership                                  |     3   1.655939   4.967818
Topology: determine vertex ownership groups (owned, undetermined, unowned)  |     3   0.378352   1.135057
ZZZ Assemble                                                                |     1   8.370496   8.370496
ZZZ Assemble matrix                                                         |     1   2.877030   2.877030
ZZZ Assemble vector                                                         |     1   0.602456   0.602456
ZZZ Create Mesh                                                             |     1  57.823493  57.823493
ZZZ Create RHS function                                                     |     1   2.487342   2.487342
ZZZ Create boundary conditions                                              |     1   0.308262   0.308262
ZZZ Create facets and facet->cell connectivity                              |     1   8.461886   8.461886
ZZZ FunctionSpace                                                           |     1   0.924933   0.924933
ZZZ Solve                                                                   |     1  23.741574  23.741574
[Apply lifting]                                                             |     1   0.046219   0.046219
[Assemble Matrix]                                                           |     2   1.259062   2.518124
*** Number of Krylov iterations: 22
*** Solution norm:  4811.17
****************************************************************************************************************************************************************
***                                WIDEN YOUR WINDOW TO 160 CHARACTERS.  Use 'enscript -r -fCourier9' to print this document                                 ***
****************************************************************************************************************************************************************

------------------------------------------------------------------ PETSc Performance Summary: ------------------------------------------------------------------

/mnt/aiongpfs/users/jhale/performance-test/./build-dir/dolfinx-scaling-test on a  named aion-0086 with 1024 processes, by jhale on Fri Jun 12 15:48:17 2026
Using PETSc Release Version 3.25.2, Jun 01, 2026

                         Max       Max/Min     Avg       Total
Time (sec):           9.885e+01     1.000   9.885e+01
Objects:              0.000e+00     0.000   0.000e+00
Flops:                5.025e+08     1.421   4.912e+08  5.030e+11
Flops/sec:            5.084e+06     1.421   4.969e+06  5.088e+09
MPI Msg Count:        6.900e+02     5.750   4.037e+02  4.134e+05
MPI Msg Len (bytes):  2.598e+07     2.992   4.660e+04  1.926e+10
MPI Reductions:       1.170e+02     1.000

Flop counting convention: 1 flop = 1 real number operation of type (multiply/divide/add/subtract)
                            e.g., VecAXPY() for real vectors of length N --> 2N flops
                            and VecAXPY() for complex vectors of length N --> 8N flops

Summary of Stages:   ----- Time ------  ----- Flop ------  --- Messages ---  -- Message Lengths --  -- Reductions --
                        Avg     %Total     Avg     %Total    Count   %Total     Avg         %Total    Count   %Total
 0:      Main Stage: 9.8848e+01 100.0%  5.0295e+11 100.0%  4.134e+05 100.0%  4.660e+04      100.0%  9.900e+01  84.6%

------------------------------------------------------------------------------------------------------------------------
See the 'Profiling' chapter of the users' manual for details on interpreting output.
Phase summary info:
   Count: number of times phase was executed
   Time and Flop: Max - maximum over all processes
                  Ratio - ratio of maximum to minimum over all processes
   Mess: number of messages sent
   AvgLen: average message length (bytes)
   Reduct: number of global reductions
   Global: entire computation
   Stage: stages of a computation. Set stages with PetscLogStagePush() and PetscLogStagePop().
      %T - percent time in this phase         %F - percent flop in this phase
      %M - percent messages in this phase     %L - percent message lengths in this phase
      %R - percent reductions in this phase
   Total Mflop/s: 1e-6 * (sum of flop over all processes)/(max time over all processes)
------------------------------------------------------------------------------------------------------------------------
Event                Count      Time (sec)     Flop                              --- Global ---  --- Stage ----  Total
                   Max Ratio  Max     Ratio   Max  Ratio  Mess   AvgLen  Reduct  %T %F %M %L %R  %T %F %M %L %R Mflop/s
------------------------------------------------------------------------------------------------------------------------

--- Event Stage 0: Main Stage

BuildTwoSided          5 1.0 1.0388e+00 33.6 0.00e+00 0.0 5.5e+04 8.0e+00 5.0e+00  0  0 13  0  4   0  0 13  0  5     0
BuildTwoSidedF         2 1.0 1.0548e+00 20.2 0.00e+00 0.0 2.8e+04 2.1e+05 2.0e+00  0  0  7 30  2   0  0  7 30  2     0
MatMult               22 1.0 1.5469e+00 1.2 3.24e+08 1.4 3.0e+05 4.0e+04 0.0e+00  1 65 73 64  0   1 65 73 64  0 210463
MatConvert             1 1.0 1.3118e+00 1.1 0.00e+00 0.0 0.0e+00 0.0e+00 2.0e+00  1  0  0  0  2   1  0  0  0  2     0
MatAssemblyBegin       5 1.0 1.1378e+00 7.9 0.00e+00 0.0 2.8e+04 2.1e+05 2.0e+00  1  0  7 30  2   1  0  7 30  2     0
MatAssemblyEnd         5 1.0 6.7634e-01 1.6 1.77e+05 2.9 2.8e+04 2.0e+04 5.0e+00  0  0  7  3  4   0  0  7  3  5   197
MatGetRowIJ            4 1.0 2.3980e-05 7.3 0.00e+00 0.0 0.0e+00 0.0e+00 0.0e+00  0  0  0  0  0   0  0  0  0  0     0
MatView                1 1.0 2.7633e-03 7.4 0.00e+00 0.0 0.0e+00 0.0e+00 1.0e+00  0  0  0  0  1   0  0  0  0  1     0
MatSetPreallCOO        2 1.0 4.9915e-01 1.6 0.00e+00 0.0 0.0e+00 0.0e+00 0.0e+00  0  0  0  0  0   0  0  0  0  0     0
MatSetValuesCOO        2 1.0 1.9362e-01 2.3 0.00e+00 0.0 0.0e+00 0.0e+00 0.0e+00  0  0  0  0  0   0  0  0  0  0     0
VecTDot               46 1.0 4.7405e-01 3.3 4.73e+07 1.4 0.0e+00 0.0e+00 4.6e+01  0  9  0  0 39   0  9  0  0 46 99240
VecNorm               23 1.0 3.1663e+00 482.6 2.37e+07 1.4 0.0e+00 0.0e+00 2.3e+01  2  5  0  0 20   2  5  0  0 23  7429
VecCopy                2 1.0 1.4139e-02 2.5 0.00e+00 0.0 0.0e+00 0.0e+00 0.0e+00  0  0  0  0  0   0  0  0  0  0     0
VecSet                24 1.0 7.0306e-02 3.6 0.00e+00 0.0 0.0e+00 0.0e+00 0.0e+00  0  0  0  0  0   0  0  0  0  0     0
VecAXPY               44 1.0 3.0327e-01 2.4 4.52e+07 1.4 0.0e+00 0.0e+00 0.0e+00  0  9  0  0  0   0  9  0  0  0 148380
VecAYPX               21 1.0 1.2785e-01 2.3 2.16e+07 1.4 0.0e+00 0.0e+00 0.0e+00  0  4  0  0  0   0  4  0  0  0 167992
VecScatterBegin       22 1.0 4.8929e-02 2.8 0.00e+00 0.0 3.0e+05 4.0e+04 0.0e+00  0  0 73 64  0   0  0 73 64  0     0
VecScatterEnd         22 1.0 4.7244e-01 200.3 0.00e+00 0.0 0.0e+00 0.0e+00 0.0e+00  0  0  0  0  0   0  0  0  0  0     0
SFSetGraph             3 1.0 2.9109e-03 4.3 0.00e+00 0.0 0.0e+00 0.0e+00 0.0e+00  0  0  0  0  0   0  0  0  0  0     0
SFSetUp                3 1.0 3.8984e-02 1.7 0.00e+00 0.0 8.3e+04 1.5e+04 3.0e+00  0  0 20  6  3   0  0 20  6  3     0
SFPack                22 1.0 4.4220e-02 2.9 0.00e+00 0.0 0.0e+00 0.0e+00 0.0e+00  0  0  0  0  0   0  0  0  0  0     0
SFUnpack              22 1.0 7.5970e-05 21.2 0.00e+00 0.0 0.0e+00 0.0e+00 0.0e+00  0  0  0  0  0   0  0  0  0  0     0
KSPSetUp               1 1.0 1.1348e-02 12.9 0.00e+00 0.0 0.0e+00 0.0e+00 0.0e+00  0  0  0  0  0   0  0  0  0  0     0
KSPSolve               1 1.0 1.7920e+01 1.0 4.62e+08 1.4 3.0e+05 4.0e+04 6.9e+01 18 92 73 64 59  18 92 73 64 70 25816
PCSetUp                1 1.0 5.7231e+00 1.0 0.00e+00 0.0 0.0e+00 0.0e+00 2.0e+00  6  0  0  0  2   6  0  0  0  2     0
PCApply               23 1.0 1.5778e+01 1.2 0.00e+00 0.0 0.0e+00 0.0e+00 0.0e+00 14  0  0  0  0  14  0  0  0  0     0
------------------------------------------------------------------------------------------------------------------------

Object Type          Creations   Destructions. Reports information only for process 0.

--- Event Stage 0: Main Stage

           Container     2              2
              Matrix     7              7
           Index Set     6              6
   IS L to G Mapping     2              2
              Vector    12             12
   Star Forest Graph     3              3
       Krylov Solver     1              1
      Preconditioner     1              1
              Viewer     1              1
========================================================================================================================
Average time to get PetscTime(): 3.7e-08
Average time for MPI_Barrier(): 1.74302e-05
Average time for zero size MPI_Send(): 1.97674e-06
#PETSc Option Table entries:
--ndofs 500000 # (source: command line)
--problem_type poisson # (source: command line)
--scaling_type weak # (source: command line)
-ksp_rtol 1.0e-8 # (source: command line)
-ksp_type cg # (source: command line)
-ksp_view # (source: command line)
-log_view # (source: command line)
-options_left # (source: command line)
-pc_hypre_boomeramg_agg_nl 4 # (source: command line)
-pc_hypre_boomeramg_agg_num_paths 2 # (source: command line)
-pc_hypre_boomeramg_strong_threshold 0.7 # (source: command line)
-pc_hypre_type boomeramg # (source: command line)
-pc_type hypre # (source: command line)
#End of PETSc Option Table entries
Compiled without FORTRAN kernels
Compiled with 64-bit PetscInt
Compiled with full precision matrices (default)
sizeof(short) 2 sizeof(int) 4 sizeof(long) 8 sizeof(void*) 8 sizeof(PetscScalar) 8 sizeof(PetscInt) 8
Configure options: --prefix=/mnt/aiongpfs/users/jhale/spack/opt/spack/linux-zen2/petsc-3.25.2-odiylyospx3cnz52ljb7gnwpxotuz4y2 --with-ssl=0 --download-c2html=0 --download-sowing=0 --download-hwloc=0 --with-make-exec=/mnt/aiongpfs/users/jhale/spack/opt/spack/linux-zen2/gmake-4.4.1-dy3lr4j3xz7ohrvmznvhy2cnv7qt5wue/bin/make --with-cc=/opt/apps/easybuild/systems/aion/rhel810-20250803/2023b/epyc/software/OpenMPI/4.1.6-GCC-13.2.0/bin/mpicc --with-cxx=/opt/apps/easybuild/systems/aion/rhel810-20250803/2023b/epyc/software/OpenMPI/4.1.6-GCC-13.2.0/bin/mpic++ --with-fc=/opt/apps/easybuild/systems/aion/rhel810-20250803/2023b/epyc/software/OpenMPI/4.1.6-GCC-13.2.0/bin/mpif90 --with-fortran-bindings=1 --with-precision=double --with-scalar-type=real --with-shared-libraries=1 --with-debugging=0 --with-openmp=0 --with-64-bit-indices=1 --with-blaslapack-lib=/mnt/aiongpfs/users/jhale/spack/opt/spack/linux-zen2/openblas-0.3.29-5klil5x2yeczk2ulskuwosvogqbikjuf/lib/libopenblas.so --with-x=0 --with-sycl=0 --with-clanguage=C --with-cuda=0 --with-hip=0 --with-metis=0 --with-hypre=1 --with-hypre-include=/mnt/aiongpfs/users/jhale/spack/opt/spack/linux-zen2/hypre-3.1.0-umdbbxdhvhmsrhehcygxa6dj7qdxyj3h/include --with-hypre-lib=/mnt/aiongpfs/users/jhale/spack/opt/spack/linux-zen2/hypre-3.1.0-umdbbxdhvhmsrhehcygxa6dj7qdxyj3h/lib64/libHYPRE.so --with-parmetis=0 --with-kokkos=0 --with-kokkos-kernels=0 --with-superlu_dist=1 --with-superlu_dist-include=/mnt/aiongpfs/users/jhale/spack/opt/spack/linux-zen2/superlu-dist-9.2.1-nonyvz7ppfz24rp6szh3z6wm2cqyseqz/include --with-superlu_dist-lib=/mnt/aiongpfs/users/jhale/spack/opt/spack/linux-zen2/superlu-dist-9.2.1-nonyvz7ppfz24rp6szh3z6wm2cqyseqz/lib/libsuperlu_dist.so --with-ptscotch=0 --with-suitesparse=0 --with-hdf5=0 --with-zlib=0 --with-mumps=1 --with-mumps-include=/mnt/aiongpfs/users/jhale/spack/opt/spack/linux-zen2/mumps-5.9.0-c5uszlbk4oysjbgdl6u466woj63act32/include --with-mumps-lib="/mnt/aiongpfs/users/jhale/spack/opt/spack/linux-zen2/mumps-5.9.0-c5uszlbk4oysjbgdl6u466woj63act32/lib/libcmumps.so /mnt/aiongpfs/users/jhale/spack/opt/spack/linux-zen2/mumps-5.9.0-c5uszlbk4oysjbgdl6u466woj63act32/lib/libdmumps.so /mnt/aiongpfs/users/jhale/spack/opt/spack/linux-zen2/mumps-5.9.0-c5uszlbk4oysjbgdl6u466woj63act32/lib/libsmumps.so /mnt/aiongpfs/users/jhale/spack/opt/spack/linux-zen2/mumps-5.9.0-c5uszlbk4oysjbgdl6u466woj63act32/lib/libzmumps.so /mnt/aiongpfs/users/jhale/spack/opt/spack/linux-zen2/mumps-5.9.0-c5uszlbk4oysjbgdl6u466woj63act32/lib/libmumps_common.so /mnt/aiongpfs/users/jhale/spack/opt/spack/linux-zen2/mumps-5.9.0-c5uszlbk4oysjbgdl6u466woj63act32/lib/libpord.so" --with-fftw=0 --with-valgrind=0 --with-gmp=0 --with-libpng=0 --with-giflib=0 --with-mpfr=0 --with-netcdf=0 --with-pnetcdf=0 --with-moab=0 --with-random123=0 --with-cgns=0 --with-memkind=0 --with-p4est=0 --with-saws=0 --with-yaml=0 --with-hwloc=0 --with-libjpeg=0 --with-scalapack=1 --with-scalapack-lib=/mnt/aiongpfs/users/jhale/spack/opt/spack/linux-zen2/netlib-scalapack-2.2.3-qkioui5ffbcv7zmlyjhofw44jmgx32sc/lib64/libscalapack.so --with-strumpack=0 --with-mmg=0 --with-parmmg=0 --with-tetgen=0 --with-trilinos=0 --with-trilinos=0 --with-trilinos=0 --with-cudac=0 --with-hipc=0
-----------------------------------------
Libraries compiled on 2026-06-12 13:19:19 on aion-0248
Machine characteristics: Linux-4.18.0-553.129.1.el8_10.x86_64-x86_64-with-glibc2.28
Using PETSc directory: /mnt/aiongpfs/users/jhale/spack/opt/spack/linux-zen2/petsc-3.25.2-odiylyospx3cnz52ljb7gnwpxotuz4y2
Using PETSc arch: 
-----------------------------------------

Using C compiler: /opt/apps/easybuild/systems/aion/rhel810-20250803/2023b/epyc/software/OpenMPI/4.1.6-GCC-13.2.0/bin/mpicc  -fPIC -Wall -Wwrite-strings -Wno-unknown-pragmas -Wno-lto-type-mismatch -Wno-stringop-overflow -fstack-protector -fvisibility=hidden -g -O 
Using Fortran compiler: /opt/apps/easybuild/systems/aion/rhel810-20250803/2023b/epyc/software/OpenMPI/4.1.6-GCC-13.2.0/bin/mpif90  -fPIC -Wall -ffree-line-length-none -ffree-line-length-0 -Wno-lto-type-mismatch -Wno-unused-dummy-argument -g -O   
-----------------------------------------

Using include paths: -I/mnt/aiongpfs/users/jhale/spack/opt/spack/linux-zen2/petsc-3.25.2-odiylyospx3cnz52ljb7gnwpxotuz4y2/include -I/mnt/aiongpfs/users/jhale/spack/opt/spack/linux-zen2/hypre-3.1.0-umdbbxdhvhmsrhehcygxa6dj7qdxyj3h/include -I/mnt/aiongpfs/users/jhale/spack/opt/spack/linux-zen2/mumps-5.9.0-c5uszlbk4oysjbgdl6u466woj63act32/include -I/mnt/aiongpfs/users/jhale/spack/opt/spack/linux-zen2/superlu-dist-9.2.1-nonyvz7ppfz24rp6szh3z6wm2cqyseqz/include
-----------------------------------------

Using C linker: /opt/apps/easybuild/systems/aion/rhel810-20250803/2023b/epyc/software/OpenMPI/4.1.6-GCC-13.2.0/bin/mpicc
Using Fortran linker: /opt/apps/easybuild/systems/aion/rhel810-20250803/2023b/epyc/software/OpenMPI/4.1.6-GCC-13.2.0/bin/mpif90
Using libraries: -Wl,-rpath,/mnt/aiongpfs/users/jhale/spack/opt/spack/linux-zen2/petsc-3.25.2-odiylyospx3cnz52ljb7gnwpxotuz4y2/lib -L/mnt/aiongpfs/users/jhale/spack/opt/spack/linux-zen2/petsc-3.25.2-odiylyospx3cnz52ljb7gnwpxotuz4y2/lib -lpetsc -Wl,-rpath,/mnt/aiongpfs/users/jhale/spack/opt/spack/linux-zen2/hypre-3.1.0-umdbbxdhvhmsrhehcygxa6dj7qdxyj3h/lib64 -L/mnt/aiongpfs/users/jhale/spack/opt/spack/linux-zen2/hypre-3.1.0-umdbbxdhvhmsrhehcygxa6dj7qdxyj3h/lib64 -Wl,-rpath,/mnt/aiongpfs/users/jhale/spack/opt/spack/linux-zen2/mumps-5.9.0-c5uszlbk4oysjbgdl6u466woj63act32/lib -L/mnt/aiongpfs/users/jhale/spack/opt/spack/linux-zen2/mumps-5.9.0-c5uszlbk4oysjbgdl6u466woj63act32/lib -Wl,-rpath,/mnt/aiongpfs/users/jhale/spack/opt/spack/linux-zen2/netlib-scalapack-2.2.3-qkioui5ffbcv7zmlyjhofw44jmgx32sc/lib64 -L/mnt/aiongpfs/users/jhale/spack/opt/spack/linux-zen2/netlib-scalapack-2.2.3-qkioui5ffbcv7zmlyjhofw44jmgx32sc/lib64 -Wl,-rpath,/mnt/aiongpfs/users/jhale/spack/opt/spack/linux-zen2/superlu-dist-9.2.1-nonyvz7ppfz24rp6szh3z6wm2cqyseqz/lib -L/mnt/aiongpfs/users/jhale/spack/opt/spack/linux-zen2/superlu-dist-9.2.1-nonyvz7ppfz24rp6szh3z6wm2cqyseqz/lib -Wl,-rpath,/mnt/aiongpfs/users/jhale/spack/opt/spack/linux-zen2/openblas-0.3.29-5klil5x2yeczk2ulskuwosvogqbikjuf/lib -L/mnt/aiongpfs/users/jhale/spack/opt/spack/linux-zen2/openblas-0.3.29-5klil5x2yeczk2ulskuwosvogqbikjuf/lib -Wl,-rpath,/opt/apps/easybuild/systems/aion/rhel810-20250803/2023b/epyc/software/OpenMPI/4.1.6-GCC-13.2.0/lib -L/opt/apps/easybuild/systems/aion/rhel810-20250803/2023b/epyc/software/OpenMPI/4.1.6-GCC-13.2.0/lib -Wl,-rpath,/opt/apps/easybuild/systems/aion/rhel810-20250803/2023b/epyc/software/hwloc/2.9.2-GCCcore-13.2.0/lib -L/opt/apps/easybuild/systems/aion/rhel810-20250803/2023b/epyc/software/hwloc/2.9.2-GCCcore-13.2.0/lib -Wl,-rpath,/opt/apps/easybuild/systems/aion/rhel810-20250803/2023b/epyc/software/libevent/2.1.12-GCCcore-13.2.0/lib -L/opt/apps/easybuild/systems/aion/rhel810-20250803/2023b/epyc/software/libevent/2.1.12-GCCcore-13.2.0/lib -Wl,-rpath,/mnt/aiongpfs/apps/easybuild/systems/aion/rhel810-20251006/2023b/epyc/software/GCCcore/13.2.0/lib/gcc/x86_64-pc-linux-gnu/13.2.0 -L/mnt/aiongpfs/apps/easybuild/systems/aion/rhel810-20251006/2023b/epyc/software/GCCcore/13.2.0/lib/gcc/x86_64-pc-linux-gnu/13.2.0 -Wl,-rpath,/mnt/aiongpfs/apps/easybuild/systems/aion/rhel810-20251006/2023b/epyc/software/GCCcore/13.2.0/lib/gcc -L/mnt/aiongpfs/apps/easybuild/systems/aion/rhel810-20251006/2023b/epyc/software/GCCcore/13.2.0/lib/gcc -Wl,-rpath,/opt/apps/easybuild/systems/aion/rhel810-20250803/2023b/epyc/software/binutils/2.40-GCCcore-13.2.0/lib64 -L/opt/apps/easybuild/systems/aion/rhel810-20250803/2023b/epyc/software/binutils/2.40-GCCcore-13.2.0/lib64 -Wl,-rpath,/opt/apps/easybuild/systems/aion/rhel810-20250803/2023b/epyc/software/OpenMPI/4.1.6-GCC-13.2.0/lib64 -L/opt/apps/easybuild/systems/aion/rhel810-20250803/2023b/epyc/software/OpenMPI/4.1.6-GCC-13.2.0/lib64 -Wl,-rpath,/opt/apps/easybuild/systems/aion/rhel810-20250803/2023b/epyc/software/UCC/1.2.0-GCCcore-13.2.0/lib64 -L/opt/apps/easybuild/systems/aion/rhel810-20250803/2023b/epyc/software/UCC/1.2.0-GCCcore-13.2.0/lib64 -Wl,-rpath,/opt/apps/easybuild/systems/aion/rhel810-20250803/2023b/epyc/software/PMIx/4.2.6-GCCcore-13.2.0/lib64 -L/opt/apps/easybuild/systems/aion/rhel810-20250803/2023b/epyc/software/PMIx/4.2.6-GCCcore-13.2.0/lib64 -Wl,-rpath,/opt/apps/easybuild/systems/aion/rhel810-20250803/2023b/epyc/software/libfabric/1.19.0-GCCcore-13.2.0/lib64 -L/opt/apps/easybuild/systems/aion/rhel810-20250803/2023b/epyc/software/libfabric/1.19.0-GCCcore-13.2.0/lib64 -Wl,-rpath,/opt/apps/easybuild/systems/aion/rhel810-20250803/2023b/epyc/software/UCX/1.15.0-GCCcore-13.2.0/lib64 -L/opt/apps/easybuild/systems/aion/rhel810-20250803/2023b/epyc/software/UCX/1.15.0-GCCcore-13.2.0/lib64 -Wl,-rpath,/opt/apps/easybuild/systems/aion/rhel810-20250803/2023b/epyc/software/libevent/2.1.12-GCCcore-13.2.0/lib64 -L/opt/apps/easybuild/systems/aion/rhel810-20250803/2023b/epyc/software/libevent/2.1.12-GCCcore-13.2.0/lib64 -Wl,-rpath,/opt/apps/easybuild/systems/aion/rhel810-20250803/2023b/epyc/software/OpenSSL/1.1/lib64 -L/opt/apps/easybuild/systems/aion/rhel810-20250803/2023b/epyc/software/OpenSSL/1.1/lib64 -Wl,-rpath,/opt/apps/easybuild/systems/aion/rhel810-20250803/2023b/epyc/software/hwloc/2.9.2-GCCcore-13.2.0/lib64 -L/opt/apps/easybuild/systems/aion/rhel810-20250803/2023b/epyc/software/hwloc/2.9.2-GCCcore-13.2.0/lib64 -Wl,-rpath,/opt/apps/easybuild/systems/aion/rhel810-20250803/2023b/epyc/software/libpciaccess/0.17-GCCcore-13.2.0/lib64 -L/opt/apps/easybuild/systems/aion/rhel810-20250803/2023b/epyc/software/libpciaccess/0.17-GCCcore-13.2.0/lib64 -Wl,-rpath,/opt/apps/easybuild/systems/aion/rhel810-20250803/2023b/epyc/software/numactl/2.0.16-GCCcore-13.2.0/lib64 -L/opt/apps/easybuild/systems/aion/rhel810-20250803/2023b/epyc/software/numactl/2.0.16-GCCcore-13.2.0/lib64 -Wl,-rpath,/opt/apps/easybuild/systems/aion/rhel810-20250803/2023b/epyc/software/zlib/1.2.13-GCCcore-13.2.0/lib64 -L/opt/apps/easybuild/systems/aion/rhel810-20250803/2023b/epyc/software/zlib/1.2.13-GCCcore-13.2.0/lib64 -Wl,-rpath,/opt/apps/easybuild/systems/aion/rhel810-20250803/2023b/epyc/software/libxml2/2.11.5-GCCcore-13.2.0/lib64 -L/opt/apps/easybuild/systems/aion/rhel810-20250803/2023b/epyc/software/libxml2/2.11.5-GCCcore-13.2.0/lib64 -Wl,-rpath,/opt/apps/easybuild/systems/aion/rhel810-20250803/2023b/epyc/software/XZ/5.4.4-GCCcore-13.2.0/lib64 -L/opt/apps/easybuild/systems/aion/rhel810-20250803/2023b/epyc/software/XZ/5.4.4-GCCcore-13.2.0/lib64 -Wl,-rpath,/mnt/aiongpfs/apps/easybuild/systems/aion/rhel810-20251006/2023b/epyc/software/GCCcore/13.2.0/lib64 -L/mnt/aiongpfs/apps/easybuild/systems/aion/rhel810-20251006/2023b/epyc/software/GCCcore/13.2.0/lib64 -Wl,-rpath,/opt/apps/easybuild/systems/aion/rhel810-20250803/2023b/epyc/software/binutils/2.40-GCCcore-13.2.0/lib -L/opt/apps/easybuild/systems/aion/rhel810-20250803/2023b/epyc/software/binutils/2.40-GCCcore-13.2.0/lib -Wl,-rpath,/opt/apps/easybuild/systems/aion/rhel810-20250803/2023b/epyc/software/UCC/1.2.0-GCCcore-13.2.0/lib -L/opt/apps/easybuild/systems/aion/rhel810-20250803/2023b/epyc/software/UCC/1.2.0-GCCcore-13.2.0/lib -Wl,-rpath,/opt/apps/easybuild/systems/aion/rhel810-20250803/2023b/epyc/software/PMIx/4.2.6-GCCcore-13.2.0/lib -L/opt/apps/easybuild/systems/aion/rhel810-20250803/2023b/epyc/software/PMIx/4.2.6-GCCcore-13.2.0/lib -Wl,-rpath,/opt/apps/easybuild/systems/aion/rhel810-20250803/2023b/epyc/software/libfabric/1.19.0-GCCcore-13.2.0/lib -L/opt/apps/easybuild/systems/aion/rhel810-20250803/2023b/epyc/software/libfabric/1.19.0-GCCcore-13.2.0/lib -Wl,-rpath,/opt/apps/easybuild/systems/aion/rhel810-20250803/2023b/epyc/software/UCX/1.15.0-GCCcore-13.2.0/lib -L/opt/apps/easybuild/systems/aion/rhel810-20250803/2023b/epyc/software/UCX/1.15.0-GCCcore-13.2.0/lib -Wl,-rpath,/opt/apps/easybuild/systems/aion/rhel810-20250803/2023b/epyc/software/libpciaccess/0.17-GCCcore-13.2.0/lib -L/opt/apps/easybuild/systems/aion/rhel810-20250803/2023b/epyc/software/libpciaccess/0.17-GCCcore-13.2.0/lib -Wl,-rpath,/opt/apps/easybuild/systems/aion/rhel810-20250803/2023b/epyc/software/numactl/2.0.16-GCCcore-13.2.0/lib -L/opt/apps/easybuild/systems/aion/rhel810-20250803/2023b/epyc/software/numactl/2.0.16-GCCcore-13.2.0/lib -Wl,-rpath,/opt/apps/easybuild/systems/aion/rhel810-20250803/2023b/epyc/software/zlib/1.2.13-GCCcore-13.2.0/lib -L/opt/apps/easybuild/systems/aion/rhel810-20250803/2023b/epyc/software/zlib/1.2.13-GCCcore-13.2.0/lib -Wl,-rpath,/opt/apps/easybuild/systems/aion/rhel810-20250803/2023b/epyc/software/libxml2/2.11.5-GCCcore-13.2.0/lib -L/opt/apps/easybuild/systems/aion/rhel810-20250803/2023b/epyc/software/libxml2/2.11.5-GCCcore-13.2.0/lib -Wl,-rpath,/opt/apps/easybuild/systems/aion/rhel810-20250803/2023b/epyc/software/XZ/5.4.4-GCCcore-13.2.0/lib -L/opt/apps/easybuild/systems/aion/rhel810-20250803/2023b/epyc/software/XZ/5.4.4-GCCcore-13.2.0/lib -Wl,-rpath,/mnt/aiongpfs/apps/easybuild/systems/aion/rhel810-20251006/2023b/epyc/software/GCCcore/13.2.0/lib -L/mnt/aiongpfs/apps/easybuild/systems/aion/rhel810-20251006/2023b/epyc/software/GCCcore/13.2.0/lib -lHYPRE -lcmumps -ldmumps -lsmumps -lzmumps -lmumps_common -lpord -lscalapack -lsuperlu_dist -lopenblas -lpthread -lm -ldl -lmpi_usempif08 -lmpi_usempi_ignore_tkr -lmpi_mpifh -lmpi -lgfortran -lm -lgfortran -lm -lgcc_s -lquadmath -lstdc++ -lquadmath -ldl
-----------------------------------------

WARNING! There are options you set that were not used!
WARNING! could be spelling mistake, etc!
There are 3 unused database options. They are:
Option left: name:--ndofs value: 500000 source: command line
Option left: name:--problem_type value: poisson source: command line
Option left: name:--scaling_type value: weak source: command line
srun: Received task exit notification for 19 tasks of StepId=13008450.0 (status=0x0000).
srun: aion-0100: tasks 644,647,649,651-652,654-655,660,668,670,688,693-697,699,701-702: Completed
srun: Received task exit notification for 2 tasks of StepId=13008450.0 (status=0x0000).
srun: aion-0097: tasks 478,508: Completed
srun: Received task exit notification for 3 tasks of StepId=13008450.0 (status=0x0000).
srun: aion-0093: tasks 231,235,254: Completed
srun: Received task exit notification for 19 tasks of StepId=13008450.0 (status=0x0000).
srun: aion-0207: tasks 779,781-782,791,796-798,802,805-807,812-813,815,825-827,830-831: Completed
srun: Received task exit notification for 10 tasks of StepId=13008450.0 (status=0x0000).
srun: aion-0088: tasks 130,143,146,157,172,174,181,188-189,191: Completed
srun: Received task exit notification for 64 tasks of StepId=13008450.0 (status=0x0000).
srun: aion-0087: tasks 64-127: Completed
srun: Received task exit notification for 64 tasks of StepId=13008450.0 (status=0x0000).
srun: aion-0340: tasks 960-1023: Completed
srun: Received task exit notification for 64 tasks of StepId=13008450.0 (status=0x0000).
srun: aion-0086: tasks 0-63: Completed
srun: Received task exit notification for 45 tasks of StepId=13008450.0 (status=0x0000).
srun: aion-0207: tasks 768-778,780,783-790,792-795,799-801,803-804,808-811,814,816-824,828-829: Completed
srun: Received task exit notification for 64 tasks of StepId=13008450.0 (status=0x0000).
srun: aion-0098: tasks 512-575: Completed
srun: Received task exit notification for 45 tasks of StepId=13008450.0 (status=0x0000).
srun: aion-0100: tasks 640-643,645-646,648,650,653,656-659,661-667,669,671-687,689-692,698,700,703: Completed
srun: Received task exit notification for 64 tasks of StepId=13008450.0 (status=0x0000).
srun: aion-0209: tasks 832-895: Completed
srun: Received task exit notification for 64 tasks of StepId=13008450.0 (status=0x0000).
srun: aion-0094: tasks 256-319: Completed
srun: Received task exit notification for 64 tasks of StepId=13008450.0 (status=0x0000).
srun: aion-0210: tasks 896-959: Completed
srun: Received task exit notification for 64 tasks of StepId=13008450.0 (status=0x0000).
srun: aion-0206: tasks 704-767: Completed
srun: Received task exit notification for 64 tasks of StepId=13008450.0 (status=0x0000).
srun: aion-0096: tasks 384-447: Completed
srun: Received task exit notification for 64 tasks of StepId=13008450.0 (status=0x0000).
srun: aion-0095: tasks 320-383: Completed
srun: Received task exit notification for 54 tasks of StepId=13008450.0 (status=0x0000).
srun: aion-0088: tasks 128-129,131-142,144-145,147-156,158-171,173,175-180,182-187,190: Completed
srun: Received task exit notification for 64 tasks of StepId=13008450.0 (status=0x0000).
srun: aion-0099: tasks 576-639: Completed
srun: Received task exit notification for 62 tasks of StepId=13008450.0 (status=0x0000).
srun: aion-0097: tasks 448-477,479-507,509-511: Completed
srun: Received task exit notification for 61 tasks of StepId=13008450.0 (status=0x0000).
srun: aion-0093: tasks 192-230,232-234,236-253,255: Completed
== Finished at Fri Jun 12 15:48:19 CEST 2026
