== Starting run at Fri Jun 12 15:49:11 CEST 2026
== Job name: poisson-weak-scaling
== Job ID: 13008452
== Node list: aion-[0189,0192,0195,0198-0199,0202,0205,0208,0211-0226,0228-0234,0236]
== Submit dir: /mnt/aiongpfs/users/jhale/performance-test
== Number of tasks: 2048
srun: defined options
srun: -------------------- --------------------
srun: (null)              : aion-[0189,0192,0195,0198-0199,0202,0205,0208,0211-0226,0228-0234,0236]
srun: jobid               : 13008452
srun: job-name            : poisson-weak-scaling
srun: mem-per-cpu         : 1750
srun: nodes               : 32
srun: ntasks              : 2048
srun: ntasks-per-node     : 64
srun: oom-kill-step       : 0
srun: verbose             : 1
srun: -------------------- --------------------
srun: end of defined options
srun: jobid 13008452: nodes(32):`aion-[0189,0192,0195,0198-0199,0202,0205,0208,0211-0226,0228-0234,0236]', cpu counts: 128(x32)
srun: CpuBindType=(null type)
srun: launching StepId=13008452.0 on host aion-0189, 64 tasks: [0-63]
srun: launching StepId=13008452.0 on host aion-0192, 64 tasks: [64-127]
srun: launching StepId=13008452.0 on host aion-0195, 64 tasks: [128-191]
srun: launching StepId=13008452.0 on host aion-0198, 64 tasks: [192-255]
srun: launching StepId=13008452.0 on host aion-0199, 64 tasks: [256-319]
srun: launching StepId=13008452.0 on host aion-0202, 64 tasks: [320-383]
srun: launching StepId=13008452.0 on host aion-0205, 64 tasks: [384-447]
srun: launching StepId=13008452.0 on host aion-0208, 64 tasks: [448-511]
srun: launching StepId=13008452.0 on host aion-0211, 64 tasks: [512-575]
srun: launching StepId=13008452.0 on host aion-0212, 64 tasks: [576-639]
srun: launching StepId=13008452.0 on host aion-0213, 64 tasks: [640-703]
srun: launching StepId=13008452.0 on host aion-0214, 64 tasks: [704-767]
srun: launching StepId=13008452.0 on host aion-0215, 64 tasks: [768-831]
srun: launching StepId=13008452.0 on host aion-0216, 64 tasks: [832-895]
srun: launching StepId=13008452.0 on host aion-0217, 64 tasks: [896-959]
srun: launching StepId=13008452.0 on host aion-0218, 64 tasks: [960-1023]
srun: launching StepId=13008452.0 on host aion-0219, 64 tasks: [1024-1087]
srun: launching StepId=13008452.0 on host aion-0220, 64 tasks: [1088-1151]
srun: launching StepId=13008452.0 on host aion-0221, 64 tasks: [1152-1215]
srun: launching StepId=13008452.0 on host aion-0222, 64 tasks: [1216-1279]
srun: launching StepId=13008452.0 on host aion-0223, 64 tasks: [1280-1343]
srun: launching StepId=13008452.0 on host aion-0224, 64 tasks: [1344-1407]
srun: launching StepId=13008452.0 on host aion-0225, 64 tasks: [1408-1471]
srun: launching StepId=13008452.0 on host aion-0226, 64 tasks: [1472-1535]
srun: launching StepId=13008452.0 on host aion-0228, 64 tasks: [1536-1599]
srun: launching StepId=13008452.0 on host aion-0229, 64 tasks: [1600-1663]
srun: launching StepId=13008452.0 on host aion-0230, 64 tasks: [1664-1727]
srun: launching StepId=13008452.0 on host aion-0231, 64 tasks: [1728-1791]
srun: launching StepId=13008452.0 on host aion-0232, 64 tasks: [1792-1855]
srun: launching StepId=13008452.0 on host aion-0233, 64 tasks: [1856-1919]
srun: launching StepId=13008452.0 on host aion-0234, 64 tasks: [1920-1983]
srun: launching StepId=13008452.0 on host aion-0236, 64 tasks: [1984-2047]
srun: topology/tree: init: topology tree plugin loaded
srun: Node aion-0215, 64 tasks started
srun: Node aion-0232, 64 tasks started
srun: Node aion-0189, 64 tasks started
srun: Node aion-0226, 64 tasks started
srun: Node aion-0202, 64 tasks started
srun: Node aion-0231, 64 tasks started
srun: Node aion-0216, 64 tasks started
srun: Node aion-0208, 64 tasks started
srun: Node aion-0195, 64 tasks started
srun: Node aion-0222, 64 tasks started
srun: Node aion-0225, 64 tasks started
srun: Node aion-0229, 64 tasks started
srun: Node aion-0217, 64 tasks started
srun: Node aion-0214, 64 tasks started
srun: Node aion-0205, 64 tasks started
srun: Node aion-0236, 64 tasks started
srun: Node aion-0233, 64 tasks started
srun: Node aion-0192, 64 tasks started
srun: Node aion-0228, 64 tasks started
srun: Node aion-0230, 64 tasks started
srun: Node aion-0221, 64 tasks started
srun: Node aion-0220, 64 tasks started
srun: Node aion-0211, 64 tasks started
srun: Node aion-0234, 64 tasks started
srun: Node aion-0199, 64 tasks started
srun: Node aion-0219, 64 tasks started
srun: Node aion-0223, 64 tasks started
srun: Node aion-0224, 64 tasks started
srun: Node aion-0213, 64 tasks started
srun: Node aion-0212, 64 tasks started
srun: Node aion-0198, 64 tasks started
srun: Node aion-0218, 64 tasks started
UnitCube (126x126x126) to be refined 3 times
----------------------------------------------------------------
Test problem summary
  dolfinx version: 0.11.0
  dolfinx hash:    
  ufl hash:        b0ecf558a831e95a689410a968d4dcb1188416f7
  petsc version:   PETSc Release Version 3.25.2, Jun 01, 2026
  Problem type:    poisson
  Scaling type:    weak
  Num processes:   2048
  Num cells:       6145155072 (6.15 billion)
  Total degrees of freedom:               1027243729 (1.03 billion)
  Average degrees of freedom per process: 501583
----------------------------------------------------------------
KSP Object: 2048 MPI processes
  type: cg
  maximum iterations=10000, initial guess is zero
  tolerances: relative=1e-08, absolute=1e-50, divergence=10000.
  left preconditioning
  using PRECONDITIONED norm type for convergence test
PC Object: 2048 MPI processes
  type: hypre
    HYPRE BoomerAMG preconditioning
      Cycle type V
      Maximum number of levels 25
      Maximum number of iterations PER hypre call 1
      Convergence tolerance PER hypre call 0.
      Threshold for strong coupling 0.7
      Interpolation truncation factor 0.
      Interpolation: max elements per row 0
      Number of levels of aggressive coarsening 4
      Number of paths for aggressive coarsening 2
      Maximum row sums 0.9
      Sweeps down         1
      Sweeps up           1
      Sweeps on coarse    1
      Relax down          symmetric-SOR/Jacobi
      Relax up            symmetric-SOR/Jacobi
      Relax on coarse     Gaussian-elimination
      Relax weight  (all)      1.
      Outer relax weight (all) 1.
      Maximum size of coarsest grid 9
      Minimum size of coarsest grid 1
      Using CF-relaxation
      Not using more complex smoothers.
      Measure type        local
      Coarsen type        Falgout
      Interpolation type  classical
      SpGEMM type         hypre
  linear system matrix, which is also used to construct the preconditioner:
  Mat Object: 2048 MPI processes
    type: mpiaij
    rows=1027243729, cols=1027243729
    total: nonzeros=15384234097, allocated nonzeros=15384234097
    total number of mallocs used during MatSetValues calls=0
      not using I-node (on process 0) routines

[MPI_MAX] Summary of timings (s)                                            |  reps        avg        tot
---------------------------------------------------------------------------------------------------------
Build BoxMesh (tetrahedra)                                                  |     1   0.743752   0.743752
Compute connectivity 1-0                                                    |     3   0.014636   0.043907
Compute connectivity 2-0                                                    |     4   0.215995   0.863981
Compute entities by key matching: number entities                           |     7   0.507959   3.555715
Compute entities of dim = 1                                                 |     3   0.833091   2.499274
Compute entities of dim = 2                                                 |     4   2.518699  10.074798
Compute ghost indices                                                       |     4   0.207912   0.831648
Compute graph partition (ParMETIS)                                          |     4   6.502977  26.011909
Compute local part of mesh dual graph (mixed)                               |     8   1.959321  15.674571
Compute local-to-local map                                                  |     4   0.028152   0.112610
Compute non-local part of mesh dual graph                                   |     4   1.056904   4.227616
Compute-local-to-global links for global/local adjacency list               |     4   0.041888   0.167551
Distribute fixed-degree adjacency list to destination ranks                 |     4   0.887181   3.548726
Distribute row-wise data (scalable)                                         |     4   0.143014   0.572057
Dofmap builder: build dofmap data                                           |     5   0.312626   1.563130
Dofmap builder: compute dof reordering map                                  |     5   0.014099   0.070495
Dofmap builder: get dofmap global indices                                   |     5   0.195652   0.978258
Dofmap builder: init dofmap from element dofmap                             |     5   0.071534   0.357670
Extend graph destination ranks for halo                                     |     3   1.897789   5.693366
GPS: create_level_structure                                                 |    17   0.106540   2.763886
Gibbs-Poole-Stockmeyer ordering                                             |     4   0.835084   3.340338
Init MPI                                                                    |     1   6.452398   6.452398
Init PETSc                                                                  |     1   0.147499   0.147499
Init logging                                                                |     1   0.000111   0.000111
PETSc Krylov solver                                                         |     1  25.687314  25.687314
PLAZA: Enforce rules                                                        |     3   0.078071   0.234213
PLAZA: refine                                                               |     3   1.247509   3.742527
ParMETIS: call ParMETIS_V3_PartKway                                         |     4   5.029312  20.117248
SparsityPattern::finalize                                                   |     1   1.818617   1.818617
Threaded part                                                               |     7   0.109684   0.767785
Topology: 0                                                                 |     4   0.000015   0.000060
Topology: 1                                                                 |     4   1.633076   6.532305
Topology: 2                                                                 |     4   0.012110   0.048440
Topology: 3                                                                 |     4   0.278565   1.114259
Topology: 4                                                                 |     4   0.287151   1.148603
Topology: 5                                                                 |     4   0.008198   0.032792
Topology: 6                                                                 |     4   0.055417   0.221668
Topology: 7                                                                 |     4   0.300845   1.203378
Topology: create                                                            |     4   2.499974   9.999898
Topology: determine shared index ownership                                  |     4   1.551988   6.207953
Topology: determine vertex ownership groups (owned, undetermined, unowned)  |     4   0.294166   1.176663
ZZZ Assemble                                                                |     1   8.878067   8.878067
ZZZ Assemble matrix                                                         |     1   2.874386   2.874386
ZZZ Assemble vector                                                         |     1   0.637582   0.637582
ZZZ Create Mesh                                                             |     1  61.881765  61.881765
ZZZ Create RHS function                                                     |     1   2.828008   2.828008
ZZZ Create boundary conditions                                              |     1   0.336124   0.336124
ZZZ Create facets and facet->cell connectivity                              |     1   8.825502   8.825502
ZZZ FunctionSpace                                                           |     1   0.920955   0.920955
ZZZ Solve                                                                   |     1  25.791648  25.791648
[Apply lifting]                                                             |     1   0.053741   0.053741
[Assemble Matrix]                                                           |     2   1.293216   2.586433
*** Number of Krylov iterations: 24
*** Solution norm:  6819.05
****************************************************************************************************************************************************************
***                                WIDEN YOUR WINDOW TO 160 CHARACTERS.  Use 'enscript -r -fCourier9' to print this document                                 ***
****************************************************************************************************************************************************************

------------------------------------------------------------------ PETSc Performance Summary: ------------------------------------------------------------------

/mnt/aiongpfs/users/jhale/performance-test/./build-dir/dolfinx-scaling-test on a  named aion-0189 with 2048 processes, by jhale on Fri Jun 12 15:51:12 2026
Using PETSc Release Version 3.25.2, Jun 01, 2026

                         Max       Max/Min     Avg       Total
Time (sec):           1.058e+02     1.000   1.058e+02
Objects:              0.000e+00     0.000   0.000e+00
Flops:                5.482e+08     1.579   5.346e+08  1.095e+12
Flops/sec:            5.182e+06     1.579   5.053e+06  1.035e+10
MPI Msg Count:        6.300e+02     4.200   4.169e+02  8.538e+05
MPI Msg Len (bytes):  2.819e+07     2.745   4.899e+04  4.183e+10
MPI Reductions:       1.180e+02     1.000

Flop counting convention: 1 flop = 1 real number operation of type (multiply/divide/add/subtract)
                            e.g., VecAXPY() for real vectors of length N --> 2N flops
                            and VecAXPY() for complex vectors of length N --> 8N flops

Summary of Stages:   ----- Time ------  ----- Flop ------  --- Messages ---  -- Message Lengths --  -- Reductions --
                        Avg     %Total     Avg     %Total    Count   %Total     Avg         %Total    Count   %Total
 0:      Main Stage: 1.0579e+02 100.0%  1.0948e+12 100.0%  8.538e+05 100.0%  4.899e+04      100.0%  1.000e+02  84.7%

------------------------------------------------------------------------------------------------------------------------
See the 'Profiling' chapter of the users' manual for details on interpreting output.
Phase summary info:
   Count: number of times phase was executed
   Time and Flop: Max - maximum over all processes
                  Ratio - ratio of maximum to minimum over all processes
   Mess: number of messages sent
   AvgLen: average message length (bytes)
   Reduct: number of global reductions
   Global: entire computation
   Stage: stages of a computation. Set stages with PetscLogStagePush() and PetscLogStagePop().
      %T - percent time in this phase         %F - percent flop in this phase
      %M - percent messages in this phase     %L - percent message lengths in this phase
      %R - percent reductions in this phase
   Total Mflop/s: 1e-6 * (sum of flop over all processes)/(max time over all processes)
------------------------------------------------------------------------------------------------------------------------
Event                Count      Time (sec)     Flop                              --- Global ---  --- Stage ----  Total
                   Max Ratio  Max     Ratio   Max  Ratio  Mess   AvgLen  Reduct  %T %F %M %L %R  %T %F %M %L %R Mflop/s
------------------------------------------------------------------------------------------------------------------------

--- Event Stage 0: Main Stage

BuildTwoSided          3 1.0 1.3059e-02 63.8 0.00e+00 0.0 4.3e+04 8.0e+00 0.0e+00  0  0  5  0  0   0  0  5  0  0     0
BuildTwoSidedF         2 1.0 1.2829e+00 90.0 0.00e+00 0.0 4.3e+04 2.8e+05 0.0e+00  0  0  5 28  0   0  0  5 28  0     0
MatMult               24 1.0 2.0875e+00 1.6 3.56e+08 1.6 6.8e+05 4.0e+04 0.0e+00  2 65 80 66  0   2 65 80 66  0 341938
MatConvert             1 1.0 1.3994e+00 1.1 0.00e+00 0.0 0.0e+00 0.0e+00 2.0e+00  1  0  0  0  2   1  0  0  0  2     0
MatAssemblyBegin       5 1.0 1.3505e+00 11.7 0.00e+00 0.0 4.3e+04 2.8e+05 0.0e+00  0  0  5 28  0   0  0  5 28  0     0
MatAssemblyEnd         5 1.0 7.6125e-01 1.7 1.84e+05 2.7 4.3e+04 2.7e+04 4.0e+00  0  0  5  3  3   0  0  5  3  4   359
MatGetRowIJ            4 1.0 4.1411e-05 13.7 0.00e+00 0.0 0.0e+00 0.0e+00 0.0e+00  0  0  0  0  0   0  0  0  0  0     0
MatView                1 1.0 3.4300e-03 18.3 0.00e+00 0.0 0.0e+00 0.0e+00 1.0e+00  0  0  0  0  1   0  0  0  0  1     0
MatSetPreallCOO        2 1.0 5.0188e-01 1.8 0.00e+00 0.0 0.0e+00 0.0e+00 0.0e+00  0  0  0  0  0   0  0  0  0  0     0
MatSetValuesCOO        2 1.0 2.0899e-01 1.9 0.00e+00 0.0 0.0e+00 0.0e+00 0.0e+00  0  0  0  0  0   0  0  0  0  0     0
VecTDot               50 1.0 9.3948e-01 4.8 5.18e+07 1.6 0.0e+00 0.0e+00 5.0e+01  1  9  0  0 42   1  9  0  0 50 109341
VecNorm               25 1.0 2.7850e+00 291.9 2.59e+07 1.6 0.0e+00 0.0e+00 2.5e+01  1  5  0  0 21   1  5  0  0 25 18443
VecCopy                2 1.0 2.0622e-02 4.6 0.00e+00 0.0 0.0e+00 0.0e+00 0.0e+00  0  0  0  0  0   0  0  0  0  0     0
VecSet                26 1.0 1.3604e-01 6.1 0.00e+00 0.0 0.0e+00 0.0e+00 0.0e+00  0  0  0  0  0   0  0  0  0  0     0
VecAXPY               48 1.0 4.7911e-01 3.7 4.97e+07 1.6 0.0e+00 0.0e+00 0.0e+00  0  9  0  0  0   0  9  0  0  0 205831
VecAYPX               23 1.0 1.8340e-01 3.8 2.38e+07 1.6 0.0e+00 0.0e+00 0.0e+00  0  4  0  0  0   0  4  0  0  0 257648
VecScatterBegin       24 1.0 6.1558e-02 4.1 0.00e+00 0.0 6.8e+05 4.0e+04 0.0e+00  0  0 80 66  0   0  0 80 66  0     0
VecScatterEnd         24 1.0 1.0492e+00 561.1 0.00e+00 0.0 0.0e+00 0.0e+00 0.0e+00  0  0  0  0  0   0  0  0  0  0     0
SFSetGraph             3 1.0 2.9917e-03 3.7 0.00e+00 0.0 0.0e+00 0.0e+00 0.0e+00  0  0  0  0  0   0  0  0  0  0     0
SFSetUp                3 1.0 4.3732e-02 1.8 0.00e+00 0.0 1.3e+05 2.0e+04 0.0e+00  0  0 15  6  0   0  0 15  6  0     0
SFPack                24 1.0 5.6941e-02 4.4 0.00e+00 0.0 0.0e+00 0.0e+00 0.0e+00  0  0  0  0  0   0  0  0  0  0     0
SFUnpack              24 1.0 7.4270e-05 17.4 0.00e+00 0.0 0.0e+00 0.0e+00 0.0e+00  0  0  0  0  0   0  0  0  0  0     0
KSPSetUp               1 1.0 1.7932e-02 19.6 0.00e+00 0.0 0.0e+00 0.0e+00 0.0e+00  0  0  0  0  0   0  0  0  0  0     0
KSPSolve               1 1.0 1.9628e+01 1.0 5.08e+08 1.6 6.8e+05 4.0e+04 7.5e+01 19 93 80 66 64  19 93 80 66 75 51647
PCSetUp                1 1.0 6.0562e+00 1.0 0.00e+00 0.0 0.0e+00 0.0e+00 2.0e+00  6  0  0  0  2   6  0  0  0  2     0
PCApply               25 1.0 1.7015e+01 1.2 0.00e+00 0.0 0.0e+00 0.0e+00 0.0e+00 15  0  0  0  0  15  0  0  0  0     0
------------------------------------------------------------------------------------------------------------------------

Object Type          Creations   Destructions. Reports information only for process 0.

--- Event Stage 0: Main Stage

           Container     2              2
              Matrix     7              7
           Index Set     6              6
   IS L to G Mapping     2              2
              Vector    12             12
   Star Forest Graph     3              3
       Krylov Solver     1              1
      Preconditioner     1              1
              Viewer     1              1
========================================================================================================================
Average time to get PetscTime(): 3.7e-08
Average time for MPI_Barrier(): 2.03242e-05
Average time for zero size MPI_Send(): 2.2727e-06
#PETSc Option Table entries:
--ndofs 500000 # (source: command line)
--problem_type poisson # (source: command line)
--scaling_type weak # (source: command line)
-ksp_rtol 1.0e-8 # (source: command line)
-ksp_type cg # (source: command line)
-ksp_view # (source: command line)
-log_view # (source: command line)
-options_left # (source: command line)
-pc_hypre_boomeramg_agg_nl 4 # (source: command line)
-pc_hypre_boomeramg_agg_num_paths 2 # (source: command line)
-pc_hypre_boomeramg_strong_threshold 0.7 # (source: command line)
-pc_hypre_type boomeramg # (source: command line)
-pc_type hypre # (source: command line)
#End of PETSc Option Table entries
Compiled without FORTRAN kernels
Compiled with 64-bit PetscInt
Compiled with full precision matrices (default)
sizeof(short) 2 sizeof(int) 4 sizeof(long) 8 sizeof(void*) 8 sizeof(PetscScalar) 8 sizeof(PetscInt) 8
Configure options: --prefix=/mnt/aiongpfs/users/jhale/spack/opt/spack/linux-zen2/petsc-3.25.2-odiylyospx3cnz52ljb7gnwpxotuz4y2 --with-ssl=0 --download-c2html=0 --download-sowing=0 --download-hwloc=0 --with-make-exec=/mnt/aiongpfs/users/jhale/spack/opt/spack/linux-zen2/gmake-4.4.1-dy3lr4j3xz7ohrvmznvhy2cnv7qt5wue/bin/make --with-cc=/opt/apps/easybuild/systems/aion/rhel810-20250803/2023b/epyc/software/OpenMPI/4.1.6-GCC-13.2.0/bin/mpicc --with-cxx=/opt/apps/easybuild/systems/aion/rhel810-20250803/2023b/epyc/software/OpenMPI/4.1.6-GCC-13.2.0/bin/mpic++ --with-fc=/opt/apps/easybuild/systems/aion/rhel810-20250803/2023b/epyc/software/OpenMPI/4.1.6-GCC-13.2.0/bin/mpif90 --with-fortran-bindings=1 --with-precision=double --with-scalar-type=real --with-shared-libraries=1 --with-debugging=0 --with-openmp=0 --with-64-bit-indices=1 --with-blaslapack-lib=/mnt/aiongpfs/users/jhale/spack/opt/spack/linux-zen2/openblas-0.3.29-5klil5x2yeczk2ulskuwosvogqbikjuf/lib/libopenblas.so --with-x=0 --with-sycl=0 --with-clanguage=C --with-cuda=0 --with-hip=0 --with-metis=0 --with-hypre=1 --with-hypre-include=/mnt/aiongpfs/users/jhale/spack/opt/spack/linux-zen2/hypre-3.1.0-umdbbxdhvhmsrhehcygxa6dj7qdxyj3h/include --with-hypre-lib=/mnt/aiongpfs/users/jhale/spack/opt/spack/linux-zen2/hypre-3.1.0-umdbbxdhvhmsrhehcygxa6dj7qdxyj3h/lib64/libHYPRE.so --with-parmetis=0 --with-kokkos=0 --with-kokkos-kernels=0 --with-superlu_dist=1 --with-superlu_dist-include=/mnt/aiongpfs/users/jhale/spack/opt/spack/linux-zen2/superlu-dist-9.2.1-nonyvz7ppfz24rp6szh3z6wm2cqyseqz/include --with-superlu_dist-lib=/mnt/aiongpfs/users/jhale/spack/opt/spack/linux-zen2/superlu-dist-9.2.1-nonyvz7ppfz24rp6szh3z6wm2cqyseqz/lib/libsuperlu_dist.so --with-ptscotch=0 --with-suitesparse=0 --with-hdf5=0 --with-zlib=0 --with-mumps=1 --with-mumps-include=/mnt/aiongpfs/users/jhale/spack/opt/spack/linux-zen2/mumps-5.9.0-c5uszlbk4oysjbgdl6u466woj63act32/include --with-mumps-lib="/mnt/aiongpfs/users/jhale/spack/opt/spack/linux-zen2/mumps-5.9.0-c5uszlbk4oysjbgdl6u466woj63act32/lib/libcmumps.so /mnt/aiongpfs/users/jhale/spack/opt/spack/linux-zen2/mumps-5.9.0-c5uszlbk4oysjbgdl6u466woj63act32/lib/libdmumps.so /mnt/aiongpfs/users/jhale/spack/opt/spack/linux-zen2/mumps-5.9.0-c5uszlbk4oysjbgdl6u466woj63act32/lib/libsmumps.so /mnt/aiongpfs/users/jhale/spack/opt/spack/linux-zen2/mumps-5.9.0-c5uszlbk4oysjbgdl6u466woj63act32/lib/libzmumps.so /mnt/aiongpfs/users/jhale/spack/opt/spack/linux-zen2/mumps-5.9.0-c5uszlbk4oysjbgdl6u466woj63act32/lib/libmumps_common.so /mnt/aiongpfs/users/jhale/spack/opt/spack/linux-zen2/mumps-5.9.0-c5uszlbk4oysjbgdl6u466woj63act32/lib/libpord.so" --with-fftw=0 --with-valgrind=0 --with-gmp=0 --with-libpng=0 --with-giflib=0 --with-mpfr=0 --with-netcdf=0 --with-pnetcdf=0 --with-moab=0 --with-random123=0 --with-cgns=0 --with-memkind=0 --with-p4est=0 --with-saws=0 --with-yaml=0 --with-hwloc=0 --with-libjpeg=0 --with-scalapack=1 --with-scalapack-lib=/mnt/aiongpfs/users/jhale/spack/opt/spack/linux-zen2/netlib-scalapack-2.2.3-qkioui5ffbcv7zmlyjhofw44jmgx32sc/lib64/libscalapack.so --with-strumpack=0 --with-mmg=0 --with-parmmg=0 --with-tetgen=0 --with-trilinos=0 --with-trilinos=0 --with-trilinos=0 --with-cudac=0 --with-hipc=0
-----------------------------------------
Libraries compiled on 2026-06-12 13:19:19 on aion-0248
Machine characteristics: Linux-4.18.0-553.129.1.el8_10.x86_64-x86_64-with-glibc2.28
Using PETSc directory: /mnt/aiongpfs/users/jhale/spack/opt/spack/linux-zen2/petsc-3.25.2-odiylyospx3cnz52ljb7gnwpxotuz4y2
Using PETSc arch: 
-----------------------------------------

Using C compiler: /opt/apps/easybuild/systems/aion/rhel810-20250803/2023b/epyc/software/OpenMPI/4.1.6-GCC-13.2.0/bin/mpicc  -fPIC -Wall -Wwrite-strings -Wno-unknown-pragmas -Wno-lto-type-mismatch -Wno-stringop-overflow -fstack-protector -fvisibility=hidden -g -O 
Using Fortran compiler: /opt/apps/easybuild/systems/aion/rhel810-20250803/2023b/epyc/software/OpenMPI/4.1.6-GCC-13.2.0/bin/mpif90  -fPIC -Wall -ffree-line-length-none -ffree-line-length-0 -Wno-lto-type-mismatch -Wno-unused-dummy-argument -g -O   
-----------------------------------------

Using include paths: -I/mnt/aiongpfs/users/jhale/spack/opt/spack/linux-zen2/petsc-3.25.2-odiylyospx3cnz52ljb7gnwpxotuz4y2/include -I/mnt/aiongpfs/users/jhale/spack/opt/spack/linux-zen2/hypre-3.1.0-umdbbxdhvhmsrhehcygxa6dj7qdxyj3h/include -I/mnt/aiongpfs/users/jhale/spack/opt/spack/linux-zen2/mumps-5.9.0-c5uszlbk4oysjbgdl6u466woj63act32/include -I/mnt/aiongpfs/users/jhale/spack/opt/spack/linux-zen2/superlu-dist-9.2.1-nonyvz7ppfz24rp6szh3z6wm2cqyseqz/include
-----------------------------------------

Using C linker: /opt/apps/easybuild/systems/aion/rhel810-20250803/2023b/epyc/software/OpenMPI/4.1.6-GCC-13.2.0/bin/mpicc
Using Fortran linker: /opt/apps/easybuild/systems/aion/rhel810-20250803/2023b/epyc/software/OpenMPI/4.1.6-GCC-13.2.0/bin/mpif90
Using libraries: -Wl,-rpath,/mnt/aiongpfs/users/jhale/spack/opt/spack/linux-zen2/petsc-3.25.2-odiylyospx3cnz52ljb7gnwpxotuz4y2/lib -L/mnt/aiongpfs/users/jhale/spack/opt/spack/linux-zen2/petsc-3.25.2-odiylyospx3cnz52ljb7gnwpxotuz4y2/lib -lpetsc -Wl,-rpath,/mnt/aiongpfs/users/jhale/spack/opt/spack/linux-zen2/hypre-3.1.0-umdbbxdhvhmsrhehcygxa6dj7qdxyj3h/lib64 -L/mnt/aiongpfs/users/jhale/spack/opt/spack/linux-zen2/hypre-3.1.0-umdbbxdhvhmsrhehcygxa6dj7qdxyj3h/lib64 -Wl,-rpath,/mnt/aiongpfs/users/jhale/spack/opt/spack/linux-zen2/mumps-5.9.0-c5uszlbk4oysjbgdl6u466woj63act32/lib -L/mnt/aiongpfs/users/jhale/spack/opt/spack/linux-zen2/mumps-5.9.0-c5uszlbk4oysjbgdl6u466woj63act32/lib -Wl,-rpath,/mnt/aiongpfs/users/jhale/spack/opt/spack/linux-zen2/netlib-scalapack-2.2.3-qkioui5ffbcv7zmlyjhofw44jmgx32sc/lib64 -L/mnt/aiongpfs/users/jhale/spack/opt/spack/linux-zen2/netlib-scalapack-2.2.3-qkioui5ffbcv7zmlyjhofw44jmgx32sc/lib64 -Wl,-rpath,/mnt/aiongpfs/users/jhale/spack/opt/spack/linux-zen2/superlu-dist-9.2.1-nonyvz7ppfz24rp6szh3z6wm2cqyseqz/lib -L/mnt/aiongpfs/users/jhale/spack/opt/spack/linux-zen2/superlu-dist-9.2.1-nonyvz7ppfz24rp6szh3z6wm2cqyseqz/lib -Wl,-rpath,/mnt/aiongpfs/users/jhale/spack/opt/spack/linux-zen2/openblas-0.3.29-5klil5x2yeczk2ulskuwosvogqbikjuf/lib -L/mnt/aiongpfs/users/jhale/spack/opt/spack/linux-zen2/openblas-0.3.29-5klil5x2yeczk2ulskuwosvogqbikjuf/lib -Wl,-rpath,/opt/apps/easybuild/systems/aion/rhel810-20250803/2023b/epyc/software/OpenMPI/4.1.6-GCC-13.2.0/lib -L/opt/apps/easybuild/systems/aion/rhel810-20250803/2023b/epyc/software/OpenMPI/4.1.6-GCC-13.2.0/lib -Wl,-rpath,/opt/apps/easybuild/systems/aion/rhel810-20250803/2023b/epyc/software/hwloc/2.9.2-GCCcore-13.2.0/lib -L/opt/apps/easybuild/systems/aion/rhel810-20250803/2023b/epyc/software/hwloc/2.9.2-GCCcore-13.2.0/lib -Wl,-rpath,/opt/apps/easybuild/systems/aion/rhel810-20250803/2023b/epyc/software/libevent/2.1.12-GCCcore-13.2.0/lib -L/opt/apps/easybuild/systems/aion/rhel810-20250803/2023b/epyc/software/libevent/2.1.12-GCCcore-13.2.0/lib -Wl,-rpath,/mnt/aiongpfs/apps/easybuild/systems/aion/rhel810-20251006/2023b/epyc/software/GCCcore/13.2.0/lib/gcc/x86_64-pc-linux-gnu/13.2.0 -L/mnt/aiongpfs/apps/easybuild/systems/aion/rhel810-20251006/2023b/epyc/software/GCCcore/13.2.0/lib/gcc/x86_64-pc-linux-gnu/13.2.0 -Wl,-rpath,/mnt/aiongpfs/apps/easybuild/systems/aion/rhel810-20251006/2023b/epyc/software/GCCcore/13.2.0/lib/gcc -L/mnt/aiongpfs/apps/easybuild/systems/aion/rhel810-20251006/2023b/epyc/software/GCCcore/13.2.0/lib/gcc -Wl,-rpath,/opt/apps/easybuild/systems/aion/rhel810-20250803/2023b/epyc/software/binutils/2.40-GCCcore-13.2.0/lib64 -L/opt/apps/easybuild/systems/aion/rhel810-20250803/2023b/epyc/software/binutils/2.40-GCCcore-13.2.0/lib64 -Wl,-rpath,/opt/apps/easybuild/systems/aion/rhel810-20250803/2023b/epyc/software/OpenMPI/4.1.6-GCC-13.2.0/lib64 -L/opt/apps/easybuild/systems/aion/rhel810-20250803/2023b/epyc/software/OpenMPI/4.1.6-GCC-13.2.0/lib64 -Wl,-rpath,/opt/apps/easybuild/systems/aion/rhel810-20250803/2023b/epyc/software/UCC/1.2.0-GCCcore-13.2.0/lib64 -L/opt/apps/easybuild/systems/aion/rhel810-20250803/2023b/epyc/software/UCC/1.2.0-GCCcore-13.2.0/lib64 -Wl,-rpath,/opt/apps/easybuild/systems/aion/rhel810-20250803/2023b/epyc/software/PMIx/4.2.6-GCCcore-13.2.0/lib64 -L/opt/apps/easybuild/systems/aion/rhel810-20250803/2023b/epyc/software/PMIx/4.2.6-GCCcore-13.2.0/lib64 -Wl,-rpath,/opt/apps/easybuild/systems/aion/rhel810-20250803/2023b/epyc/software/libfabric/1.19.0-GCCcore-13.2.0/lib64 -L/opt/apps/easybuild/systems/aion/rhel810-20250803/2023b/epyc/software/libfabric/1.19.0-GCCcore-13.2.0/lib64 -Wl,-rpath,/opt/apps/easybuild/systems/aion/rhel810-20250803/2023b/epyc/software/UCX/1.15.0-GCCcore-13.2.0/lib64 -L/opt/apps/easybuild/systems/aion/rhel810-20250803/2023b/epyc/software/UCX/1.15.0-GCCcore-13.2.0/lib64 -Wl,-rpath,/opt/apps/easybuild/systems/aion/rhel810-20250803/2023b/epyc/software/libevent/2.1.12-GCCcore-13.2.0/lib64 -L/opt/apps/easybuild/systems/aion/rhel810-20250803/2023b/epyc/software/libevent/2.1.12-GCCcore-13.2.0/lib64 -Wl,-rpath,/opt/apps/easybuild/systems/aion/rhel810-20250803/2023b/epyc/software/OpenSSL/1.1/lib64 -L/opt/apps/easybuild/systems/aion/rhel810-20250803/2023b/epyc/software/OpenSSL/1.1/lib64 -Wl,-rpath,/opt/apps/easybuild/systems/aion/rhel810-20250803/2023b/epyc/software/hwloc/2.9.2-GCCcore-13.2.0/lib64 -L/opt/apps/easybuild/systems/aion/rhel810-20250803/2023b/epyc/software/hwloc/2.9.2-GCCcore-13.2.0/lib64 -Wl,-rpath,/opt/apps/easybuild/systems/aion/rhel810-20250803/2023b/epyc/software/libpciaccess/0.17-GCCcore-13.2.0/lib64 -L/opt/apps/easybuild/systems/aion/rhel810-20250803/2023b/epyc/software/libpciaccess/0.17-GCCcore-13.2.0/lib64 -Wl,-rpath,/opt/apps/easybuild/systems/aion/rhel810-20250803/2023b/epyc/software/numactl/2.0.16-GCCcore-13.2.0/lib64 -L/opt/apps/easybuild/systems/aion/rhel810-20250803/2023b/epyc/software/numactl/2.0.16-GCCcore-13.2.0/lib64 -Wl,-rpath,/opt/apps/easybuild/systems/aion/rhel810-20250803/2023b/epyc/software/zlib/1.2.13-GCCcore-13.2.0/lib64 -L/opt/apps/easybuild/systems/aion/rhel810-20250803/2023b/epyc/software/zlib/1.2.13-GCCcore-13.2.0/lib64 -Wl,-rpath,/opt/apps/easybuild/systems/aion/rhel810-20250803/2023b/epyc/software/libxml2/2.11.5-GCCcore-13.2.0/lib64 -L/opt/apps/easybuild/systems/aion/rhel810-20250803/2023b/epyc/software/libxml2/2.11.5-GCCcore-13.2.0/lib64 -Wl,-rpath,/opt/apps/easybuild/systems/aion/rhel810-20250803/2023b/epyc/software/XZ/5.4.4-GCCcore-13.2.0/lib64 -L/opt/apps/easybuild/systems/aion/rhel810-20250803/2023b/epyc/software/XZ/5.4.4-GCCcore-13.2.0/lib64 -Wl,-rpath,/mnt/aiongpfs/apps/easybuild/systems/aion/rhel810-20251006/2023b/epyc/software/GCCcore/13.2.0/lib64 -L/mnt/aiongpfs/apps/easybuild/systems/aion/rhel810-20251006/2023b/epyc/software/GCCcore/13.2.0/lib64 -Wl,-rpath,/opt/apps/easybuild/systems/aion/rhel810-20250803/2023b/epyc/software/binutils/2.40-GCCcore-13.2.0/lib -L/opt/apps/easybuild/systems/aion/rhel810-20250803/2023b/epyc/software/binutils/2.40-GCCcore-13.2.0/lib -Wl,-rpath,/opt/apps/easybuild/systems/aion/rhel810-20250803/2023b/epyc/software/UCC/1.2.0-GCCcore-13.2.0/lib -L/opt/apps/easybuild/systems/aion/rhel810-20250803/2023b/epyc/software/UCC/1.2.0-GCCcore-13.2.0/lib -Wl,-rpath,/opt/apps/easybuild/systems/aion/rhel810-20250803/2023b/epyc/software/PMIx/4.2.6-GCCcore-13.2.0/lib -L/opt/apps/easybuild/systems/aion/rhel810-20250803/2023b/epyc/software/PMIx/4.2.6-GCCcore-13.2.0/lib -Wl,-rpath,/opt/apps/easybuild/systems/aion/rhel810-20250803/2023b/epyc/software/libfabric/1.19.0-GCCcore-13.2.0/lib -L/opt/apps/easybuild/systems/aion/rhel810-20250803/2023b/epyc/software/libfabric/1.19.0-GCCcore-13.2.0/lib -Wl,-rpath,/opt/apps/easybuild/systems/aion/rhel810-20250803/2023b/epyc/software/UCX/1.15.0-GCCcore-13.2.0/lib -L/opt/apps/easybuild/systems/aion/rhel810-20250803/2023b/epyc/software/UCX/1.15.0-GCCcore-13.2.0/lib -Wl,-rpath,/opt/apps/easybuild/systems/aion/rhel810-20250803/2023b/epyc/software/libpciaccess/0.17-GCCcore-13.2.0/lib -L/opt/apps/easybuild/systems/aion/rhel810-20250803/2023b/epyc/software/libpciaccess/0.17-GCCcore-13.2.0/lib -Wl,-rpath,/opt/apps/easybuild/systems/aion/rhel810-20250803/2023b/epyc/software/numactl/2.0.16-GCCcore-13.2.0/lib -L/opt/apps/easybuild/systems/aion/rhel810-20250803/2023b/epyc/software/numactl/2.0.16-GCCcore-13.2.0/lib -Wl,-rpath,/opt/apps/easybuild/systems/aion/rhel810-20250803/2023b/epyc/software/zlib/1.2.13-GCCcore-13.2.0/lib -L/opt/apps/easybuild/systems/aion/rhel810-20250803/2023b/epyc/software/zlib/1.2.13-GCCcore-13.2.0/lib -Wl,-rpath,/opt/apps/easybuild/systems/aion/rhel810-20250803/2023b/epyc/software/libxml2/2.11.5-GCCcore-13.2.0/lib -L/opt/apps/easybuild/systems/aion/rhel810-20250803/2023b/epyc/software/libxml2/2.11.5-GCCcore-13.2.0/lib -Wl,-rpath,/opt/apps/easybuild/systems/aion/rhel810-20250803/2023b/epyc/software/XZ/5.4.4-GCCcore-13.2.0/lib -L/opt/apps/easybuild/systems/aion/rhel810-20250803/2023b/epyc/software/XZ/5.4.4-GCCcore-13.2.0/lib -Wl,-rpath,/mnt/aiongpfs/apps/easybuild/systems/aion/rhel810-20251006/2023b/epyc/software/GCCcore/13.2.0/lib -L/mnt/aiongpfs/apps/easybuild/systems/aion/rhel810-20251006/2023b/epyc/software/GCCcore/13.2.0/lib -lHYPRE -lcmumps -ldmumps -lsmumps -lzmumps -lmumps_common -lpord -lscalapack -lsuperlu_dist -lopenblas -lpthread -lm -ldl -lmpi_usempif08 -lmpi_usempi_ignore_tkr -lmpi_mpifh -lmpi -lgfortran -lm -lgfortran -lm -lgcc_s -lquadmath -lstdc++ -lquadmath -ldl
-----------------------------------------

WARNING! There are options you set that were not used!
WARNING! could be spelling mistake, etc!
There are 3 unused database options. They are:
Option left: name:--ndofs value: 500000 source: command line
Option left: name:--problem_type value: poisson source: command line
Option left: name:--scaling_type value: weak source: command line
srun: Received task exit notification for 4 tasks of StepId=13008452.0 (status=0x0000).
srun: aion-0233: tasks 1901,1903,1909,1919: Completed
srun: Received task exit notification for 7 tasks of StepId=13008452.0 (status=0x0000).
srun: aion-0211: tasks 513,516,525,528,532,538,559: Completed
srun: Received task exit notification for 9 tasks of StepId=13008452.0 (status=0x0000).
srun: aion-0216: tasks 845,861,877-879,885-886,892,895: Completed
srun: Received task exit notification for 2 tasks of StepId=13008452.0 (status=0x0000).
srun: aion-0202: tasks 355,378: Completed
srun: Received task exit notification for 4 tasks of StepId=13008452.0 (status=0x0000).
srun: aion-0215: tasks 793,806,827,830: Completed
srun: Received task exit notification for 4 tasks of StepId=13008452.0 (status=0x0000).
srun: aion-0217: tasks 905,930,942,959: Completed
srun: Received task exit notification for 16 tasks of StepId=13008452.0 (status=0x0000).
srun: aion-0226: tasks 1472-1474,1480-1481,1495,1497,1503-1504,1508,1519,1522,1526,1531-1532,1534: Completed
srun: Received task exit notification for 2 tasks of StepId=13008452.0 (status=0x0000).
srun: aion-0222: tasks 1262,1276: Completed
srun: Received task exit notification for 4 tasks of StepId=13008452.0 (status=0x0000).
srun: aion-0230: tasks 1692,1698,1710,1713: Completed
srun: Received task exit notification for 5 tasks of StepId=13008452.0 (status=0x0000).
srun: aion-0208: tasks 454,457,476,496,498: Completed
srun: Received task exit notification for 4 tasks of StepId=13008452.0 (status=0x0000).
srun: aion-0224: tasks 1349,1387,1389,1393: Completed
srun: Received task exit notification for 5 tasks of StepId=13008452.0 (status=0x0000).
srun: aion-0232: tasks 1794,1802,1816,1834,1853: Completed
srun: Received task exit notification for 7 tasks of StepId=13008452.0 (status=0x0000).
srun: aion-0213: tasks 650,662,676,682,696,699,703: Completed
srun: Received task exit notification for 7 tasks of StepId=13008452.0 (status=0x0000).
srun: aion-0231: tasks 1734-1735,1739,1747,1773,1788,1790: Completed
srun: Received task exit notification for 15 tasks of StepId=13008452.0 (status=0x0000).
srun: aion-0214: tasks 705-706,710-711,713,717,722,725,733,753,760-761,763-764,767: Completed
srun: Received task exit notification for 7 tasks of StepId=13008452.0 (status=0x0000).
srun: aion-0212: tasks 609-610,621-622,633,636,639: Completed
srun: Received task exit notification for 8 tasks of StepId=13008452.0 (status=0x0000).
srun: aion-0225: tasks 1408,1421,1446,1449,1463,1466,1469-1470: Completed
srun: Received task exit notification for 6 tasks of StepId=13008452.0 (status=0x0000).
srun: aion-0198: tasks 222,226,232-233,242-243: Completed
srun: Received task exit notification for 8 tasks of StepId=13008452.0 (status=0x0000).
srun: aion-0228: tasks 1541-1542,1548,1551,1558,1580,1584,1598: Completed
srun: Received task exit notification for 64 tasks of StepId=13008452.0 (status=0x0000).
srun: aion-0189: tasks 0-63: Completed
srun: Received task exit notification for 64 tasks of StepId=13008452.0 (status=0x0000).
srun: aion-0199: tasks 256-319: Completed
srun: Received task exit notification for 64 tasks of StepId=13008452.0 (status=0x0000).
srun: aion-0234: tasks 1920-1983: Completed
srun: Received task exit notification for 64 tasks of StepId=13008452.0 (status=0x0000).
srun: aion-0195: tasks 128-191: Completed
srun: Received task exit notification for 64 tasks of StepId=13008452.0 (status=0x0000).
srun: aion-0192: tasks 64-127: Completed
srun: Received task exit notification for 64 tasks of StepId=13008452.0 (status=0x0000).
srun: aion-0223: tasks 1280-1343: Completed
srun: Received task exit notification for 48 tasks of StepId=13008452.0 (status=0x0000).
srun: aion-0226: tasks 1475-1479,1482-1494,1496,1498-1502,1505-1507,1509-1518,1520-1521,1523-1525,1527-1530,1533,1535: Completed
srun: Received task exit notification for 64 tasks of StepId=13008452.0 (status=0x0000).
srun: aion-0205: tasks 384-447: Completed
srun: Received task exit notification for 64 tasks of StepId=13008452.0 (status=0x0000).
srun: aion-0219: tasks 1024-1087: Completed
srun: Received task exit notification for 64 tasks of StepId=13008452.0 (status=0x0000).
srun: aion-0218: tasks 960-1023: Completed
srun: Received task exit notification for 64 tasks of StepId=13008452.0 (status=0x0000).
srun: aion-0221: tasks 1152-1215: Completed
srun: Received task exit notification for 60 tasks of StepId=13008452.0 (status=0x0000).
srun: aion-0233: tasks 1856-1900,1902,1904-1908,1910-1918: Completed
srun: Received task exit notification for 57 tasks of StepId=13008452.0 (status=0x0000).
srun: aion-0211: tasks 512,514-515,517-524,526-527,529-531,533-537,539-558,560-575: Completed
srun: Received task exit notification for 55 tasks of StepId=13008452.0 (status=0x0000).
srun: aion-0216: tasks 832-844,846-860,862-876,880-884,887-891,893-894: Completed
srun: Received task exit notification for 49 tasks of StepId=13008452.0 (status=0x0000).
srun: aion-0214: tasks 704,707-709,712,714-716,718-721,723-724,726-732,734-752,754-759,762,765-766: Completed
srun: Received task exit notification for 57 tasks of StepId=13008452.0 (status=0x0000).
srun: aion-0231: tasks 1728-1733,1736-1738,1740-1746,1748-1772,1774-1787,1789,1791: Completed
srun: Received task exit notification for 64 tasks of StepId=13008452.0 (status=0x0000).
srun: aion-0229: tasks 1600-1663: Completed
srun: Received task exit notification for 64 tasks of StepId=13008452.0 (status=0x0000).
srun: aion-0236: tasks 1984-2047: Completed
srun: Received task exit notification for 56 tasks of StepId=13008452.0 (status=0x0000).
srun: aion-0225: tasks 1409-1420,1422-1445,1447-1448,1450-1462,1464-1465,1467-1468,1471: Completed
srun: Received task exit notification for 57 tasks of StepId=13008452.0 (status=0x0000).
srun: aion-0212: tasks 576-608,611-620,623-632,634-635,637-638: Completed
srun: Received task exit notification for 58 tasks of StepId=13008452.0 (status=0x0000).
srun: aion-0198: tasks 192-221,223-225,227-231,234-241,244-255: Completed
srun: Received task exit notification for 57 tasks of StepId=13008452.0 (status=0x0000).
srun: aion-0213: tasks 640-649,651-661,663-675,677-681,683-695,697-698,700-702: Completed
srun: Received task exit notification for 64 tasks of StepId=13008452.0 (status=0x0000).
srun: aion-0220: tasks 1088-1151: Completed
srun: Received task exit notification for 60 tasks of StepId=13008452.0 (status=0x0000).
srun: aion-0215: tasks 768-792,794-805,807-826,828-829,831: Completed
srun: Received task exit notification for 56 tasks of StepId=13008452.0 (status=0x0000).
srun: aion-0228: tasks 1536-1540,1543-1547,1549-1550,1552-1557,1559-1579,1581-1583,1585-1597,1599: Completed
srun: Received task exit notification for 60 tasks of StepId=13008452.0 (status=0x0000).
srun: aion-0224: tasks 1344-1348,1350-1386,1388,1390-1392,1394-1407: Completed
srun: Received task exit notification for 62 tasks of StepId=13008452.0 (status=0x0000).
srun: aion-0202: tasks 320-354,356-377,379-383: Completed
srun: Received task exit notification for 60 tasks of StepId=13008452.0 (status=0x0000).
srun: aion-0230: tasks 1664-1691,1693-1697,1699-1709,1711-1712,1714-1727: Completed
srun: Received task exit notification for 59 tasks of StepId=13008452.0 (status=0x0000).
srun: aion-0232: tasks 1792-1793,1795-1801,1803-1815,1817-1833,1835-1852,1854-1855: Completed
srun: Received task exit notification for 59 tasks of StepId=13008452.0 (status=0x0000).
srun: aion-0208: tasks 448-453,455-456,458-475,477-495,497,499-511: Completed
srun: Received task exit notification for 60 tasks of StepId=13008452.0 (status=0x0000).
srun: aion-0217: tasks 896-904,906-929,931-941,943-958: Completed
srun: Received task exit notification for 62 tasks of StepId=13008452.0 (status=0x0000).
srun: aion-0222: tasks 1216-1261,1263-1275,1277-1279: Completed
== Finished at Fri Jun 12 15:51:14 CEST 2026
