== Starting run at Fri Jun 12 15:36:11 CEST 2026
== Job name: poisson-weak-scaling
== Job ID: 13008413
== Node list: aion-0045
== Submit dir: /mnt/aiongpfs/users/jhale/performance-test
== Number of tasks: 64
srun: defined options
srun: -------------------- --------------------
srun: (null)              : aion-0045
srun: jobid               : 13008413
srun: job-name            : poisson-weak-scaling
srun: mem-per-cpu         : 1750
srun: nodes               : 1
srun: ntasks              : 64
srun: ntasks-per-node     : 64
srun: oom-kill-step       : 0
srun: verbose             : 1
srun: -------------------- --------------------
srun: end of defined options
srun: jobid 13008413: nodes(1):`aion-0045', cpu counts: 128(x1)
srun: CpuBindType=(null type)
srun: launching StepId=13008413.0 on host aion-0045, 64 tasks: [0-63]
srun: topology/tree: init: topology tree plugin loaded
srun: Node aion-0045, 64 tasks started
UnitCube (159x154x162) to be refined 1 times
----------------------------------------------------------------
Test problem summary
  dolfinx version: 0.11.0
  dolfinx hash:    
  ufl hash:        b0ecf558a831e95a689410a968d4dcb1188416f7
  petsc version:   PETSc Release Version 3.25.2, Jun 01, 2026
  Problem type:    poisson
  Scaling type:    weak
  Num processes:   64
  Num cells:       190403136 (190 million)
  Total degrees of freedom:               32035575 (32 million)
  Average degrees of freedom per process: 500555
----------------------------------------------------------------
KSP Object: 64 MPI processes
  type: cg
  maximum iterations=10000, initial guess is zero
  tolerances: relative=1e-08, absolute=1e-50, divergence=10000.
  left preconditioning
  using PRECONDITIONED norm type for convergence test
PC Object: 64 MPI processes
  type: hypre
    HYPRE BoomerAMG preconditioning
      Cycle type V
      Maximum number of levels 25
      Maximum number of iterations PER hypre call 1
      Convergence tolerance PER hypre call 0.
      Threshold for strong coupling 0.7
      Interpolation truncation factor 0.
      Interpolation: max elements per row 0
      Number of levels of aggressive coarsening 4
      Number of paths for aggressive coarsening 2
      Maximum row sums 0.9
      Sweeps down         1
      Sweeps up           1
      Sweeps on coarse    1
      Relax down          symmetric-SOR/Jacobi
      Relax up            symmetric-SOR/Jacobi
      Relax on coarse     Gaussian-elimination
      Relax weight  (all)      1.
      Outer relax weight (all) 1.
      Maximum size of coarsest grid 9
      Minimum size of coarsest grid 1
      Using CF-relaxation
      Not using more complex smoothers.
      Measure type        local
      Coarsen type        Falgout
      Interpolation type  classical
      SpGEMM type         hypre
  linear system matrix, which is also used to construct the preconditioner:
  Mat Object: 64 MPI processes
    type: mpiaij
    rows=32035575, cols=32035575
    total: nonzeros=478116067, allocated nonzeros=478116067
    total number of mallocs used during MatSetValues calls=0
      not using I-node (on process 0) routines

[MPI_MAX] Summary of timings (s)                                            |  reps        avg        tot
---------------------------------------------------------------------------------------------------------
Build BoxMesh (tetrahedra)                                                  |     1   3.636099   3.636099
Compute connectivity 1-0                                                    |     1   0.035409   0.035409
Compute connectivity 2-0                                                    |     2   0.342061   0.684121
Compute entities by key matching: number entities                           |     3   1.008582   3.025746
Compute entities of dim = 1                                                 |     1   1.523609   1.523609
Compute entities of dim = 2                                                 |     2   3.875424   7.750848
Compute ghost indices                                                       |     2   0.256738   0.513475
Compute graph partition (ParMETIS)                                          |     2   7.368383  14.736767
Compute local part of mesh dual graph (mixed)                               |     4   2.895107  11.580428
Compute local-to-local map                                                  |     2   0.058213   0.116426
Compute non-local part of mesh dual graph                                   |     2   0.655213   1.310426
Compute-local-to-global links for global/local adjacency list               |     2   0.050514   0.101027
Distribute fixed-degree adjacency list to destination ranks                 |     2   0.985538   1.971077
Distribute row-wise data (scalable)                                         |     2   0.077598   0.155196
Dofmap builder: build dofmap data                                           |     3   0.301378   0.904135
Dofmap builder: compute dof reordering map                                  |     3   0.017569   0.052708
Dofmap builder: get dofmap global indices                                   |     3   0.117267   0.351802
Dofmap builder: init dofmap from element dofmap                             |     3   0.112454   0.337363
Extend graph destination ranks for halo                                     |     1   3.782213   3.782213
GPS: create_level_structure                                                 |     6   0.143148   1.860921
Gibbs-Poole-Stockmeyer ordering                                             |     2   1.441547   2.883095
Init MPI                                                                    |     1   1.850395   1.850395
Init PETSc                                                                  |     1   0.009214   0.009214
Init logging                                                                |     1   0.000032   0.000032
PETSc Krylov solver                                                         |     1  13.931809  13.931809
PLAZA: Enforce rules                                                        |     1   0.079676   0.079676
PLAZA: refine                                                               |     1   2.670278   2.670278
ParMETIS: call ParMETIS_V3_PartKway                                         |     2   5.379634  10.759269
SparsityPattern::finalize                                                   |     1   1.210125   1.210125
Threaded part                                                               |     3   0.218817   0.656450
Topology: 0                                                                 |     2   0.000018   0.000036
Topology: 1                                                                 |     2   1.447158   2.894317
Topology: 2                                                                 |     2   0.016459   0.032917
Topology: 3                                                                 |     2   0.557637   1.115274
Topology: 4                                                                 |     2   0.395604   0.791208
Topology: 5                                                                 |     2   0.004723   0.009446
Topology: 6                                                                 |     2   0.044471   0.088942
Topology: 7                                                                 |     2   0.614606   1.229211
Topology: create                                                            |     2   2.970235   5.940469
Topology: determine shared index ownership                                  |     2   1.274794   2.549588
Topology: determine vertex ownership groups (owned, undetermined, unowned)  |     2   0.424945   0.849890
ZZZ Assemble                                                                |     1   7.002649   7.002649
ZZZ Assemble matrix                                                         |     1   2.501624   2.501624
ZZZ Assemble vector                                                         |     1   0.581588   0.581588
ZZZ Create Mesh                                                             |     1  41.839304  41.839304
ZZZ Create RHS function                                                     |     1   2.102386   2.102386
ZZZ Create boundary conditions                                              |     1   0.166890   0.166890
ZZZ Create facets and facet->cell connectivity                              |     1   7.053097   7.053097
ZZZ FunctionSpace                                                           |     1   0.516889   0.516889
ZZZ Solve                                                                   |     1  13.999114  13.999114
[Apply lifting]                                                             |     1   0.041333   0.041333
[Assemble Matrix]                                                           |     2   1.138324   2.276648
*** Number of Krylov iterations: 16
*** Solution norm:  1204.29
****************************************************************************************************************************************************************
***                                WIDEN YOUR WINDOW TO 160 CHARACTERS.  Use 'enscript -r -fCourier9' to print this document                                 ***
****************************************************************************************************************************************************************

------------------------------------------------------------------ PETSc Performance Summary: ------------------------------------------------------------------

/mnt/aiongpfs/users/jhale/performance-test/./build-dir/dolfinx-scaling-test on a  named aion-0045 with 64 processes, by jhale on Fri Jun 12 15:37:32 2026
Using PETSc Release Version 3.25.2, Jun 01, 2026

                         Max       Max/Min     Avg       Total
Time (sec):           7.029e+01     1.000   7.028e+01
Objects:              0.000e+00     0.000   0.000e+00
Flops:                3.759e+08     1.229   3.685e+08  2.359e+10
Flops/sec:            5.348e+06     1.229   5.244e+06  3.356e+08
MPI Msg Count:        4.320e+02     4.500   2.348e+02  1.502e+04
MPI Msg Len (bytes):  1.691e+07     1.986   5.533e+04  8.313e+08
MPI Reductions:       9.900e+01     1.000

Flop counting convention: 1 flop = 1 real number operation of type (multiply/divide/add/subtract)
                            e.g., VecAXPY() for real vectors of length N --> 2N flops
                            and VecAXPY() for complex vectors of length N --> 8N flops

Summary of Stages:   ----- Time ------  ----- Flop ------  --- Messages ---  -- Message Lengths --  -- Reductions --
                        Avg     %Total     Avg     %Total    Count   %Total     Avg         %Total    Count   %Total
 0:      Main Stage: 7.0282e+01 100.0%  2.3587e+10 100.0%  1.502e+04 100.0%  5.533e+04      100.0%  8.100e+01  81.8%

------------------------------------------------------------------------------------------------------------------------
See the 'Profiling' chapter of the users' manual for details on interpreting output.
Phase summary info:
   Count: number of times phase was executed
   Time and Flop: Max - maximum over all processes
                  Ratio - ratio of maximum to minimum over all processes
   Mess: number of messages sent
   AvgLen: average message length (bytes)
   Reduct: number of global reductions
   Global: entire computation
   Stage: stages of a computation. Set stages with PetscLogStagePush() and PetscLogStagePop().
      %T - percent time in this phase         %F - percent flop in this phase
      %M - percent messages in this phase     %L - percent message lengths in this phase
      %R - percent reductions in this phase
   Total Mflop/s: 1e-6 * (sum of flop over all processes)/(max time over all processes)
------------------------------------------------------------------------------------------------------------------------
Event                Count      Time (sec)     Flop                              --- Global ---  --- Stage ----  Total
                   Max Ratio  Max     Ratio   Max  Ratio  Mess   AvgLen  Reduct  %T %F %M %L %R  %T %F %M %L %R Mflop/s
------------------------------------------------------------------------------------------------------------------------

--- Event Stage 0: Main Stage

BuildTwoSided          5 1.0 7.1727e-01 162.5 0.00e+00 0.0 2.5e+03 8.0e+00 5.0e+00  0  0 17  0  5   0  0 17  0  6     0
BuildTwoSidedF         2 1.0 7.1414e-01 231.1 0.00e+00 0.0 1.3e+03 2.4e+05 2.0e+00  0  0  8 37  2   0  0  8 37  2     0
MatMult               16 1.0 1.0009e+00 1.1 2.35e+08 1.2 1.0e+04 4.6e+04 0.0e+00  1 63 67 56  0   1 63 67 56  0 14774
MatConvert             1 1.0 1.1031e+00 1.1 0.00e+00 0.0 0.0e+00 0.0e+00 2.0e+00  2  0  0  0  2   2  0  0  0  2     0
MatAssemblyBegin       5 1.0 7.8854e-01 7.3 0.00e+00 0.0 1.3e+03 2.4e+05 2.0e+00  1  0  8 37  2   1  0  8 37  2     0
MatAssemblyEnd         5 1.0 4.2313e-01 1.5 1.43e+05 2.0 1.3e+03 2.3e+04 5.0e+00  0  0  8  3  5   0  0  8  3  6    17
MatGetRowIJ            4 1.0 1.3720e-05 3.5 0.00e+00 0.0 0.0e+00 0.0e+00 0.0e+00  0  0  0  0  0   0  0  0  0  0     0
MatView                1 1.0 1.4410e-03 4.5 0.00e+00 0.0 0.0e+00 0.0e+00 1.0e+00  0  0  0  0  1   0  0  0  0  1     0
MatSetPreallCOO        2 1.0 4.6978e-01 1.3 0.00e+00 0.0 0.0e+00 0.0e+00 0.0e+00  1  0  0  0  0   1  0  0  0  0     0
MatSetValuesCOO        2 1.0 1.8289e-01 1.8 0.00e+00 0.0 0.0e+00 0.0e+00 0.0e+00  0  0  0  0  0   0  0  0  0  0     0
VecTDot               34 1.0 1.8305e-01 2.2 3.49e+07 1.2 0.0e+00 0.0e+00 3.4e+01  0  9  0  0 34   0  9  0  0 42 11901
VecNorm               17 1.0 2.4022e-01 50.3 1.74e+07 1.2 0.0e+00 0.0e+00 1.7e+01  0  5  0  0 17   0  5  0  0 21  4534
VecCopy                2 1.0 1.0565e-02 1.3 0.00e+00 0.0 0.0e+00 0.0e+00 0.0e+00  0  0  0  0  0   0  0  0  0  0     0
VecSet                18 1.0 4.8468e-02 1.7 0.00e+00 0.0 0.0e+00 0.0e+00 0.0e+00  0  0  0  0  0   0  0  0  0  0     0
VecAXPY               32 1.0 1.5332e-01 1.3 3.28e+07 1.2 0.0e+00 0.0e+00 0.0e+00  0  9  0  0  0   0  9  0  0  0 13372
VecAYPX               15 1.0 6.4094e-02 1.3 1.54e+07 1.2 0.0e+00 0.0e+00 0.0e+00  0  4  0  0  0   0  4  0  0  0 14995
VecScatterBegin       16 1.0 2.5587e-02 2.0 0.00e+00 0.0 1.0e+04 4.6e+04 0.0e+00  0  0 67 56  0   0  0 67 56  0     0
VecScatterEnd         16 1.0 1.7614e-01 101.8 0.00e+00 0.0 0.0e+00 0.0e+00 0.0e+00  0  0  0  0  0   0  0  0  0  0     0
SFSetGraph             3 1.0 1.9451e-03 2.3 0.00e+00 0.0 0.0e+00 0.0e+00 0.0e+00  0  0  0  0  0   0  0  0  0  0     0
SFSetUp                3 1.0 9.4708e-03 1.4 0.00e+00 0.0 3.8e+03 1.7e+04 3.0e+00  0  0 25  8  3   0  0 25  8  4     0
SFPack                16 1.0 2.4517e-02 2.0 0.00e+00 0.0 0.0e+00 0.0e+00 0.0e+00  0  0  0  0  0   0  0  0  0  0     0
SFUnpack              16 1.0 3.1770e-05 8.0 0.00e+00 0.0 0.0e+00 0.0e+00 0.0e+00  0  0  0  0  0   0  0  0  0  0     0
KSPSetUp               1 1.0 1.1030e-02 1.4 0.00e+00 0.0 0.0e+00 0.0e+00 0.0e+00  0  0  0  0  0   0  0  0  0  0     0
KSPSolve               1 1.0 1.0005e+01 1.0 3.36e+08 1.2 1.0e+04 4.6e+04 5.1e+01 14 89 67 56 52  14 89 67 56 63  2106
PCSetUp                1 1.0 3.9165e+00 1.0 0.00e+00 0.0 0.0e+00 0.0e+00 2.0e+00  6  0  0  0  2   6  0  0  0  2     0
PCApply               17 1.0 8.6877e+00 1.0 0.00e+00 0.0 0.0e+00 0.0e+00 0.0e+00 12  0  0  0  0  12  0  0  0  0     0
------------------------------------------------------------------------------------------------------------------------

Object Type          Creations   Destructions. Reports information only for process 0.

--- Event Stage 0: Main Stage

           Container     2              2
              Matrix     7              7
           Index Set     6              6
   IS L to G Mapping     2              2
              Vector    12             12
   Star Forest Graph     3              3
       Krylov Solver     1              1
      Preconditioner     1              1
              Viewer     1              1
========================================================================================================================
Average time to get PetscTime(): 3.4e-08
Average time for MPI_Barrier(): 2.936e-06
Average time for zero size MPI_Send(): 4.55658e-06
#PETSc Option Table entries:
--ndofs 500000 # (source: command line)
--problem_type poisson # (source: command line)
--scaling_type weak # (source: command line)
-ksp_rtol 1.0e-8 # (source: command line)
-ksp_type cg # (source: command line)
-ksp_view # (source: command line)
-log_view # (source: command line)
-options_left # (source: command line)
-pc_hypre_boomeramg_agg_nl 4 # (source: command line)
-pc_hypre_boomeramg_agg_num_paths 2 # (source: command line)
-pc_hypre_boomeramg_strong_threshold 0.7 # (source: command line)
-pc_hypre_type boomeramg # (source: command line)
-pc_type hypre # (source: command line)
#End of PETSc Option Table entries
Compiled without FORTRAN kernels
Compiled with 64-bit PetscInt
Compiled with full precision matrices (default)
sizeof(short) 2 sizeof(int) 4 sizeof(long) 8 sizeof(void*) 8 sizeof(PetscScalar) 8 sizeof(PetscInt) 8
Configure options: --prefix=/mnt/aiongpfs/users/jhale/spack/opt/spack/linux-zen2/petsc-3.25.2-odiylyospx3cnz52ljb7gnwpxotuz4y2 --with-ssl=0 --download-c2html=0 --download-sowing=0 --download-hwloc=0 --with-make-exec=/mnt/aiongpfs/users/jhale/spack/opt/spack/linux-zen2/gmake-4.4.1-dy3lr4j3xz7ohrvmznvhy2cnv7qt5wue/bin/make --with-cc=/opt/apps/easybuild/systems/aion/rhel810-20250803/2023b/epyc/software/OpenMPI/4.1.6-GCC-13.2.0/bin/mpicc --with-cxx=/opt/apps/easybuild/systems/aion/rhel810-20250803/2023b/epyc/software/OpenMPI/4.1.6-GCC-13.2.0/bin/mpic++ --with-fc=/opt/apps/easybuild/systems/aion/rhel810-20250803/2023b/epyc/software/OpenMPI/4.1.6-GCC-13.2.0/bin/mpif90 --with-fortran-bindings=1 --with-precision=double --with-scalar-type=real --with-shared-libraries=1 --with-debugging=0 --with-openmp=0 --with-64-bit-indices=1 --with-blaslapack-lib=/mnt/aiongpfs/users/jhale/spack/opt/spack/linux-zen2/openblas-0.3.29-5klil5x2yeczk2ulskuwosvogqbikjuf/lib/libopenblas.so --with-x=0 --with-sycl=0 --with-clanguage=C --with-cuda=0 --with-hip=0 --with-metis=0 --with-hypre=1 --with-hypre-include=/mnt/aiongpfs/users/jhale/spack/opt/spack/linux-zen2/hypre-3.1.0-umdbbxdhvhmsrhehcygxa6dj7qdxyj3h/include --with-hypre-lib=/mnt/aiongpfs/users/jhale/spack/opt/spack/linux-zen2/hypre-3.1.0-umdbbxdhvhmsrhehcygxa6dj7qdxyj3h/lib64/libHYPRE.so --with-parmetis=0 --with-kokkos=0 --with-kokkos-kernels=0 --with-superlu_dist=1 --with-superlu_dist-include=/mnt/aiongpfs/users/jhale/spack/opt/spack/linux-zen2/superlu-dist-9.2.1-nonyvz7ppfz24rp6szh3z6wm2cqyseqz/include --with-superlu_dist-lib=/mnt/aiongpfs/users/jhale/spack/opt/spack/linux-zen2/superlu-dist-9.2.1-nonyvz7ppfz24rp6szh3z6wm2cqyseqz/lib/libsuperlu_dist.so --with-ptscotch=0 --with-suitesparse=0 --with-hdf5=0 --with-zlib=0 --with-mumps=1 --with-mumps-include=/mnt/aiongpfs/users/jhale/spack/opt/spack/linux-zen2/mumps-5.9.0-c5uszlbk4oysjbgdl6u466woj63act32/include --with-mumps-lib="/mnt/aiongpfs/users/jhale/spack/opt/spack/linux-zen2/mumps-5.9.0-c5uszlbk4oysjbgdl6u466woj63act32/lib/libcmumps.so /mnt/aiongpfs/users/jhale/spack/opt/spack/linux-zen2/mumps-5.9.0-c5uszlbk4oysjbgdl6u466woj63act32/lib/libdmumps.so /mnt/aiongpfs/users/jhale/spack/opt/spack/linux-zen2/mumps-5.9.0-c5uszlbk4oysjbgdl6u466woj63act32/lib/libsmumps.so /mnt/aiongpfs/users/jhale/spack/opt/spack/linux-zen2/mumps-5.9.0-c5uszlbk4oysjbgdl6u466woj63act32/lib/libzmumps.so /mnt/aiongpfs/users/jhale/spack/opt/spack/linux-zen2/mumps-5.9.0-c5uszlbk4oysjbgdl6u466woj63act32/lib/libmumps_common.so /mnt/aiongpfs/users/jhale/spack/opt/spack/linux-zen2/mumps-5.9.0-c5uszlbk4oysjbgdl6u466woj63act32/lib/libpord.so" --with-fftw=0 --with-valgrind=0 --with-gmp=0 --with-libpng=0 --with-giflib=0 --with-mpfr=0 --with-netcdf=0 --with-pnetcdf=0 --with-moab=0 --with-random123=0 --with-cgns=0 --with-memkind=0 --with-p4est=0 --with-saws=0 --with-yaml=0 --with-hwloc=0 --with-libjpeg=0 --with-scalapack=1 --with-scalapack-lib=/mnt/aiongpfs/users/jhale/spack/opt/spack/linux-zen2/netlib-scalapack-2.2.3-qkioui5ffbcv7zmlyjhofw44jmgx32sc/lib64/libscalapack.so --with-strumpack=0 --with-mmg=0 --with-parmmg=0 --with-tetgen=0 --with-trilinos=0 --with-trilinos=0 --with-trilinos=0 --with-cudac=0 --with-hipc=0
-----------------------------------------
Libraries compiled on 2026-06-12 13:19:19 on aion-0248
Machine characteristics: Linux-4.18.0-553.129.1.el8_10.x86_64-x86_64-with-glibc2.28
Using PETSc directory: /mnt/aiongpfs/users/jhale/spack/opt/spack/linux-zen2/petsc-3.25.2-odiylyospx3cnz52ljb7gnwpxotuz4y2
Using PETSc arch: 
-----------------------------------------

Using C compiler: /opt/apps/easybuild/systems/aion/rhel810-20250803/2023b/epyc/software/OpenMPI/4.1.6-GCC-13.2.0/bin/mpicc  -fPIC -Wall -Wwrite-strings -Wno-unknown-pragmas -Wno-lto-type-mismatch -Wno-stringop-overflow -fstack-protector -fvisibility=hidden -g -O 
Using Fortran compiler: /opt/apps/easybuild/systems/aion/rhel810-20250803/2023b/epyc/software/OpenMPI/4.1.6-GCC-13.2.0/bin/mpif90  -fPIC -Wall -ffree-line-length-none -ffree-line-length-0 -Wno-lto-type-mismatch -Wno-unused-dummy-argument -g -O   
-----------------------------------------

Using include paths: -I/mnt/aiongpfs/users/jhale/spack/opt/spack/linux-zen2/petsc-3.25.2-odiylyospx3cnz52ljb7gnwpxotuz4y2/include -I/mnt/aiongpfs/users/jhale/spack/opt/spack/linux-zen2/hypre-3.1.0-umdbbxdhvhmsrhehcygxa6dj7qdxyj3h/include -I/mnt/aiongpfs/users/jhale/spack/opt/spack/linux-zen2/mumps-5.9.0-c5uszlbk4oysjbgdl6u466woj63act32/include -I/mnt/aiongpfs/users/jhale/spack/opt/spack/linux-zen2/superlu-dist-9.2.1-nonyvz7ppfz24rp6szh3z6wm2cqyseqz/include
-----------------------------------------

Using C linker: /opt/apps/easybuild/systems/aion/rhel810-20250803/2023b/epyc/software/OpenMPI/4.1.6-GCC-13.2.0/bin/mpicc
Using Fortran linker: /opt/apps/easybuild/systems/aion/rhel810-20250803/2023b/epyc/software/OpenMPI/4.1.6-GCC-13.2.0/bin/mpif90
Using libraries: -Wl,-rpath,/mnt/aiongpfs/users/jhale/spack/opt/spack/linux-zen2/petsc-3.25.2-odiylyospx3cnz52ljb7gnwpxotuz4y2/lib -L/mnt/aiongpfs/users/jhale/spack/opt/spack/linux-zen2/petsc-3.25.2-odiylyospx3cnz52ljb7gnwpxotuz4y2/lib -lpetsc -Wl,-rpath,/mnt/aiongpfs/users/jhale/spack/opt/spack/linux-zen2/hypre-3.1.0-umdbbxdhvhmsrhehcygxa6dj7qdxyj3h/lib64 -L/mnt/aiongpfs/users/jhale/spack/opt/spack/linux-zen2/hypre-3.1.0-umdbbxdhvhmsrhehcygxa6dj7qdxyj3h/lib64 -Wl,-rpath,/mnt/aiongpfs/users/jhale/spack/opt/spack/linux-zen2/mumps-5.9.0-c5uszlbk4oysjbgdl6u466woj63act32/lib -L/mnt/aiongpfs/users/jhale/spack/opt/spack/linux-zen2/mumps-5.9.0-c5uszlbk4oysjbgdl6u466woj63act32/lib -Wl,-rpath,/mnt/aiongpfs/users/jhale/spack/opt/spack/linux-zen2/netlib-scalapack-2.2.3-qkioui5ffbcv7zmlyjhofw44jmgx32sc/lib64 -L/mnt/aiongpfs/users/jhale/spack/opt/spack/linux-zen2/netlib-scalapack-2.2.3-qkioui5ffbcv7zmlyjhofw44jmgx32sc/lib64 -Wl,-rpath,/mnt/aiongpfs/users/jhale/spack/opt/spack/linux-zen2/superlu-dist-9.2.1-nonyvz7ppfz24rp6szh3z6wm2cqyseqz/lib -L/mnt/aiongpfs/users/jhale/spack/opt/spack/linux-zen2/superlu-dist-9.2.1-nonyvz7ppfz24rp6szh3z6wm2cqyseqz/lib -Wl,-rpath,/mnt/aiongpfs/users/jhale/spack/opt/spack/linux-zen2/openblas-0.3.29-5klil5x2yeczk2ulskuwosvogqbikjuf/lib -L/mnt/aiongpfs/users/jhale/spack/opt/spack/linux-zen2/openblas-0.3.29-5klil5x2yeczk2ulskuwosvogqbikjuf/lib -Wl,-rpath,/opt/apps/easybuild/systems/aion/rhel810-20250803/2023b/epyc/software/OpenMPI/4.1.6-GCC-13.2.0/lib -L/opt/apps/easybuild/systems/aion/rhel810-20250803/2023b/epyc/software/OpenMPI/4.1.6-GCC-13.2.0/lib -Wl,-rpath,/opt/apps/easybuild/systems/aion/rhel810-20250803/2023b/epyc/software/hwloc/2.9.2-GCCcore-13.2.0/lib -L/opt/apps/easybuild/systems/aion/rhel810-20250803/2023b/epyc/software/hwloc/2.9.2-GCCcore-13.2.0/lib -Wl,-rpath,/opt/apps/easybuild/systems/aion/rhel810-20250803/2023b/epyc/software/libevent/2.1.12-GCCcore-13.2.0/lib -L/opt/apps/easybuild/systems/aion/rhel810-20250803/2023b/epyc/software/libevent/2.1.12-GCCcore-13.2.0/lib -Wl,-rpath,/mnt/aiongpfs/apps/easybuild/systems/aion/rhel810-20251006/2023b/epyc/software/GCCcore/13.2.0/lib/gcc/x86_64-pc-linux-gnu/13.2.0 -L/mnt/aiongpfs/apps/easybuild/systems/aion/rhel810-20251006/2023b/epyc/software/GCCcore/13.2.0/lib/gcc/x86_64-pc-linux-gnu/13.2.0 -Wl,-rpath,/mnt/aiongpfs/apps/easybuild/systems/aion/rhel810-20251006/2023b/epyc/software/GCCcore/13.2.0/lib/gcc -L/mnt/aiongpfs/apps/easybuild/systems/aion/rhel810-20251006/2023b/epyc/software/GCCcore/13.2.0/lib/gcc -Wl,-rpath,/opt/apps/easybuild/systems/aion/rhel810-20250803/2023b/epyc/software/binutils/2.40-GCCcore-13.2.0/lib64 -L/opt/apps/easybuild/systems/aion/rhel810-20250803/2023b/epyc/software/binutils/2.40-GCCcore-13.2.0/lib64 -Wl,-rpath,/opt/apps/easybuild/systems/aion/rhel810-20250803/2023b/epyc/software/OpenMPI/4.1.6-GCC-13.2.0/lib64 -L/opt/apps/easybuild/systems/aion/rhel810-20250803/2023b/epyc/software/OpenMPI/4.1.6-GCC-13.2.0/lib64 -Wl,-rpath,/opt/apps/easybuild/systems/aion/rhel810-20250803/2023b/epyc/software/UCC/1.2.0-GCCcore-13.2.0/lib64 -L/opt/apps/easybuild/systems/aion/rhel810-20250803/2023b/epyc/software/UCC/1.2.0-GCCcore-13.2.0/lib64 -Wl,-rpath,/opt/apps/easybuild/systems/aion/rhel810-20250803/2023b/epyc/software/PMIx/4.2.6-GCCcore-13.2.0/lib64 -L/opt/apps/easybuild/systems/aion/rhel810-20250803/2023b/epyc/software/PMIx/4.2.6-GCCcore-13.2.0/lib64 -Wl,-rpath,/opt/apps/easybuild/systems/aion/rhel810-20250803/2023b/epyc/software/libfabric/1.19.0-GCCcore-13.2.0/lib64 -L/opt/apps/easybuild/systems/aion/rhel810-20250803/2023b/epyc/software/libfabric/1.19.0-GCCcore-13.2.0/lib64 -Wl,-rpath,/opt/apps/easybuild/systems/aion/rhel810-20250803/2023b/epyc/software/UCX/1.15.0-GCCcore-13.2.0/lib64 -L/opt/apps/easybuild/systems/aion/rhel810-20250803/2023b/epyc/software/UCX/1.15.0-GCCcore-13.2.0/lib64 -Wl,-rpath,/opt/apps/easybuild/systems/aion/rhel810-20250803/2023b/epyc/software/libevent/2.1.12-GCCcore-13.2.0/lib64 -L/opt/apps/easybuild/systems/aion/rhel810-20250803/2023b/epyc/software/libevent/2.1.12-GCCcore-13.2.0/lib64 -Wl,-rpath,/opt/apps/easybuild/systems/aion/rhel810-20250803/2023b/epyc/software/OpenSSL/1.1/lib64 -L/opt/apps/easybuild/systems/aion/rhel810-20250803/2023b/epyc/software/OpenSSL/1.1/lib64 -Wl,-rpath,/opt/apps/easybuild/systems/aion/rhel810-20250803/2023b/epyc/software/hwloc/2.9.2-GCCcore-13.2.0/lib64 -L/opt/apps/easybuild/systems/aion/rhel810-20250803/2023b/epyc/software/hwloc/2.9.2-GCCcore-13.2.0/lib64 -Wl,-rpath,/opt/apps/easybuild/systems/aion/rhel810-20250803/2023b/epyc/software/libpciaccess/0.17-GCCcore-13.2.0/lib64 -L/opt/apps/easybuild/systems/aion/rhel810-20250803/2023b/epyc/software/libpciaccess/0.17-GCCcore-13.2.0/lib64 -Wl,-rpath,/opt/apps/easybuild/systems/aion/rhel810-20250803/2023b/epyc/software/numactl/2.0.16-GCCcore-13.2.0/lib64 -L/opt/apps/easybuild/systems/aion/rhel810-20250803/2023b/epyc/software/numactl/2.0.16-GCCcore-13.2.0/lib64 -Wl,-rpath,/opt/apps/easybuild/systems/aion/rhel810-20250803/2023b/epyc/software/zlib/1.2.13-GCCcore-13.2.0/lib64 -L/opt/apps/easybuild/systems/aion/rhel810-20250803/2023b/epyc/software/zlib/1.2.13-GCCcore-13.2.0/lib64 -Wl,-rpath,/opt/apps/easybuild/systems/aion/rhel810-20250803/2023b/epyc/software/libxml2/2.11.5-GCCcore-13.2.0/lib64 -L/opt/apps/easybuild/systems/aion/rhel810-20250803/2023b/epyc/software/libxml2/2.11.5-GCCcore-13.2.0/lib64 -Wl,-rpath,/opt/apps/easybuild/systems/aion/rhel810-20250803/2023b/epyc/software/XZ/5.4.4-GCCcore-13.2.0/lib64 -L/opt/apps/easybuild/systems/aion/rhel810-20250803/2023b/epyc/software/XZ/5.4.4-GCCcore-13.2.0/lib64 -Wl,-rpath,/mnt/aiongpfs/apps/easybuild/systems/aion/rhel810-20251006/2023b/epyc/software/GCCcore/13.2.0/lib64 -L/mnt/aiongpfs/apps/easybuild/systems/aion/rhel810-20251006/2023b/epyc/software/GCCcore/13.2.0/lib64 -Wl,-rpath,/opt/apps/easybuild/systems/aion/rhel810-20250803/2023b/epyc/software/binutils/2.40-GCCcore-13.2.0/lib -L/opt/apps/easybuild/systems/aion/rhel810-20250803/2023b/epyc/software/binutils/2.40-GCCcore-13.2.0/lib -Wl,-rpath,/opt/apps/easybuild/systems/aion/rhel810-20250803/2023b/epyc/software/UCC/1.2.0-GCCcore-13.2.0/lib -L/opt/apps/easybuild/systems/aion/rhel810-20250803/2023b/epyc/software/UCC/1.2.0-GCCcore-13.2.0/lib -Wl,-rpath,/opt/apps/easybuild/systems/aion/rhel810-20250803/2023b/epyc/software/PMIx/4.2.6-GCCcore-13.2.0/lib -L/opt/apps/easybuild/systems/aion/rhel810-20250803/2023b/epyc/software/PMIx/4.2.6-GCCcore-13.2.0/lib -Wl,-rpath,/opt/apps/easybuild/systems/aion/rhel810-20250803/2023b/epyc/software/libfabric/1.19.0-GCCcore-13.2.0/lib -L/opt/apps/easybuild/systems/aion/rhel810-20250803/2023b/epyc/software/libfabric/1.19.0-GCCcore-13.2.0/lib -Wl,-rpath,/opt/apps/easybuild/systems/aion/rhel810-20250803/2023b/epyc/software/UCX/1.15.0-GCCcore-13.2.0/lib -L/opt/apps/easybuild/systems/aion/rhel810-20250803/2023b/epyc/software/UCX/1.15.0-GCCcore-13.2.0/lib -Wl,-rpath,/opt/apps/easybuild/systems/aion/rhel810-20250803/2023b/epyc/software/libpciaccess/0.17-GCCcore-13.2.0/lib -L/opt/apps/easybuild/systems/aion/rhel810-20250803/2023b/epyc/software/libpciaccess/0.17-GCCcore-13.2.0/lib -Wl,-rpath,/opt/apps/easybuild/systems/aion/rhel810-20250803/2023b/epyc/software/numactl/2.0.16-GCCcore-13.2.0/lib -L/opt/apps/easybuild/systems/aion/rhel810-20250803/2023b/epyc/software/numactl/2.0.16-GCCcore-13.2.0/lib -Wl,-rpath,/opt/apps/easybuild/systems/aion/rhel810-20250803/2023b/epyc/software/zlib/1.2.13-GCCcore-13.2.0/lib -L/opt/apps/easybuild/systems/aion/rhel810-20250803/2023b/epyc/software/zlib/1.2.13-GCCcore-13.2.0/lib -Wl,-rpath,/opt/apps/easybuild/systems/aion/rhel810-20250803/2023b/epyc/software/libxml2/2.11.5-GCCcore-13.2.0/lib -L/opt/apps/easybuild/systems/aion/rhel810-20250803/2023b/epyc/software/libxml2/2.11.5-GCCcore-13.2.0/lib -Wl,-rpath,/opt/apps/easybuild/systems/aion/rhel810-20250803/2023b/epyc/software/XZ/5.4.4-GCCcore-13.2.0/lib -L/opt/apps/easybuild/systems/aion/rhel810-20250803/2023b/epyc/software/XZ/5.4.4-GCCcore-13.2.0/lib -Wl,-rpath,/mnt/aiongpfs/apps/easybuild/systems/aion/rhel810-20251006/2023b/epyc/software/GCCcore/13.2.0/lib -L/mnt/aiongpfs/apps/easybuild/systems/aion/rhel810-20251006/2023b/epyc/software/GCCcore/13.2.0/lib -lHYPRE -lcmumps -ldmumps -lsmumps -lzmumps -lmumps_common -lpord -lscalapack -lsuperlu_dist -lopenblas -lpthread -lm -ldl -lmpi_usempif08 -lmpi_usempi_ignore_tkr -lmpi_mpifh -lmpi -lgfortran -lm -lgfortran -lm -lgcc_s -lquadmath -lstdc++ -lquadmath -ldl
-----------------------------------------

WARNING! There are options you set that were not used!
WARNING! could be spelling mistake, etc!
There are 3 unused database options. They are:
Option left: name:--ndofs value: 500000 source: command line
Option left: name:--problem_type value: poisson source: command line
Option left: name:--scaling_type value: weak source: command line
srun: Received task exit notification for 64 tasks of StepId=13008413.0 (status=0x0000).
srun: aion-0045: tasks 0-63: Completed
== Finished at Fri Jun 12 15:37:33 CEST 2026
