== Starting run at Fri Jun 12 15:36:11 CEST 2026
== Job name: poisson-weak-scaling
== Job ID: 13008416
== Node list: aion-[0085-0088,0097-0100]
== Submit dir: /mnt/aiongpfs/users/jhale/performance-test
== Number of tasks: 512
srun: defined options
srun: -------------------- --------------------
srun: (null)              : aion-[0085-0088,0097-0100]
srun: jobid               : 13008416
srun: job-name            : poisson-weak-scaling
srun: mem-per-cpu         : 1750
srun: nodes               : 8
srun: ntasks              : 512
srun: ntasks-per-node     : 64
srun: oom-kill-step       : 0
srun: verbose             : 1
srun: -------------------- --------------------
srun: end of defined options
srun: jobid 13008416: nodes(8):`aion-[0085-0088,0097-0100]', cpu counts: 128(x8)
srun: CpuBindType=(null type)
srun: launching StepId=13008416.0 on host aion-0085, 64 tasks: [0-63]
srun: launching StepId=13008416.0 on host aion-0086, 64 tasks: [64-127]
srun: launching StepId=13008416.0 on host aion-0087, 64 tasks: [128-191]
srun: launching StepId=13008416.0 on host aion-0088, 64 tasks: [192-255]
srun: launching StepId=13008416.0 on host aion-0097, 64 tasks: [256-319]
srun: launching StepId=13008416.0 on host aion-0098, 64 tasks: [320-383]
srun: launching StepId=13008416.0 on host aion-0099, 64 tasks: [384-447]
srun: launching StepId=13008416.0 on host aion-0100, 64 tasks: [448-511]
srun: topology/tree: init: topology tree plugin loaded
srun: Node aion-0085, 64 tasks started
srun: Node aion-0087, 64 tasks started
srun: Node aion-0086, 64 tasks started
srun: Node aion-0099, 64 tasks started
srun: Node aion-0098, 64 tasks started
srun: Node aion-0088, 64 tasks started
srun: Node aion-0097, 64 tasks started
srun: Node aion-0100, 64 tasks started
UnitCube (159x154x163) to be refined 2 times
----------------------------------------------------------------
Test problem summary
  dolfinx version: 0.11.0
  dolfinx hash:    
  ufl hash:        b0ecf558a831e95a689410a968d4dcb1188416f7
  petsc version:   PETSc Release Version 3.25.2, Jun 01, 2026
  Problem type:    poisson
  Scaling type:    weak
  Num processes:   512
  Num cells:       1532627712 (1.53 billion)
  Total degrees of freedom:               256647937 (257 million)
  Average degrees of freedom per process: 501265
----------------------------------------------------------------
KSP Object: 512 MPI processes
  type: cg
  maximum iterations=10000, initial guess is zero
  tolerances: relative=1e-08, absolute=1e-50, divergence=10000.
  left preconditioning
  using PRECONDITIONED norm type for convergence test
PC Object: 512 MPI processes
  type: hypre
    HYPRE BoomerAMG preconditioning
      Cycle type V
      Maximum number of levels 25
      Maximum number of iterations PER hypre call 1
      Convergence tolerance PER hypre call 0.
      Threshold for strong coupling 0.7
      Interpolation truncation factor 0.
      Interpolation: max elements per row 0
      Number of levels of aggressive coarsening 4
      Number of paths for aggressive coarsening 2
      Maximum row sums 0.9
      Sweeps down         1
      Sweeps up           1
      Sweeps on coarse    1
      Relax down          symmetric-SOR/Jacobi
      Relax up            symmetric-SOR/Jacobi
      Relax on coarse     Gaussian-elimination
      Relax weight  (all)      1.
      Outer relax weight (all) 1.
      Maximum size of coarsest grid 9
      Minimum size of coarsest grid 1
      Using CF-relaxation
      Not using more complex smoothers.
      Measure type        local
      Coarsen type        Falgout
      Interpolation type  classical
      SpGEMM type         hypre
  linear system matrix, which is also used to construct the preconditioner:
  Mat Object: 512 MPI processes
    type: mpiaij
    rows=256647937, cols=256647937
    total: nonzeros=3840031553, allocated nonzeros=3840031553
    total number of mallocs used during MatSetValues calls=0
      not using I-node (on process 0) routines

[MPI_MAX] Summary of timings (s)                                            |  reps        avg        tot
---------------------------------------------------------------------------------------------------------
Build BoxMesh (tetrahedra)                                                  |     1   0.692209   0.692209
Compute connectivity 1-0                                                    |     2   0.021641   0.043282
Compute connectivity 2-0                                                    |     3   0.260747   0.782240
Compute entities by key matching: number entities                           |     5   0.643170   3.215849
Compute entities of dim = 1                                                 |     2   1.104191   2.208382
Compute entities of dim = 2                                                 |     3   3.031475   9.094426
Compute ghost indices                                                       |     3   0.230162   0.690487
Compute graph partition (ParMETIS)                                          |     3   6.577945  19.733834
Compute local part of mesh dual graph (mixed)                               |     6   2.147232  12.883393
Compute local-to-local map                                                  |     3   0.035747   0.107242
Compute non-local part of mesh dual graph                                   |     3   0.661553   1.984658
Compute-local-to-global links for global/local adjacency list               |     3   0.040762   0.122287
Distribute fixed-degree adjacency list to destination ranks                 |     3   0.951798   2.855393
Distribute row-wise data (scalable)                                         |     3   0.123892   0.371677
Dofmap builder: build dofmap data                                           |     4   0.374826   1.499306
Dofmap builder: compute dof reordering map                                  |     4   0.027566   0.110263
Dofmap builder: get dofmap global indices                                   |     4   0.239550   0.958199
Dofmap builder: init dofmap from element dofmap                             |     4   0.122164   0.488657
Extend graph destination ranks for halo                                     |     2   2.307763   4.615525
GPS: create_level_structure                                                 |    13   0.125994   2.170813
Gibbs-Poole-Stockmeyer ordering                                             |     3   1.000152   3.000455
Init MPI                                                                    |     1   5.959758   5.959758
Init PETSc                                                                  |     1   0.077465   0.077465
Init logging                                                                |     1   0.000063   0.000063
PETSc Krylov solver                                                         |     1  20.664038  20.664038
PLAZA: Enforce rules                                                        |     2   0.089613   0.179227
PLAZA: refine                                                               |     2   1.733015   3.466029
ParMETIS: call ParMETIS_V3_PartKway                                         |     3   4.971070  14.913210
SparsityPattern::finalize                                                   |     1   1.590602   1.590602
Threaded part                                                               |     5   0.145992   0.729958
Topology: 0                                                                 |     3   0.000022   0.000065
Topology: 1                                                                 |     3   1.646377   4.939131
Topology: 2                                                                 |     3   0.007059   0.021177
Topology: 3                                                                 |     3   0.380594   1.141782
Topology: 4                                                                 |     3   0.369261   1.107784
Topology: 5                                                                 |     3   0.006970   0.020909
Topology: 6                                                                 |     3   0.058300   0.174901
Topology: 7                                                                 |     3   0.414460   1.243380
Topology: create                                                            |     3   2.764780   8.294339
Topology: determine shared index ownership                                  |     3   1.536816   4.610448
Topology: determine vertex ownership groups (owned, undetermined, unowned)  |     3   0.344990   1.034969
ZZZ Assemble                                                                |     1   7.953762   7.953762
ZZZ Assemble matrix                                                         |     1   2.804849   2.804849
ZZZ Assemble vector                                                         |     1   0.604345   0.604345
ZZZ Create Mesh                                                             |     1  51.775194  51.775194
ZZZ Create RHS function                                                     |     1   2.287077   2.287077
ZZZ Create boundary conditions                                              |     1   0.269884   0.269884
ZZZ Create facets and facet->cell connectivity                              |     1   7.984695   7.984695
ZZZ FunctionSpace                                                           |     1   0.812768   0.812768
ZZZ Solve                                                                   |     1  20.749977  20.749977
[Apply lifting]                                                             |     1   0.042077   0.042077
[Assemble Matrix]                                                           |     2   1.251908   2.503816
*** Number of Krylov iterations: 20
*** Solution norm:  3408.5
****************************************************************************************************************************************************************
***                                WIDEN YOUR WINDOW TO 160 CHARACTERS.  Use 'enscript -r -fCourier9' to print this document                                 ***
****************************************************************************************************************************************************************

------------------------------------------------------------------ PETSc Performance Summary: ------------------------------------------------------------------

/mnt/aiongpfs/users/jhale/performance-test/./build-dir/dolfinx-scaling-test on a  named aion-0085 with 512 processes, by jhale on Fri Jun 12 15:37:54 2026
Using PETSc Release Version 3.25.2, Jun 01, 2026

                         Max       Max/Min     Avg       Total
Time (sec):           8.892e+01     1.000   8.891e+01
Objects:              0.000e+00     0.000   0.000e+00
Flops:                4.619e+08     1.399   4.518e+08  2.313e+11
Flops/sec:            5.196e+06     1.399   5.082e+06  2.602e+09
MPI Msg Count:        5.850e+02     5.223   3.581e+02  1.834e+05
MPI Msg Len (bytes):  2.287e+07     2.601   4.839e+04  8.872e+09
MPI Reductions:       1.110e+02     1.000

Flop counting convention: 1 flop = 1 real number operation of type (multiply/divide/add/subtract)
                            e.g., VecAXPY() for real vectors of length N --> 2N flops
                            and VecAXPY() for complex vectors of length N --> 8N flops

Summary of Stages:   ----- Time ------  ----- Flop ------  --- Messages ---  -- Message Lengths --  -- Reductions --
                        Avg     %Total     Avg     %Total    Count   %Total     Avg         %Total    Count   %Total
 0:      Main Stage: 8.8910e+01 100.0%  2.3132e+11 100.0%  1.834e+05 100.0%  4.839e+04      100.0%  9.300e+01  83.8%

------------------------------------------------------------------------------------------------------------------------
See the 'Profiling' chapter of the users' manual for details on interpreting output.
Phase summary info:
   Count: number of times phase was executed
   Time and Flop: Max - maximum over all processes
                  Ratio - ratio of maximum to minimum over all processes
   Mess: number of messages sent
   AvgLen: average message length (bytes)
   Reduct: number of global reductions
   Global: entire computation
   Stage: stages of a computation. Set stages with PetscLogStagePush() and PetscLogStagePop().
      %T - percent time in this phase         %F - percent flop in this phase
      %M - percent messages in this phase     %L - percent message lengths in this phase
      %R - percent reductions in this phase
   Total Mflop/s: 1e-6 * (sum of flop over all processes)/(max time over all processes)
------------------------------------------------------------------------------------------------------------------------
Event                Count      Time (sec)     Flop                              --- Global ---  --- Stage ----  Total
                   Max Ratio  Max     Ratio   Max  Ratio  Mess   AvgLen  Reduct  %T %F %M %L %R  %T %F %M %L %R Mflop/s
------------------------------------------------------------------------------------------------------------------------

--- Event Stage 0: Main Stage

BuildTwoSided          5 1.0 9.8865e-01 44.3 0.00e+00 0.0 2.6e+04 8.0e+00 5.0e+00  0  0 14  0  5   0  0 14  0  5     0
BuildTwoSidedF         2 1.0 1.0079e+00 24.3 0.00e+00 0.0 1.3e+04 2.2e+05 2.0e+00  0  0  7 32  2   0  0  7 32  2     0
MatMult               20 1.0 1.3401e+00 1.2 2.96e+08 1.4 1.3e+05 4.2e+04 0.0e+00  1 64 71 61  0   1 64 71 61  0 110787
MatConvert             1 1.0 1.2620e+00 1.1 0.00e+00 0.0 0.0e+00 0.0e+00 2.0e+00  1  0  0  0  2   1  0  0  0  2     0
MatAssemblyBegin       5 1.0 1.1033e+00 7.6 0.00e+00 0.0 1.3e+04 2.2e+05 2.0e+00  1  0  7 32  2   1  0  7 32  2     0
MatAssemblyEnd         5 1.0 6.2674e-01 1.6 1.66e+05 2.5 1.3e+04 2.1e+04 5.0e+00  1  0  7  3  5   1  0  7  3  5   104
MatGetRowIJ            4 1.0 2.6090e-05 7.9 0.00e+00 0.0 0.0e+00 0.0e+00 0.0e+00  0  0  0  0  0   0  0  0  0  0     0
MatView                1 1.0 2.4722e-03 12.7 0.00e+00 0.0 0.0e+00 0.0e+00 1.0e+00  0  0  0  0  1   0  0  0  0  1     0
MatSetPreallCOO        2 1.0 4.9163e-01 1.5 0.00e+00 0.0 0.0e+00 0.0e+00 0.0e+00  1  0  0  0  0   1  0  0  0  0     0
MatSetValuesCOO        2 1.0 1.9557e-01 2.4 0.00e+00 0.0 0.0e+00 0.0e+00 0.0e+00  0  0  0  0  0   0  0  0  0  0     0
VecTDot               42 1.0 3.2658e-01 3.4 4.33e+07 1.4 0.0e+00 0.0e+00 4.2e+01  0  9  0  0 38   0  9  0  0 45 66013
VecNorm               21 1.0 2.0055e+00 347.5 2.17e+07 1.4 0.0e+00 0.0e+00 2.1e+01  1  5  0  0 19   1  5  0  0 23  5375
VecCopy                2 1.0 1.3143e-02 3.2 0.00e+00 0.0 0.0e+00 0.0e+00 0.0e+00  0  0  0  0  0   0  0  0  0  0     0
VecSet                22 1.0 6.2172e-02 3.0 0.00e+00 0.0 0.0e+00 0.0e+00 0.0e+00  0  0  0  0  0   0  0  0  0  0     0
VecAXPY               40 1.0 2.4121e-01 1.9 4.13e+07 1.4 0.0e+00 0.0e+00 0.0e+00  0  9  0  0  0   0  9  0  0  0 85121
VecAYPX               19 1.0 1.1425e-01 2.3 1.96e+07 1.4 0.0e+00 0.0e+00 0.0e+00  0  4  0  0  0   0  4  0  0  0 85363
VecScatterBegin       20 1.0 4.2462e-02 2.9 0.00e+00 0.0 1.3e+05 4.2e+04 0.0e+00  0  0 71 61  0   0  0 71 61  0     0
VecScatterEnd         20 1.0 3.5626e-01 166.4 0.00e+00 0.0 0.0e+00 0.0e+00 0.0e+00  0  0  0  0  0   0  0  0  0  0     0
SFSetGraph             3 1.0 2.6757e-03 3.6 0.00e+00 0.0 0.0e+00 0.0e+00 0.0e+00  0  0  0  0  0   0  0  0  0  0     0
SFSetUp                3 1.0 3.4946e-02 2.5 0.00e+00 0.0 3.9e+04 1.5e+04 3.0e+00  0  0 21  7  3   0  0 21  7  3     0
SFPack                20 1.0 3.8406e-02 3.0 0.00e+00 0.0 0.0e+00 0.0e+00 0.0e+00  0  0  0  0  0   0  0  0  0  0     0
SFUnpack              20 1.0 5.5080e-05 16.4 0.00e+00 0.0 0.0e+00 0.0e+00 0.0e+00  0  0  0  0  0   0  0  0  0  0     0
KSPSetUp               1 1.0 1.1665e-02 11.6 0.00e+00 0.0 0.0e+00 0.0e+00 0.0e+00  0  0  0  0  0   0  0  0  0  0     0
KSPSolve               1 1.0 1.5384e+01 1.0 4.22e+08 1.4 1.3e+05 4.2e+04 6.3e+01 17 91 71 61 57  17 91 71 61 68 13721
PCSetUp                1 1.0 5.2785e+00 1.0 0.00e+00 0.0 0.0e+00 0.0e+00 2.0e+00  6  0  0  0  2   6  0  0  0  2     0
PCApply               21 1.0 1.3580e+01 1.2 0.00e+00 0.0 0.0e+00 0.0e+00 0.0e+00 14  0  0  0  0  14  0  0  0  0     0
------------------------------------------------------------------------------------------------------------------------

Object Type          Creations   Destructions. Reports information only for process 0.

--- Event Stage 0: Main Stage

           Container     2              2
              Matrix     7              7
           Index Set     6              6
   IS L to G Mapping     2              2
              Vector    12             12
   Star Forest Graph     3              3
       Krylov Solver     1              1
      Preconditioner     1              1
              Viewer     1              1
========================================================================================================================
Average time to get PetscTime(): 3.6e-08
Average time for MPI_Barrier(): 1.6998e-05
Average time for zero size MPI_Send(): 3.06326e-06
#PETSc Option Table entries:
--ndofs 500000 # (source: command line)
--problem_type poisson # (source: command line)
--scaling_type weak # (source: command line)
-ksp_rtol 1.0e-8 # (source: command line)
-ksp_type cg # (source: command line)
-ksp_view # (source: command line)
-log_view # (source: command line)
-options_left # (source: command line)
-pc_hypre_boomeramg_agg_nl 4 # (source: command line)
-pc_hypre_boomeramg_agg_num_paths 2 # (source: command line)
-pc_hypre_boomeramg_strong_threshold 0.7 # (source: command line)
-pc_hypre_type boomeramg # (source: command line)
-pc_type hypre # (source: command line)
#End of PETSc Option Table entries
Compiled without FORTRAN kernels
Compiled with 64-bit PetscInt
Compiled with full precision matrices (default)
sizeof(short) 2 sizeof(int) 4 sizeof(long) 8 sizeof(void*) 8 sizeof(PetscScalar) 8 sizeof(PetscInt) 8
Configure options: --prefix=/mnt/aiongpfs/users/jhale/spack/opt/spack/linux-zen2/petsc-3.25.2-odiylyospx3cnz52ljb7gnwpxotuz4y2 --with-ssl=0 --download-c2html=0 --download-sowing=0 --download-hwloc=0 --with-make-exec=/mnt/aiongpfs/users/jhale/spack/opt/spack/linux-zen2/gmake-4.4.1-dy3lr4j3xz7ohrvmznvhy2cnv7qt5wue/bin/make --with-cc=/opt/apps/easybuild/systems/aion/rhel810-20250803/2023b/epyc/software/OpenMPI/4.1.6-GCC-13.2.0/bin/mpicc --with-cxx=/opt/apps/easybuild/systems/aion/rhel810-20250803/2023b/epyc/software/OpenMPI/4.1.6-GCC-13.2.0/bin/mpic++ --with-fc=/opt/apps/easybuild/systems/aion/rhel810-20250803/2023b/epyc/software/OpenMPI/4.1.6-GCC-13.2.0/bin/mpif90 --with-fortran-bindings=1 --with-precision=double --with-scalar-type=real --with-shared-libraries=1 --with-debugging=0 --with-openmp=0 --with-64-bit-indices=1 --with-blaslapack-lib=/mnt/aiongpfs/users/jhale/spack/opt/spack/linux-zen2/openblas-0.3.29-5klil5x2yeczk2ulskuwosvogqbikjuf/lib/libopenblas.so --with-x=0 --with-sycl=0 --with-clanguage=C --with-cuda=0 --with-hip=0 --with-metis=0 --with-hypre=1 --with-hypre-include=/mnt/aiongpfs/users/jhale/spack/opt/spack/linux-zen2/hypre-3.1.0-umdbbxdhvhmsrhehcygxa6dj7qdxyj3h/include --with-hypre-lib=/mnt/aiongpfs/users/jhale/spack/opt/spack/linux-zen2/hypre-3.1.0-umdbbxdhvhmsrhehcygxa6dj7qdxyj3h/lib64/libHYPRE.so --with-parmetis=0 --with-kokkos=0 --with-kokkos-kernels=0 --with-superlu_dist=1 --with-superlu_dist-include=/mnt/aiongpfs/users/jhale/spack/opt/spack/linux-zen2/superlu-dist-9.2.1-nonyvz7ppfz24rp6szh3z6wm2cqyseqz/include --with-superlu_dist-lib=/mnt/aiongpfs/users/jhale/spack/opt/spack/linux-zen2/superlu-dist-9.2.1-nonyvz7ppfz24rp6szh3z6wm2cqyseqz/lib/libsuperlu_dist.so --with-ptscotch=0 --with-suitesparse=0 --with-hdf5=0 --with-zlib=0 --with-mumps=1 --with-mumps-include=/mnt/aiongpfs/users/jhale/spack/opt/spack/linux-zen2/mumps-5.9.0-c5uszlbk4oysjbgdl6u466woj63act32/include --with-mumps-lib="/mnt/aiongpfs/users/jhale/spack/opt/spack/linux-zen2/mumps-5.9.0-c5uszlbk4oysjbgdl6u466woj63act32/lib/libcmumps.so /mnt/aiongpfs/users/jhale/spack/opt/spack/linux-zen2/mumps-5.9.0-c5uszlbk4oysjbgdl6u466woj63act32/lib/libdmumps.so /mnt/aiongpfs/users/jhale/spack/opt/spack/linux-zen2/mumps-5.9.0-c5uszlbk4oysjbgdl6u466woj63act32/lib/libsmumps.so /mnt/aiongpfs/users/jhale/spack/opt/spack/linux-zen2/mumps-5.9.0-c5uszlbk4oysjbgdl6u466woj63act32/lib/libzmumps.so /mnt/aiongpfs/users/jhale/spack/opt/spack/linux-zen2/mumps-5.9.0-c5uszlbk4oysjbgdl6u466woj63act32/lib/libmumps_common.so /mnt/aiongpfs/users/jhale/spack/opt/spack/linux-zen2/mumps-5.9.0-c5uszlbk4oysjbgdl6u466woj63act32/lib/libpord.so" --with-fftw=0 --with-valgrind=0 --with-gmp=0 --with-libpng=0 --with-giflib=0 --with-mpfr=0 --with-netcdf=0 --with-pnetcdf=0 --with-moab=0 --with-random123=0 --with-cgns=0 --with-memkind=0 --with-p4est=0 --with-saws=0 --with-yaml=0 --with-hwloc=0 --with-libjpeg=0 --with-scalapack=1 --with-scalapack-lib=/mnt/aiongpfs/users/jhale/spack/opt/spack/linux-zen2/netlib-scalapack-2.2.3-qkioui5ffbcv7zmlyjhofw44jmgx32sc/lib64/libscalapack.so --with-strumpack=0 --with-mmg=0 --with-parmmg=0 --with-tetgen=0 --with-trilinos=0 --with-trilinos=0 --with-trilinos=0 --with-cudac=0 --with-hipc=0
-----------------------------------------
Libraries compiled on 2026-06-12 13:19:19 on aion-0248
Machine characteristics: Linux-4.18.0-553.129.1.el8_10.x86_64-x86_64-with-glibc2.28
Using PETSc directory: /mnt/aiongpfs/users/jhale/spack/opt/spack/linux-zen2/petsc-3.25.2-odiylyospx3cnz52ljb7gnwpxotuz4y2
Using PETSc arch: 
-----------------------------------------

Using C compiler: /opt/apps/easybuild/systems/aion/rhel810-20250803/2023b/epyc/software/OpenMPI/4.1.6-GCC-13.2.0/bin/mpicc  -fPIC -Wall -Wwrite-strings -Wno-unknown-pragmas -Wno-lto-type-mismatch -Wno-stringop-overflow -fstack-protector -fvisibility=hidden -g -O 
Using Fortran compiler: /opt/apps/easybuild/systems/aion/rhel810-20250803/2023b/epyc/software/OpenMPI/4.1.6-GCC-13.2.0/bin/mpif90  -fPIC -Wall -ffree-line-length-none -ffree-line-length-0 -Wno-lto-type-mismatch -Wno-unused-dummy-argument -g -O   
-----------------------------------------

Using include paths: -I/mnt/aiongpfs/users/jhale/spack/opt/spack/linux-zen2/petsc-3.25.2-odiylyospx3cnz52ljb7gnwpxotuz4y2/include -I/mnt/aiongpfs/users/jhale/spack/opt/spack/linux-zen2/hypre-3.1.0-umdbbxdhvhmsrhehcygxa6dj7qdxyj3h/include -I/mnt/aiongpfs/users/jhale/spack/opt/spack/linux-zen2/mumps-5.9.0-c5uszlbk4oysjbgdl6u466woj63act32/include -I/mnt/aiongpfs/users/jhale/spack/opt/spack/linux-zen2/superlu-dist-9.2.1-nonyvz7ppfz24rp6szh3z6wm2cqyseqz/include
-----------------------------------------

Using C linker: /opt/apps/easybuild/systems/aion/rhel810-20250803/2023b/epyc/software/OpenMPI/4.1.6-GCC-13.2.0/bin/mpicc
Using Fortran linker: /opt/apps/easybuild/systems/aion/rhel810-20250803/2023b/epyc/software/OpenMPI/4.1.6-GCC-13.2.0/bin/mpif90
Using libraries: -Wl,-rpath,/mnt/aiongpfs/users/jhale/spack/opt/spack/linux-zen2/petsc-3.25.2-odiylyospx3cnz52ljb7gnwpxotuz4y2/lib -L/mnt/aiongpfs/users/jhale/spack/opt/spack/linux-zen2/petsc-3.25.2-odiylyospx3cnz52ljb7gnwpxotuz4y2/lib -lpetsc -Wl,-rpath,/mnt/aiongpfs/users/jhale/spack/opt/spack/linux-zen2/hypre-3.1.0-umdbbxdhvhmsrhehcygxa6dj7qdxyj3h/lib64 -L/mnt/aiongpfs/users/jhale/spack/opt/spack/linux-zen2/hypre-3.1.0-umdbbxdhvhmsrhehcygxa6dj7qdxyj3h/lib64 -Wl,-rpath,/mnt/aiongpfs/users/jhale/spack/opt/spack/linux-zen2/mumps-5.9.0-c5uszlbk4oysjbgdl6u466woj63act32/lib -L/mnt/aiongpfs/users/jhale/spack/opt/spack/linux-zen2/mumps-5.9.0-c5uszlbk4oysjbgdl6u466woj63act32/lib -Wl,-rpath,/mnt/aiongpfs/users/jhale/spack/opt/spack/linux-zen2/netlib-scalapack-2.2.3-qkioui5ffbcv7zmlyjhofw44jmgx32sc/lib64 -L/mnt/aiongpfs/users/jhale/spack/opt/spack/linux-zen2/netlib-scalapack-2.2.3-qkioui5ffbcv7zmlyjhofw44jmgx32sc/lib64 -Wl,-rpath,/mnt/aiongpfs/users/jhale/spack/opt/spack/linux-zen2/superlu-dist-9.2.1-nonyvz7ppfz24rp6szh3z6wm2cqyseqz/lib -L/mnt/aiongpfs/users/jhale/spack/opt/spack/linux-zen2/superlu-dist-9.2.1-nonyvz7ppfz24rp6szh3z6wm2cqyseqz/lib -Wl,-rpath,/mnt/aiongpfs/users/jhale/spack/opt/spack/linux-zen2/openblas-0.3.29-5klil5x2yeczk2ulskuwosvogqbikjuf/lib -L/mnt/aiongpfs/users/jhale/spack/opt/spack/linux-zen2/openblas-0.3.29-5klil5x2yeczk2ulskuwosvogqbikjuf/lib -Wl,-rpath,/opt/apps/easybuild/systems/aion/rhel810-20250803/2023b/epyc/software/OpenMPI/4.1.6-GCC-13.2.0/lib -L/opt/apps/easybuild/systems/aion/rhel810-20250803/2023b/epyc/software/OpenMPI/4.1.6-GCC-13.2.0/lib -Wl,-rpath,/opt/apps/easybuild/systems/aion/rhel810-20250803/2023b/epyc/software/hwloc/2.9.2-GCCcore-13.2.0/lib -L/opt/apps/easybuild/systems/aion/rhel810-20250803/2023b/epyc/software/hwloc/2.9.2-GCCcore-13.2.0/lib -Wl,-rpath,/opt/apps/easybuild/systems/aion/rhel810-20250803/2023b/epyc/software/libevent/2.1.12-GCCcore-13.2.0/lib -L/opt/apps/easybuild/systems/aion/rhel810-20250803/2023b/epyc/software/libevent/2.1.12-GCCcore-13.2.0/lib -Wl,-rpath,/mnt/aiongpfs/apps/easybuild/systems/aion/rhel810-20251006/2023b/epyc/software/GCCcore/13.2.0/lib/gcc/x86_64-pc-linux-gnu/13.2.0 -L/mnt/aiongpfs/apps/easybuild/systems/aion/rhel810-20251006/2023b/epyc/software/GCCcore/13.2.0/lib/gcc/x86_64-pc-linux-gnu/13.2.0 -Wl,-rpath,/mnt/aiongpfs/apps/easybuild/systems/aion/rhel810-20251006/2023b/epyc/software/GCCcore/13.2.0/lib/gcc -L/mnt/aiongpfs/apps/easybuild/systems/aion/rhel810-20251006/2023b/epyc/software/GCCcore/13.2.0/lib/gcc -Wl,-rpath,/opt/apps/easybuild/systems/aion/rhel810-20250803/2023b/epyc/software/binutils/2.40-GCCcore-13.2.0/lib64 -L/opt/apps/easybuild/systems/aion/rhel810-20250803/2023b/epyc/software/binutils/2.40-GCCcore-13.2.0/lib64 -Wl,-rpath,/opt/apps/easybuild/systems/aion/rhel810-20250803/2023b/epyc/software/OpenMPI/4.1.6-GCC-13.2.0/lib64 -L/opt/apps/easybuild/systems/aion/rhel810-20250803/2023b/epyc/software/OpenMPI/4.1.6-GCC-13.2.0/lib64 -Wl,-rpath,/opt/apps/easybuild/systems/aion/rhel810-20250803/2023b/epyc/software/UCC/1.2.0-GCCcore-13.2.0/lib64 -L/opt/apps/easybuild/systems/aion/rhel810-20250803/2023b/epyc/software/UCC/1.2.0-GCCcore-13.2.0/lib64 -Wl,-rpath,/opt/apps/easybuild/systems/aion/rhel810-20250803/2023b/epyc/software/PMIx/4.2.6-GCCcore-13.2.0/lib64 -L/opt/apps/easybuild/systems/aion/rhel810-20250803/2023b/epyc/software/PMIx/4.2.6-GCCcore-13.2.0/lib64 -Wl,-rpath,/opt/apps/easybuild/systems/aion/rhel810-20250803/2023b/epyc/software/libfabric/1.19.0-GCCcore-13.2.0/lib64 -L/opt/apps/easybuild/systems/aion/rhel810-20250803/2023b/epyc/software/libfabric/1.19.0-GCCcore-13.2.0/lib64 -Wl,-rpath,/opt/apps/easybuild/systems/aion/rhel810-20250803/2023b/epyc/software/UCX/1.15.0-GCCcore-13.2.0/lib64 -L/opt/apps/easybuild/systems/aion/rhel810-20250803/2023b/epyc/software/UCX/1.15.0-GCCcore-13.2.0/lib64 -Wl,-rpath,/opt/apps/easybuild/systems/aion/rhel810-20250803/2023b/epyc/software/libevent/2.1.12-GCCcore-13.2.0/lib64 -L/opt/apps/easybuild/systems/aion/rhel810-20250803/2023b/epyc/software/libevent/2.1.12-GCCcore-13.2.0/lib64 -Wl,-rpath,/opt/apps/easybuild/systems/aion/rhel810-20250803/2023b/epyc/software/OpenSSL/1.1/lib64 -L/opt/apps/easybuild/systems/aion/rhel810-20250803/2023b/epyc/software/OpenSSL/1.1/lib64 -Wl,-rpath,/opt/apps/easybuild/systems/aion/rhel810-20250803/2023b/epyc/software/hwloc/2.9.2-GCCcore-13.2.0/lib64 -L/opt/apps/easybuild/systems/aion/rhel810-20250803/2023b/epyc/software/hwloc/2.9.2-GCCcore-13.2.0/lib64 -Wl,-rpath,/opt/apps/easybuild/systems/aion/rhel810-20250803/2023b/epyc/software/libpciaccess/0.17-GCCcore-13.2.0/lib64 -L/opt/apps/easybuild/systems/aion/rhel810-20250803/2023b/epyc/software/libpciaccess/0.17-GCCcore-13.2.0/lib64 -Wl,-rpath,/opt/apps/easybuild/systems/aion/rhel810-20250803/2023b/epyc/software/numactl/2.0.16-GCCcore-13.2.0/lib64 -L/opt/apps/easybuild/systems/aion/rhel810-20250803/2023b/epyc/software/numactl/2.0.16-GCCcore-13.2.0/lib64 -Wl,-rpath,/opt/apps/easybuild/systems/aion/rhel810-20250803/2023b/epyc/software/zlib/1.2.13-GCCcore-13.2.0/lib64 -L/opt/apps/easybuild/systems/aion/rhel810-20250803/2023b/epyc/software/zlib/1.2.13-GCCcore-13.2.0/lib64 -Wl,-rpath,/opt/apps/easybuild/systems/aion/rhel810-20250803/2023b/epyc/software/libxml2/2.11.5-GCCcore-13.2.0/lib64 -L/opt/apps/easybuild/systems/aion/rhel810-20250803/2023b/epyc/software/libxml2/2.11.5-GCCcore-13.2.0/lib64 -Wl,-rpath,/opt/apps/easybuild/systems/aion/rhel810-20250803/2023b/epyc/software/XZ/5.4.4-GCCcore-13.2.0/lib64 -L/opt/apps/easybuild/systems/aion/rhel810-20250803/2023b/epyc/software/XZ/5.4.4-GCCcore-13.2.0/lib64 -Wl,-rpath,/mnt/aiongpfs/apps/easybuild/systems/aion/rhel810-20251006/2023b/epyc/software/GCCcore/13.2.0/lib64 -L/mnt/aiongpfs/apps/easybuild/systems/aion/rhel810-20251006/2023b/epyc/software/GCCcore/13.2.0/lib64 -Wl,-rpath,/opt/apps/easybuild/systems/aion/rhel810-20250803/2023b/epyc/software/binutils/2.40-GCCcore-13.2.0/lib -L/opt/apps/easybuild/systems/aion/rhel810-20250803/2023b/epyc/software/binutils/2.40-GCCcore-13.2.0/lib -Wl,-rpath,/opt/apps/easybuild/systems/aion/rhel810-20250803/2023b/epyc/software/UCC/1.2.0-GCCcore-13.2.0/lib -L/opt/apps/easybuild/systems/aion/rhel810-20250803/2023b/epyc/software/UCC/1.2.0-GCCcore-13.2.0/lib -Wl,-rpath,/opt/apps/easybuild/systems/aion/rhel810-20250803/2023b/epyc/software/PMIx/4.2.6-GCCcore-13.2.0/lib -L/opt/apps/easybuild/systems/aion/rhel810-20250803/2023b/epyc/software/PMIx/4.2.6-GCCcore-13.2.0/lib -Wl,-rpath,/opt/apps/easybuild/systems/aion/rhel810-20250803/2023b/epyc/software/libfabric/1.19.0-GCCcore-13.2.0/lib -L/opt/apps/easybuild/systems/aion/rhel810-20250803/2023b/epyc/software/libfabric/1.19.0-GCCcore-13.2.0/lib -Wl,-rpath,/opt/apps/easybuild/systems/aion/rhel810-20250803/2023b/epyc/software/UCX/1.15.0-GCCcore-13.2.0/lib -L/opt/apps/easybuild/systems/aion/rhel810-20250803/2023b/epyc/software/UCX/1.15.0-GCCcore-13.2.0/lib -Wl,-rpath,/opt/apps/easybuild/systems/aion/rhel810-20250803/2023b/epyc/software/libpciaccess/0.17-GCCcore-13.2.0/lib -L/opt/apps/easybuild/systems/aion/rhel810-20250803/2023b/epyc/software/libpciaccess/0.17-GCCcore-13.2.0/lib -Wl,-rpath,/opt/apps/easybuild/systems/aion/rhel810-20250803/2023b/epyc/software/numactl/2.0.16-GCCcore-13.2.0/lib -L/opt/apps/easybuild/systems/aion/rhel810-20250803/2023b/epyc/software/numactl/2.0.16-GCCcore-13.2.0/lib -Wl,-rpath,/opt/apps/easybuild/systems/aion/rhel810-20250803/2023b/epyc/software/zlib/1.2.13-GCCcore-13.2.0/lib -L/opt/apps/easybuild/systems/aion/rhel810-20250803/2023b/epyc/software/zlib/1.2.13-GCCcore-13.2.0/lib -Wl,-rpath,/opt/apps/easybuild/systems/aion/rhel810-20250803/2023b/epyc/software/libxml2/2.11.5-GCCcore-13.2.0/lib -L/opt/apps/easybuild/systems/aion/rhel810-20250803/2023b/epyc/software/libxml2/2.11.5-GCCcore-13.2.0/lib -Wl,-rpath,/opt/apps/easybuild/systems/aion/rhel810-20250803/2023b/epyc/software/XZ/5.4.4-GCCcore-13.2.0/lib -L/opt/apps/easybuild/systems/aion/rhel810-20250803/2023b/epyc/software/XZ/5.4.4-GCCcore-13.2.0/lib -Wl,-rpath,/mnt/aiongpfs/apps/easybuild/systems/aion/rhel810-20251006/2023b/epyc/software/GCCcore/13.2.0/lib -L/mnt/aiongpfs/apps/easybuild/systems/aion/rhel810-20251006/2023b/epyc/software/GCCcore/13.2.0/lib -lHYPRE -lcmumps -ldmumps -lsmumps -lzmumps -lmumps_common -lpord -lscalapack -lsuperlu_dist -lopenblas -lpthread -lm -ldl -lmpi_usempif08 -lmpi_usempi_ignore_tkr -lmpi_mpifh -lmpi -lgfortran -lm -lgfortran -lm -lgcc_s -lquadmath -lstdc++ -lquadmath -ldl
-----------------------------------------

WARNING! There are options you set that were not used!
WARNING! could be spelling mistake, etc!
There are 3 unused database options. They are:
Option left: name:--ndofs value: 500000 source: command line
Option left: name:--problem_type value: poisson source: command line
Option left: name:--scaling_type value: weak source: command line
srun: Received task exit notification for 8 tasks of StepId=13008416.0 (status=0x0000).
srun: aion-0087: tasks 135,144,166,181,185-186,190-191: Completed
srun: Received task exit notification for 64 tasks of StepId=13008416.0 (status=0x0000).
srun: aion-0085: tasks 0-63: Completed
srun: Received task exit notification for 64 tasks of StepId=13008416.0 (status=0x0000).
srun: aion-0100: tasks 448-511: Completed
srun: Received task exit notification for 64 tasks of StepId=13008416.0 (status=0x0000).
srun: aion-0086: tasks 64-127: Completed
srun: Received task exit notification for 64 tasks of StepId=13008416.0 (status=0x0000).
srun: aion-0098: tasks 320-383: Completed
srun: Received task exit notification for 56 tasks of StepId=13008416.0 (status=0x0000).
srun: aion-0087: tasks 128-134,136-143,145-165,167-180,182-184,187-189: Completed
srun: Received task exit notification for 64 tasks of StepId=13008416.0 (status=0x0000).
srun: aion-0088: tasks 192-255: Completed
srun: Received task exit notification for 64 tasks of StepId=13008416.0 (status=0x0000).
srun: aion-0097: tasks 256-319: Completed
srun: Received task exit notification for 64 tasks of StepId=13008416.0 (status=0x0000).
srun: aion-0099: tasks 384-447: Completed
== Finished at Fri Jun 12 15:37:56 CEST 2026
